# JRE version: OpenJDK Runtime Environment (7.0_95) (build 1.7.0_95-b00)
# Java VM: OpenJDK 64-Bit Server VM (24.95-b01 mixed mode linux-amd64 compressed oops)
Heap
 PSYoungGen      total 486912K, used 96K [0x00000007d6a80000, 0x00000007fa500000, 0x0000000800000000)
  eden space 459264K, 0% used [0x00000007d6a80000,0x00000007d6a80000,0x00000007f2b00000)
  from space 27648K, 0% used [0x00000007f8a00000,0x00000007f8a18000,0x00000007fa500000)
  to   space 28672K, 0% used [0x00000007f6d00000,0x00000007f6d00000,0x00000007f8900000)
 ParOldGen       total 84480K, used 67832K [0x0000000784000000, 0x0000000789280000, 0x00000007d6a80000)
  object space 84480K, 80% used [0x0000000784000000,0x000000078823e180,0x0000000789280000)
 PSPermGen       total 21504K, used 7648K [0x0000000779a00000, 0x000000077af00000, 0x0000000784000000)
  object space 21504K, 35% used [0x0000000779a00000,0x000000077a178378,0x000000077af00000)
GC Heap History (10 events):
Event: 84.082 GC heap after
Heap after GC invocations=15 (full 0):
 PSYoungGen      total 556544K, used 32K [0x00000007d6a80000, 0x00000007fe080000, 0x0000000800000000)
  eden space 556032K, 0% used [0x00000007d6a80000,0x00000007d6a80000,0x00000007f8980000)
  from space 512K, 6% used [0x00000007fa400000,0x00000007fa408000,0x00000007fa480000)
  to   space 31744K, 0% used [0x00000007fc180000,0x00000007fc180000,0x00000007fe080000)
 ParOldGen       total 84480K, used 67760K [0x0000000784000000, 0x0000000789280000, 0x00000007d6a80000)
  object space 84480K, 80% used [0x0000000784000000,0x000000078822c180,0x0000000789280000)
 PSPermGen       total 21504K, used 7648K [0x0000000779a00000, 0x000000077af00000, 0x0000000784000000)
  object space 21504K, 35% used [0x0000000779a00000,0x000000077a178138,0x000000077af00000)
}
Event: 99.863 GC heap before
{Heap before GC invocations=16 (full 0):
 PSYoungGen      total 556544K, used 556064K [0x00000007d6a80000, 0x00000007fe080000, 0x0000000800000000)
  eden space 556032K, 100% used [0x00000007d6a80000,0x00000007f8980000,0x00000007f8980000)
  from space 512K, 6% used [0x00000007fa400000,0x00000007fa408000,0x00000007fa480000)
  to   space 31744K, 0% used [0x00000007fc180000,0x00000007fc180000,0x00000007fe080000)
 ParOldGen       total 84480K, used 67760K [0x0000000784000000, 0x0000000789280000, 0x00000007d6a80000)
  object space 84480K, 80% used [0x0000000784000000,0x000000078822c180,0x0000000789280000)
 PSPermGen       total 21504K, used 7648K [0x0000000779a00000, 0x000000077af00000, 0x0000000784000000)
  object space 21504K, 35% used [0x0000000779a00000,0x000000077a178138,0x000000077af00000)
Event: 99.864 GC heap after
Heap after GC invocations=16 (full 0):
 PSYoungGen      total 530432K, used 64K [0x00000007d6a80000, 0x00000007fc200000, 0x0000000800000000)
  eden space 529920K, 0% used [0x00000007d6a80000,0x00000007d6a80000,0x00000007f7000000)
  from space 512K, 12% used [0x00000007fc180000,0x00000007fc190000,0x00000007fc200000)
  to   space 30720K, 0% used [0x00000007f8600000,0x00000007f8600000,0x00000007fa400000)
 ParOldGen       total 84480K, used 67776K [0x0000000784000000, 0x0000000789280000, 0x00000007d6a80000)
  object space 84480K, 80% used [0x0000000784000000,0x0000000788230180,0x0000000789280000)
 PSPermGen       total 21504K, used 7648K [0x0000000779a00000, 0x000000077af00000, 0x0000000784000000)
  object space 21504K, 35% used [0x0000000779a00000,0x000000077a178138,0x000000077af00000)
}
Event: 114.371 GC heap before
{Heap before GC invocations=17 (full 0):
 PSYoungGen      total 530432K, used 529984K [0x00000007d6a80000, 0x00000007fc200000, 0x0000000800000000)
  eden space 529920K, 100% used [0x00000007d6a80000,0x00000007f7000000,0x00000007f7000000)
  from space 512K, 12% used [0x00000007fc180000,0x00000007fc190000,0x00000007fc200000)
  to   space 30720K, 0% used [0x00000007f8600000,0x00000007f8600000,0x00000007fa400000)
 ParOldGen       total 84480K, used 67776K [0x0000000784000000, 0x0000000789280000, 0x00000007d6a80000)
  object space 84480K, 80% used [0x0000000784000000,0x0000000788230180,0x0000000789280000)
 PSPermGen       total 21504K, used 7648K [0x0000000779a00000, 0x000000077af00000, 0x0000000784000000)
  object space 21504K, 35% used [0x0000000779a00000,0x000000077a178138,0x000000077af00000)
Event: 114.372 GC heap after
Heap after GC invocations=17 (full 0):
 PSYoungGen      total 536064K, used 32K [0x00000007d6a80000, 0x00000007fc200000, 0x0000000800000000)
  eden space 505344K, 0% used [0x00000007d6a80000,0x00000007d6a80000,0x00000007f5800000)
  from space 30720K, 0% used [0x00000007f8600000,0x00000007f8608000,0x00000007fa400000)
  to   space 30208K, 0% used [0x00000007fa480000,0x00000007fa480000,0x00000007fc200000)
 ParOldGen       total 84480K, used 67784K [0x0000000784000000, 0x0000000789280000, 0x00000007d6a80000)
  object space 84480K, 80% used [0x0000000784000000,0x0000000788232180,0x0000000789280000)
 PSPermGen       total 21504K, used 7648K [0x0000000779a00000, 0x000000077af00000, 0x0000000784000000)
  object space 21504K, 35% used [0x0000000779a00000,0x000000077a178138,0x000000077af00000)
}
Event: 130.016 GC heap before
{Heap before GC invocations=18 (full 0):
 PSYoungGen      total 536064K, used 505376K [0x00000007d6a80000, 0x00000007fc200000, 0x0000000800000000)
  eden space 505344K, 100% used [0x00000007d6a80000,0x00000007f5800000,0x00000007f5800000)
  from space 30720K, 0% used [0x00000007f8600000,0x00000007f8608000,0x00000007fa400000)
  to   space 30208K, 0% used [0x00000007fa480000,0x00000007fa480000,0x00000007fc200000)
 ParOldGen       total 84480K, used 67784K [0x0000000784000000, 0x0000000789280000, 0x00000007d6a80000)
  object space 84480K, 80% used [0x0000000784000000,0x0000000788232180,0x0000000789280000)
 PSPermGen       total 21504K, used 7648K [0x0000000779a00000, 0x000000077af00000, 0x0000000784000000)
  object space 21504K, 35% used [0x0000000779a00000,0x000000077a178138,0x000000077af00000)
Event: 130.018 GC heap after
Heap after GC invocations=18 (full 0):
 PSYoungGen      total 482304K, used 64K [0x00000007d6a80000, 0x00000007fa500000, 0x0000000800000000)
  eden space 481792K, 0% used [0x00000007d6a80000,0x00000007d6a80000,0x00000007f4100000)
  from space 512K, 12% used [0x00000007fa480000,0x00000007fa490000,0x00000007fa500000)
  to   space 28672K, 0% used [0x00000007f6d00000,0x00000007f6d00000,0x00000007f8900000)
 ParOldGen       total 84480K, used 67800K [0x0000000784000000, 0x0000000789280000, 0x00000007d6a80000)
  object space 84480K, 80% used [0x0000000784000000,0x0000000788236180,0x0000000789280000)
 PSPermGen       total 21504K, used 7648K [0x0000000779a00000, 0x000000077af00000, 0x0000000784000000)
  object space 21504K, 35% used [0x0000000779a00000,0x000000077a178138,0x000000077af00000)
}
Event: 144.413 GC heap before
{Heap before GC invocations=19 (full 0):
 PSYoungGen      total 482304K, used 481856K [0x00000007d6a80000, 0x00000007fa500000, 0x0000000800000000)
  eden space 481792K, 100% used [0x00000007d6a80000,0x00000007f4100000,0x00000007f4100000)
  from space 512K, 12% used [0x00000007fa480000,0x00000007fa490000,0x00000007fa500000)
  to   space 28672K, 0% used [0x00000007f6d00000,0x00000007f6d00000,0x00000007f8900000)
 ParOldGen       total 84480K, used 67800K [0x0000000784000000, 0x0000000789280000, 0x00000007d6a80000)
  object space 84480K, 80% used [0x0000000784000000,0x0000000788236180,0x0000000789280000)
 PSPermGen       total 21504K, used 7648K [0x0000000779a00000, 0x000000077af00000, 0x0000000784000000)
  object space 21504K, 35% used [0x0000000779a00000,0x000000077a178378,0x000000077af00000)
Event: 144.413 GC heap after
Heap after GC invocations=19 (full 0):
 PSYoungGen      total 487936K, used 64K [0x00000007d6a80000, 0x00000007fa500000, 0x0000000800000000)
  eden space 459264K, 0% used [0x00000007d6a80000,0x00000007d6a80000,0x00000007f2b00000)
  from space 28672K, 0% used [0x00000007f6d00000,0x00000007f6d10000,0x00000007f8900000)
  to   space 27648K, 0% used [0x00000007f8a00000,0x00000007f8a00000,0x00000007fa500000)
 ParOldGen       total 84480K, used 67816K [0x0000000784000000, 0x0000000789280000, 0x00000007d6a80000)
  object space 84480K, 80% used [0x0000000784000000,0x000000078823a180,0x0000000789280000)
 PSPermGen       total 21504K, used 7648K [0x0000000779a00000, 0x000000077af00000, 0x0000000784000000)
  object space 21504K, 35% used [0x0000000779a00000,0x000000077a178378,0x000000077af00000)
}
Event: 178.217 GC heap before
{Heap before GC invocations=20 (full 0):
 PSYoungGen      total 487936K, used 459328K [0x00000007d6a80000, 0x00000007fa500000, 0x0000000800000000)
  eden space 459264K, 100% used [0x00000007d6a80000,0x00000007f2b00000,0x00000007f2b00000)
  from space 28672K, 0% used [0x00000007f6d00000,0x00000007f6d10000,0x00000007f8900000)
  to   space 27648K, 0% used [0x00000007f8a00000,0x00000007f8a00000,0x00000007fa500000)
 ParOldGen       total 84480K, used 67816K [0x0000000784000000, 0x0000000789280000, 0x00000007d6a80000)
  object space 84480K, 80% used [0x0000000784000000,0x000000078823a180,0x0000000789280000)
 PSPermGen       total 21504K, used 7648K [0x0000000779a00000, 0x000000077af00000, 0x0000000784000000)
  object space 21504K, 35% used [0x0000000779a00000,0x000000077a178378,0x000000077af00000)

