# JRE version: OpenJDK Runtime Environment (7.0_95) (build 1.7.0_95-b00)
# Java VM: OpenJDK 64-Bit Server VM (24.95-b01 mixed mode linux-amd64 compressed oops)
Heap
 PSYoungGen      total 490496K, used 64K [0x00000007d6a80000, 0x00000007fa880000, 0x0000000800000000)
  eden space 462336K, 0% used [0x00000007d6a80000,0x00000007d6a80000,0x00000007f2e00000)
  from space 28160K, 0% used [0x00000007f8d00000,0x00000007f8d10000,0x00000007fa880000)
  to   space 29184K, 0% used [0x00000007f6f80000,0x00000007f6f80000,0x00000007f8c00000)
 ParOldGen       total 84480K, used 59057K [0x0000000784000000, 0x0000000789280000, 0x00000007d6a80000)
  object space 84480K, 69% used [0x0000000784000000,0x00000007879ac460,0x0000000789280000)
 PSPermGen       total 21504K, used 7660K [0x0000000779a00000, 0x000000077af00000, 0x0000000784000000)
  object space 21504K, 35% used [0x0000000779a00000,0x000000077a17b150,0x000000077af00000)
GC Heap History (10 events):
Event: 72.759 GC heap after
Heap after GC invocations=13 (full 0):
 PSYoungGen      total 560128K, used 64K [0x00000007d6a80000, 0x00000007fe280000, 0x0000000800000000)
  eden space 559616K, 0% used [0x00000007d6a80000,0x00000007d6a80000,0x00000007f8d00000)
  from space 512K, 12% used [0x00000007fa800000,0x00000007fa810000,0x00000007fa880000)
  to   space 30720K, 0% used [0x00000007fc480000,0x00000007fc480000,0x00000007fe280000)
 ParOldGen       total 84480K, used 58961K [0x0000000784000000, 0x0000000789280000, 0x00000007d6a80000)
  object space 84480K, 69% used [0x0000000784000000,0x0000000787994760,0x0000000789280000)
 PSPermGen       total 21504K, used 7659K [0x0000000779a00000, 0x000000077af00000, 0x0000000784000000)
  object space 21504K, 35% used [0x0000000779a00000,0x000000077a17af10,0x000000077af00000)
}
Event: 86.386 GC heap before
{Heap before GC invocations=14 (full 0):
 PSYoungGen      total 560128K, used 559680K [0x00000007d6a80000, 0x00000007fe280000, 0x0000000800000000)
  eden space 559616K, 100% used [0x00000007d6a80000,0x00000007f8d00000,0x00000007f8d00000)
  from space 512K, 12% used [0x00000007fa800000,0x00000007fa810000,0x00000007fa880000)
  to   space 30720K, 0% used [0x00000007fc480000,0x00000007fc480000,0x00000007fe280000)
 ParOldGen       total 84480K, used 58961K [0x0000000784000000, 0x0000000789280000, 0x00000007d6a80000)
  object space 84480K, 69% used [0x0000000784000000,0x0000000787994760,0x0000000789280000)
 PSPermGen       total 21504K, used 7659K [0x0000000779a00000, 0x000000077af00000, 0x0000000784000000)
  object space 21504K, 35% used [0x0000000779a00000,0x000000077a17af10,0x000000077af00000)
Event: 86.386 GC heap after
Heap after GC invocations=14 (full 0):
 PSYoungGen      total 534016K, used 64K [0x00000007d6a80000, 0x00000007fc500000, 0x0000000800000000)
  eden space 533504K, 0% used [0x00000007d6a80000,0x00000007d6a80000,0x00000007f7380000)
  from space 512K, 12% used [0x00000007fc480000,0x00000007fc490000,0x00000007fc500000)
  to   space 30720K, 0% used [0x00000007f8900000,0x00000007f8900000,0x00000007fa700000)
 ParOldGen       total 84480K, used 58985K [0x0000000784000000, 0x0000000789280000, 0x00000007d6a80000)
  object space 84480K, 69% used [0x0000000784000000,0x000000078799a760,0x0000000789280000)
 PSPermGen       total 21504K, used 7659K [0x0000000779a00000, 0x000000077af00000, 0x0000000784000000)
  object space 21504K, 35% used [0x0000000779a00000,0x000000077a17af10,0x000000077af00000)
}
Event: 99.513 GC heap before
{Heap before GC invocations=15 (full 0):
 PSYoungGen      total 534016K, used 533568K [0x00000007d6a80000, 0x00000007fc500000, 0x0000000800000000)
  eden space 533504K, 100% used [0x00000007d6a80000,0x00000007f7380000,0x00000007f7380000)
  from space 512K, 12% used [0x00000007fc480000,0x00000007fc490000,0x00000007fc500000)
  to   space 30720K, 0% used [0x00000007f8900000,0x00000007f8900000,0x00000007fa700000)
 ParOldGen       total 84480K, used 58985K [0x0000000784000000, 0x0000000789280000, 0x00000007d6a80000)
  object space 84480K, 69% used [0x0000000784000000,0x000000078799a760,0x0000000789280000)
 PSPermGen       total 21504K, used 7659K [0x0000000779a00000, 0x000000077af00000, 0x0000000784000000)
  object space 21504K, 35% used [0x0000000779a00000,0x000000077a17af10,0x000000077af00000)
Event: 99.513 GC heap after
Heap after GC invocations=15 (full 0):
 PSYoungGen      total 539136K, used 64K [0x00000007d6a80000, 0x00000007fc500000, 0x0000000800000000)
  eden space 508416K, 0% used [0x00000007d6a80000,0x00000007d6a80000,0x00000007f5b00000)
  from space 30720K, 0% used [0x00000007f8900000,0x00000007f8910000,0x00000007fa700000)
  to   space 29696K, 0% used [0x00000007fa800000,0x00000007fa800000,0x00000007fc500000)
 ParOldGen       total 84480K, used 59001K [0x0000000784000000, 0x0000000789280000, 0x00000007d6a80000)
  object space 84480K, 69% used [0x0000000784000000,0x000000078799e760,0x0000000789280000)
 PSPermGen       total 21504K, used 7659K [0x0000000779a00000, 0x000000077af00000, 0x0000000784000000)
  object space 21504K, 35% used [0x0000000779a00000,0x000000077a17af10,0x000000077af00000)
}
Event: 114.596 GC heap before
{Heap before GC invocations=16 (full 0):
 PSYoungGen      total 539136K, used 508480K [0x00000007d6a80000, 0x00000007fc500000, 0x0000000800000000)
  eden space 508416K, 100% used [0x00000007d6a80000,0x00000007f5b00000,0x00000007f5b00000)
  from space 30720K, 0% used [0x00000007f8900000,0x00000007f8910000,0x00000007fa700000)
  to   space 29696K, 0% used [0x00000007fa800000,0x00000007fa800000,0x00000007fc500000)
 ParOldGen       total 84480K, used 59001K [0x0000000784000000, 0x0000000789280000, 0x00000007d6a80000)
  object space 84480K, 69% used [0x0000000784000000,0x000000078799e760,0x0000000789280000)
 PSPermGen       total 21504K, used 7660K [0x0000000779a00000, 0x000000077af00000, 0x0000000784000000)
  object space 21504K, 35% used [0x0000000779a00000,0x000000077a17b150,0x000000077af00000)
Event: 114.600 GC heap after
Heap after GC invocations=16 (full 0):
 PSYoungGen      total 485376K, used 64K [0x00000007d6a80000, 0x00000007fa880000, 0x0000000800000000)
  eden space 484864K, 0% used [0x00000007d6a80000,0x00000007d6a80000,0x00000007f4400000)
  from space 512K, 12% used [0x00000007fa800000,0x00000007fa810000,0x00000007fa880000)
  to   space 29184K, 0% used [0x00000007f6f80000,0x00000007f6f80000,0x00000007f8c00000)
 ParOldGen       total 84480K, used 59017K [0x0000000784000000, 0x0000000789280000, 0x00000007d6a80000)
  object space 84480K, 69% used [0x0000000784000000,0x00000007879a2760,0x0000000789280000)
 PSPermGen       total 21504K, used 7660K [0x0000000779a00000, 0x000000077af00000, 0x0000000784000000)
  object space 21504K, 35% used [0x0000000779a00000,0x000000077a17b150,0x000000077af00000)
}
Event: 128.315 GC heap before
{Heap before GC invocations=17 (full 0):
 PSYoungGen      total 485376K, used 484928K [0x00000007d6a80000, 0x00000007fa880000, 0x0000000800000000)
  eden space 484864K, 100% used [0x00000007d6a80000,0x00000007f4400000,0x00000007f4400000)
  from space 512K, 12% used [0x00000007fa800000,0x00000007fa810000,0x00000007fa880000)
  to   space 29184K, 0% used [0x00000007f6f80000,0x00000007f6f80000,0x00000007f8c00000)
 ParOldGen       total 84480K, used 59017K [0x0000000784000000, 0x0000000789280000, 0x00000007d6a80000)
  object space 84480K, 69% used [0x0000000784000000,0x00000007879a2760,0x0000000789280000)
 PSPermGen       total 21504K, used 7660K [0x0000000779a00000, 0x000000077af00000, 0x0000000784000000)
  object space 21504K, 35% used [0x0000000779a00000,0x000000077a17b150,0x000000077af00000)
Event: 128.780 GC heap after
Heap after GC invocations=17 (full 0):
 PSYoungGen      total 491520K, used 96K [0x00000007d6a80000, 0x00000007fa880000, 0x0000000800000000)
  eden space 462336K, 0% used [0x00000007d6a80000,0x00000007d6a80000,0x00000007f2e00000)
  from space 29184K, 0% used [0x00000007f6f80000,0x00000007f6f98000,0x00000007f8c00000)
  to   space 28160K, 0% used [0x00000007f8d00000,0x00000007f8d00000,0x00000007fa880000)
 ParOldGen       total 84480K, used 59033K [0x0000000784000000, 0x0000000789280000, 0x00000007d6a80000)
  object space 84480K, 69% used [0x0000000784000000,0x00000007879a6460,0x0000000789280000)
 PSPermGen       total 21504K, used 7660K [0x0000000779a00000, 0x000000077af00000, 0x0000000784000000)
  object space 21504K, 35% used [0x0000000779a00000,0x000000077a17b150,0x000000077af00000)
}
Event: 143.434 GC heap before
{Heap before GC invocations=18 (full 0):
 PSYoungGen      total 491520K, used 462432K [0x00000007d6a80000, 0x00000007fa880000, 0x0000000800000000)
  eden space 462336K, 100% used [0x00000007d6a80000,0x00000007f2e00000,0x00000007f2e00000)
  from space 29184K, 0% used [0x00000007f6f80000,0x00000007f6f98000,0x00000007f8c00000)
  to   space 28160K, 0% used [0x00000007f8d00000,0x00000007f8d00000,0x00000007fa880000)
 ParOldGen       total 84480K, used 59033K [0x0000000784000000, 0x0000000789280000, 0x00000007d6a80000)
  object space 84480K, 69% used [0x0000000784000000,0x00000007879a6460,0x0000000789280000)
 PSPermGen       total 21504K, used 7660K [0x0000000779a00000, 0x000000077af00000, 0x0000000784000000)
  object space 21504K, 35% used [0x0000000779a00000,0x000000077a17b150,0x000000077af00000)

