# JRE version: OpenJDK Runtime Environment (7.0_95) (build 1.7.0_95-b00)
# Java VM: OpenJDK 64-Bit Server VM (24.95-b01 mixed mode linux-amd64 compressed oops)
Heap
 PSYoungGen      total 427520K, used 64K [0x00000007d6a80000, 0x00000007f6780000, 0x0000000800000000)
  eden space 416768K, 0% used [0x00000007d6a80000,0x00000007d6a80000,0x00000007f0180000)
  from space 10752K, 0% used [0x00000007f5d00000,0x00000007f5d10000,0x00000007f6780000)
  to   space 11776K, 0% used [0x00000007f5080000,0x00000007f5080000,0x00000007f5c00000)
 ParOldGen       total 84480K, used 37151K [0x0000000784000000, 0x0000000789280000, 0x00000007d6a80000)
  object space 84480K, 43% used [0x0000000784000000,0x0000000786447cb0,0x0000000789280000)
 PSPermGen       total 21504K, used 7658K [0x0000000779a00000, 0x000000077af00000, 0x0000000784000000)
  object space 21504K, 35% used [0x0000000779a00000,0x000000077a17a9c8,0x000000077af00000)
GC Heap History (10 events):
Event: 147.719 GC heap after
Heap after GC invocations=23 (full 0):
 PSYoungGen      total 284160K, used 32K [0x00000007d6a80000, 0x00000007f8000000, 0x0000000800000000)
  eden space 269312K, 0% used [0x00000007d6a80000,0x00000007d6a80000,0x00000007e7180000)
  from space 14848K, 0% used [0x00000007f6300000,0x00000007f6308000,0x00000007f7180000)
  to   space 13824K, 0% used [0x00000007f7280000,0x00000007f7280000,0x00000007f8000000)
 ParOldGen       total 84480K, used 37095K [0x0000000784000000, 0x0000000789280000, 0x00000007d6a80000)
  object space 84480K, 43% used [0x0000000784000000,0x0000000786439cb0,0x0000000789280000)
 PSPermGen       total 21504K, used 7658K [0x0000000779a00000, 0x000000077af00000, 0x0000000784000000)
  object space 21504K, 35% used [0x0000000779a00000,0x000000077a17a9c8,0x000000077af00000)
}
Event: 156.336 GC heap before
{Heap before GC invocations=24 (full 0):
 PSYoungGen      total 284160K, used 269344K [0x00000007d6a80000, 0x00000007f8000000, 0x0000000800000000)
  eden space 269312K, 100% used [0x00000007d6a80000,0x00000007e7180000,0x00000007e7180000)
  from space 14848K, 0% used [0x00000007f6300000,0x00000007f6308000,0x00000007f7180000)
  to   space 13824K, 0% used [0x00000007f7280000,0x00000007f7280000,0x00000007f8000000)
 ParOldGen       total 84480K, used 37095K [0x0000000784000000, 0x0000000789280000, 0x00000007d6a80000)
  object space 84480K, 43% used [0x0000000784000000,0x0000000786439cb0,0x0000000789280000)
 PSPermGen       total 21504K, used 7658K [0x0000000779a00000, 0x000000077af00000, 0x0000000784000000)
  object space 21504K, 35% used [0x0000000779a00000,0x000000077a17a9c8,0x000000077af00000)
Event: 156.338 GC heap after
Heap after GC invocations=24 (full 0):
 PSYoungGen      total 258048K, used 32K [0x00000007d6a80000, 0x00000007f7300000, 0x0000000800000000)
  eden space 257536K, 0% used [0x00000007d6a80000,0x00000007d6a80000,0x00000007e6600000)
  from space 512K, 6% used [0x00000007f7280000,0x00000007f7288000,0x00000007f7300000)
  to   space 13312K, 0% used [0x00000007f5900000,0x00000007f5900000,0x00000007f6600000)
 ParOldGen       total 84480K, used 37103K [0x0000000784000000, 0x0000000789280000, 0x00000007d6a80000)
  object space 84480K, 43% used [0x0000000784000000,0x000000078643bcb0,0x0000000789280000)
 PSPermGen       total 21504K, used 7658K [0x0000000779a00000, 0x000000077af00000, 0x0000000784000000)
  object space 21504K, 35% used [0x0000000779a00000,0x000000077a17a9c8,0x000000077af00000)
}
Event: 167.384 GC heap before
{Heap before GC invocations=25 (full 0):
 PSYoungGen      total 258048K, used 257568K [0x00000007d6a80000, 0x00000007f7300000, 0x0000000800000000)
  eden space 257536K, 100% used [0x00000007d6a80000,0x00000007e6600000,0x00000007e6600000)
  from space 512K, 6% used [0x00000007f7280000,0x00000007f7288000,0x00000007f7300000)
  to   space 13312K, 0% used [0x00000007f5900000,0x00000007f5900000,0x00000007f6600000)
 ParOldGen       total 84480K, used 37103K [0x0000000784000000, 0x0000000789280000, 0x00000007d6a80000)
  object space 84480K, 43% used [0x0000000784000000,0x000000078643bcb0,0x0000000789280000)
 PSPermGen       total 21504K, used 7658K [0x0000000779a00000, 0x000000077af00000, 0x0000000784000000)
  object space 21504K, 35% used [0x0000000779a00000,0x000000077a17a9c8,0x000000077af00000)
Event: 167.385 GC heap after
Heap after GC invocations=25 (full 0):
 PSYoungGen      total 259584K, used 32K [0x00000007d6a80000, 0x00000007f7300000, 0x0000000800000000)
  eden space 246272K, 0% used [0x00000007d6a80000,0x00000007d6a80000,0x00000007e5b00000)
  from space 13312K, 0% used [0x00000007f5900000,0x00000007f5908000,0x00000007f6600000)
  to   space 12288K, 0% used [0x00000007f6700000,0x00000007f6700000,0x00000007f7300000)
 ParOldGen       total 84480K, used 37111K [0x0000000784000000, 0x0000000789280000, 0x00000007d6a80000)
  object space 84480K, 43% used [0x0000000784000000,0x000000078643dcb0,0x0000000789280000)
 PSPermGen       total 21504K, used 7658K [0x0000000779a00000, 0x000000077af00000, 0x0000000784000000)
  object space 21504K, 35% used [0x0000000779a00000,0x000000077a17a9c8,0x000000077af00000)
}
Event: 185.781 GC heap before
{Heap before GC invocations=26 (full 0):
 PSYoungGen      total 259584K, used 246304K [0x00000007d6a80000, 0x00000007f7300000, 0x0000000800000000)
  eden space 246272K, 100% used [0x00000007d6a80000,0x00000007e5b00000,0x00000007e5b00000)
  from space 13312K, 0% used [0x00000007f5900000,0x00000007f5908000,0x00000007f6600000)
  to   space 12288K, 0% used [0x00000007f6700000,0x00000007f6700000,0x00000007f7300000)
 ParOldGen       total 84480K, used 37111K [0x0000000784000000, 0x0000000789280000, 0x00000007d6a80000)
  object space 84480K, 43% used [0x0000000784000000,0x000000078643dcb0,0x0000000789280000)
 PSPermGen       total 21504K, used 7658K [0x0000000779a00000, 0x000000077af00000, 0x0000000784000000)
  object space 21504K, 35% used [0x0000000779a00000,0x000000077a17a9c8,0x000000077af00000)
Event: 191.178 GC heap after
Heap after GC invocations=26 (full 0):
 PSYoungGen      total 321024K, used 64K [0x00000007d6a80000, 0x00000007f6780000, 0x0000000800000000)
  eden space 320512K, 0% used [0x00000007d6a80000,0x00000007d6a80000,0x00000007ea380000)
  from space 512K, 12% used [0x00000007f6700000,0x00000007f6710000,0x00000007f6780000)
  to   space 11776K, 0% used [0x00000007f5080000,0x00000007f5080000,0x00000007f5c00000)
 ParOldGen       total 84480K, used 37119K [0x0000000784000000, 0x0000000789280000, 0x00000007d6a80000)
  object space 84480K, 43% used [0x0000000784000000,0x000000078643fcb0,0x0000000789280000)
 PSPermGen       total 21504K, used 7658K [0x0000000779a00000, 0x000000077af00000, 0x0000000784000000)
  object space 21504K, 35% used [0x0000000779a00000,0x000000077a17a9c8,0x000000077af00000)
}
Event: 232.826 GC heap before
{Heap before GC invocations=27 (full 0):
 PSYoungGen      total 321024K, used 320576K [0x00000007d6a80000, 0x00000007f6780000, 0x0000000800000000)
  eden space 320512K, 100% used [0x00000007d6a80000,0x00000007ea380000,0x00000007ea380000)
  from space 512K, 12% used [0x00000007f6700000,0x00000007f6710000,0x00000007f6780000)
  to   space 11776K, 0% used [0x00000007f5080000,0x00000007f5080000,0x00000007f5c00000)
 ParOldGen       total 84480K, used 37119K [0x0000000784000000, 0x0000000789280000, 0x00000007d6a80000)
  object space 84480K, 43% used [0x0000000784000000,0x000000078643fcb0,0x0000000789280000)
 PSPermGen       total 21504K, used 7658K [0x0000000779a00000, 0x000000077af00000, 0x0000000784000000)
  object space 21504K, 35% used [0x0000000779a00000,0x000000077a17a9c8,0x000000077af00000)
Event: 240.724 GC heap after
Heap after GC invocations=27 (full 0):
 PSYoungGen      total 428544K, used 64K [0x00000007d6a80000, 0x00000007f6780000, 0x0000000800000000)
  eden space 416768K, 0% used [0x00000007d6a80000,0x00000007d6a80000,0x00000007f0180000)
  from space 11776K, 0% used [0x00000007f5080000,0x00000007f5090000,0x00000007f5c00000)
  to   space 10752K, 0% used [0x00000007f5d00000,0x00000007f5d00000,0x00000007f6780000)
 ParOldGen       total 84480K, used 37135K [0x0000000784000000, 0x0000000789280000, 0x00000007d6a80000)
  object space 84480K, 43% used [0x0000000784000000,0x0000000786443cb0,0x0000000789280000)
 PSPermGen       total 21504K, used 7658K [0x0000000779a00000, 0x000000077af00000, 0x0000000784000000)
  object space 21504K, 35% used [0x0000000779a00000,0x000000077a17a9c8,0x000000077af00000)
}
Event: 284.840 GC heap before
{Heap before GC invocations=28 (full 0):
 PSYoungGen      total 428544K, used 416832K [0x00000007d6a80000, 0x00000007f6780000, 0x0000000800000000)
  eden space 416768K, 100% used [0x00000007d6a80000,0x00000007f0180000,0x00000007f0180000)
  from space 11776K, 0% used [0x00000007f5080000,0x00000007f5090000,0x00000007f5c00000)
  to   space 10752K, 0% used [0x00000007f5d00000,0x00000007f5d00000,0x00000007f6780000)
 ParOldGen       total 84480K, used 37135K [0x0000000784000000, 0x0000000789280000, 0x00000007d6a80000)
  object space 84480K, 43% used [0x0000000784000000,0x0000000786443cb0,0x0000000789280000)
 PSPermGen       total 21504K, used 7658K [0x0000000779a00000, 0x000000077af00000, 0x0000000784000000)
  object space 21504K, 35% used [0x0000000779a00000,0x000000077a17a9c8,0x000000077af00000)

