# JRE version: OpenJDK Runtime Environment (7.0_95) (build 1.7.0_95-b00)
# Java VM: OpenJDK 64-Bit Server VM (24.95-b01 mixed mode linux-amd64 compressed oops)
Heap
 PSYoungGen      total 620032K, used 96K [0x00000007d6a80000, 0x00000007fe500000, 0x0000000800000000)
  eden space 591872K, 0% used [0x00000007d6a80000,0x00000007d6a80000,0x00000007fac80000)
  from space 28160K, 0% used [0x00000007fc980000,0x00000007fc998000,0x00000007fe500000)
  to   space 512K, 0% used [0x00000007fc900000,0x00000007fc900000,0x00000007fc980000)
 ParOldGen       total 84480K, used 45092K [0x0000000784000000, 0x0000000789280000, 0x00000007d6a80000)
  object space 84480K, 53% used [0x0000000784000000,0x0000000786c09370,0x0000000789280000)
 PSPermGen       total 21504K, used 7660K [0x0000000779a00000, 0x000000077af00000, 0x0000000784000000)
  object space 21504K, 35% used [0x0000000779a00000,0x000000077a17b118,0x000000077af00000)
GC Heap History (10 events):
Event: 17.814 GC heap after
Heap after GC invocations=9 (full 0):
 PSYoungGen      total 537088K, used 2224K [0x00000007d6a80000, 0x0000000800000000, 0x0000000800000000)
  eden space 510976K, 0% used [0x00000007d6a80000,0x00000007d6a80000,0x00000007f5d80000)
  from space 26112K, 8% used [0x00000007f5d80000,0x00000007f5fac350,0x00000007f7700000)
  to   space 27136K, 0% used [0x00000007fe580000,0x00000007fe580000,0x0000000800000000)
 ParOldGen       total 84480K, used 42849K [0x0000000784000000, 0x0000000789280000, 0x00000007d6a80000)
  object space 84480K, 50% used [0x0000000784000000,0x00000007869d8790,0x0000000789280000)
 PSPermGen       total 21504K, used 7660K [0x0000000779a00000, 0x000000077af00000, 0x0000000784000000)
  object space 21504K, 35% used [0x0000000779a00000,0x000000077a17b118,0x000000077af00000)
}
Event: 27.206 GC heap before
{Heap before GC invocations=10 (full 0):
 PSYoungGen      total 537088K, used 513200K [0x00000007d6a80000, 0x0000000800000000, 0x0000000800000000)
  eden space 510976K, 100% used [0x00000007d6a80000,0x00000007f5d80000,0x00000007f5d80000)
  from space 26112K, 8% used [0x00000007f5d80000,0x00000007f5fac350,0x00000007f7700000)
  to   space 27136K, 0% used [0x00000007fe580000,0x00000007fe580000,0x0000000800000000)
 ParOldGen       total 84480K, used 42849K [0x0000000784000000, 0x0000000789280000, 0x00000007d6a80000)
  object space 84480K, 50% used [0x0000000784000000,0x00000007869d8790,0x0000000789280000)
 PSPermGen       total 21504K, used 7660K [0x0000000779a00000, 0x000000077af00000, 0x0000000784000000)
  object space 21504K, 35% used [0x0000000779a00000,0x000000077a17b118,0x000000077af00000)
Event: 27.209 GC heap after
Heap after GC invocations=10 (full 0):
 PSYoungGen      total 648192K, used 64K [0x00000007d6a80000, 0x0000000800000000, 0x0000000800000000)
  eden space 621056K, 0% used [0x00000007d6a80000,0x00000007d6a80000,0x00000007fc900000)
  from space 27136K, 0% used [0x00000007fe580000,0x00000007fe590000,0x0000000800000000)
  to   space 28160K, 0% used [0x00000007fc900000,0x00000007fc900000,0x00000007fe480000)
 ParOldGen       total 84480K, used 45026K [0x0000000784000000, 0x0000000789280000, 0x00000007d6a80000)
  object space 84480K, 53% used [0x0000000784000000,0x0000000786bf8800,0x0000000789280000)
 PSPermGen       total 21504K, used 7660K [0x0000000779a00000, 0x000000077af00000, 0x0000000784000000)
  object space 21504K, 35% used [0x0000000779a00000,0x000000077a17b118,0x000000077af00000)
}
Event: 38.700 GC heap before
{Heap before GC invocations=11 (full 0):
 PSYoungGen      total 648192K, used 621120K [0x00000007d6a80000, 0x0000000800000000, 0x0000000800000000)
  eden space 621056K, 100% used [0x00000007d6a80000,0x00000007fc900000,0x00000007fc900000)
  from space 27136K, 0% used [0x00000007fe580000,0x00000007fe590000,0x0000000800000000)
  to   space 28160K, 0% used [0x00000007fc900000,0x00000007fc900000,0x00000007fe480000)
 ParOldGen       total 84480K, used 45026K [0x0000000784000000, 0x0000000789280000, 0x00000007d6a80000)
  object space 84480K, 53% used [0x0000000784000000,0x0000000786bf8800,0x0000000789280000)
 PSPermGen       total 21504K, used 7660K [0x0000000779a00000, 0x000000077af00000, 0x0000000784000000)
  object space 21504K, 35% used [0x0000000779a00000,0x000000077a17b118,0x000000077af00000)
Event: 38.701 GC heap after
Heap after GC invocations=11 (full 0):
 PSYoungGen      total 649216K, used 32K [0x00000007d6a80000, 0x0000000800000000, 0x0000000800000000)
  eden space 621056K, 0% used [0x00000007d6a80000,0x00000007d6a80000,0x00000007fc900000)
  from space 28160K, 0% used [0x00000007fc900000,0x00000007fc908000,0x00000007fe480000)
  to   space 28160K, 0% used [0x00000007fe480000,0x00000007fe480000,0x0000000800000000)
 ParOldGen       total 84480K, used 45034K [0x0000000784000000, 0x0000000789280000, 0x00000007d6a80000)
  object space 84480K, 53% used [0x0000000784000000,0x0000000786bfa800,0x0000000789280000)
 PSPermGen       total 21504K, used 7660K [0x0000000779a00000, 0x000000077af00000, 0x0000000784000000)
  object space 21504K, 35% used [0x0000000779a00000,0x000000077a17b118,0x000000077af00000)
}
Event: 53.854 GC heap before
{Heap before GC invocations=12 (full 0):
 PSYoungGen      total 649216K, used 621088K [0x00000007d6a80000, 0x0000000800000000, 0x0000000800000000)
  eden space 621056K, 100% used [0x00000007d6a80000,0x00000007fc900000,0x00000007fc900000)
  from space 28160K, 0% used [0x00000007fc900000,0x00000007fc908000,0x00000007fe480000)
  to   space 28160K, 0% used [0x00000007fe480000,0x00000007fe480000,0x0000000800000000)
 ParOldGen       total 84480K, used 45034K [0x0000000784000000, 0x0000000789280000, 0x00000007d6a80000)
  object space 84480K, 53% used [0x0000000784000000,0x0000000786bfa800,0x0000000789280000)
 PSPermGen       total 21504K, used 7660K [0x0000000779a00000, 0x000000077af00000, 0x0000000784000000)
  object space 21504K, 35% used [0x0000000779a00000,0x000000077a17b118,0x000000077af00000)
Event: 53.855 GC heap after
Heap after GC invocations=12 (full 0):
 PSYoungGen      total 649216K, used 32K [0x00000007d6a80000, 0x0000000800000000, 0x0000000800000000)
  eden space 621056K, 0% used [0x00000007d6a80000,0x00000007d6a80000,0x00000007fc900000)
  from space 28160K, 0% used [0x00000007fe480000,0x00000007fe488000,0x0000000800000000)
  to   space 28160K, 0% used [0x00000007fc900000,0x00000007fc900000,0x00000007fe480000)
 ParOldGen       total 84480K, used 45052K [0x0000000784000000, 0x0000000789280000, 0x00000007d6a80000)
  object space 84480K, 53% used [0x0000000784000000,0x0000000786bff370,0x0000000789280000)
 PSPermGen       total 21504K, used 7660K [0x0000000779a00000, 0x000000077af00000, 0x0000000784000000)
  object space 21504K, 35% used [0x0000000779a00000,0x000000077a17b118,0x000000077af00000)
}
Event: 67.608 GC heap before
{Heap before GC invocations=13 (full 0):
 PSYoungGen      total 649216K, used 621088K [0x00000007d6a80000, 0x0000000800000000, 0x0000000800000000)
  eden space 621056K, 100% used [0x00000007d6a80000,0x00000007fc900000,0x00000007fc900000)
  from space 28160K, 0% used [0x00000007fe480000,0x00000007fe488000,0x0000000800000000)
  to   space 28160K, 0% used [0x00000007fc900000,0x00000007fc900000,0x00000007fe480000)
 ParOldGen       total 84480K, used 45052K [0x0000000784000000, 0x0000000789280000, 0x00000007d6a80000)
  object space 84480K, 53% used [0x0000000784000000,0x0000000786bff370,0x0000000789280000)
 PSPermGen       total 21504K, used 7660K [0x0000000779a00000, 0x000000077af00000, 0x0000000784000000)
  object space 21504K, 35% used [0x0000000779a00000,0x000000077a17b118,0x000000077af00000)
Event: 67.610 GC heap after
Heap after GC invocations=13 (full 0):
 PSYoungGen      total 592384K, used 32K [0x00000007d6a80000, 0x00000007fe500000, 0x0000000800000000)
  eden space 591872K, 0% used [0x00000007d6a80000,0x00000007d6a80000,0x00000007fac80000)
  from space 512K, 6% used [0x00000007fc900000,0x00000007fc908000,0x00000007fc980000)
  to   space 28160K, 0% used [0x00000007fc980000,0x00000007fc980000,0x00000007fe500000)
 ParOldGen       total 84480K, used 45060K [0x0000000784000000, 0x0000000789280000, 0x00000007d6a80000)
  object space 84480K, 53% used [0x0000000784000000,0x0000000786c01370,0x0000000789280000)
 PSPermGen       total 21504K, used 7660K [0x0000000779a00000, 0x000000077af00000, 0x0000000784000000)
  object space 21504K, 35% used [0x0000000779a00000,0x000000077a17b118,0x000000077af00000)
}
Event: 90.958 GC heap before
{Heap before GC invocations=14 (full 0):
 PSYoungGen      total 592384K, used 591904K [0x00000007d6a80000, 0x00000007fe500000, 0x0000000800000000)
  eden space 591872K, 100% used [0x00000007d6a80000,0x00000007fac80000,0x00000007fac80000)
  from space 512K, 6% used [0x00000007fc900000,0x00000007fc908000,0x00000007fc980000)
  to   space 28160K, 0% used [0x00000007fc980000,0x00000007fc980000,0x00000007fe500000)
 ParOldGen       total 84480K, used 45060K [0x0000000784000000, 0x0000000789280000, 0x00000007d6a80000)
  object space 84480K, 53% used [0x0000000784000000,0x0000000786c01370,0x0000000789280000)
 PSPermGen       total 21504K, used 7660K [0x0000000779a00000, 0x000000077af00000, 0x0000000784000000)
  object space 21504K, 35% used [0x0000000779a00000,0x000000077a17b118,0x000000077af00000)

