# JRE version: OpenJDK Runtime Environment (7.0_95) (build 1.7.0_95-b00)
# Java VM: OpenJDK 64-Bit Server VM (24.95-b01 mixed mode linux-amd64 compressed oops)
Heap
 PSYoungGen      total 268288K, used 3205K [0x00000007d6a80000, 0x00000007e7a80000, 0x0000000800000000)
  eden space 258048K, 0% used [0x00000007d6a80000,0x00000007d6a80000,0x00000007e6680000)
  from space 10240K, 31% used [0x00000007e6680000,0x00000007e69a1778,0x00000007e7080000)
  to   space 9728K, 0% used [0x00000007e7100000,0x00000007e7100000,0x00000007e7a80000)
 ParOldGen       total 84480K, used 8233K [0x0000000784000000, 0x0000000789280000, 0x00000007d6a80000)
  object space 84480K, 9% used [0x0000000784000000,0x000000078480a490,0x0000000789280000)
 PSPermGen       total 21504K, used 7564K [0x0000000779a00000, 0x000000077af00000, 0x0000000784000000)
  object space 21504K, 35% used [0x0000000779a00000,0x000000077a163298,0x000000077af00000)
GC Heap History (10 events):
Event: 1.316 GC heap after
Heap after GC invocations=2 (full 0):
 PSYoungGen      total 69632K, used 5103K [0x00000007d6a80000, 0x00000007db380000, 0x0000000800000000)
  eden space 64512K, 0% used [0x00000007d6a80000,0x00000007d6a80000,0x00000007da980000)
  from space 5120K, 99% used [0x00000007dae80000,0x00000007db37bf98,0x00000007db380000)
  to   space 5120K, 0% used [0x00000007da980000,0x00000007da980000,0x00000007dae80000)
 ParOldGen       total 84480K, used 1481K [0x0000000784000000, 0x0000000789280000, 0x00000007d6a80000)
  object space 84480K, 1% used [0x0000000784000000,0x0000000784172470,0x0000000789280000)
 PSPermGen       total 21504K, used 7499K [0x0000000779a00000, 0x000000077af00000, 0x0000000784000000)
  object space 21504K, 34% used [0x0000000779a00000,0x000000077a152d20,0x000000077af00000)
}
Event: 1.933 GC heap before
{Heap before GC invocations=3 (full 0):
 PSYoungGen      total 69632K, used 69615K [0x00000007d6a80000, 0x00000007db380000, 0x0000000800000000)
  eden space 64512K, 100% used [0x00000007d6a80000,0x00000007da980000,0x00000007da980000)
  from space 5120K, 99% used [0x00000007dae80000,0x00000007db37bf98,0x00000007db380000)
  to   space 5120K, 0% used [0x00000007da980000,0x00000007da980000,0x00000007dae80000)
 ParOldGen       total 84480K, used 1481K [0x0000000784000000, 0x0000000789280000, 0x00000007d6a80000)
  object space 84480K, 1% used [0x0000000784000000,0x0000000784172470,0x0000000789280000)
 PSPermGen       total 21504K, used 7561K [0x0000000779a00000, 0x000000077af00000, 0x0000000784000000)
  object space 21504K, 35% used [0x0000000779a00000,0x000000077a162578,0x000000077af00000)
Event: 1.946 GC heap after
Heap after GC invocations=3 (full 0):
 PSYoungGen      total 69632K, used 5094K [0x00000007d6a80000, 0x00000007df280000, 0x0000000800000000)
  eden space 64512K, 0% used [0x00000007d6a80000,0x00000007d6a80000,0x00000007da980000)
  from space 5120K, 99% used [0x00000007da980000,0x00000007dae79b88,0x00000007dae80000)
  to   space 5120K, 0% used [0x00000007ded80000,0x00000007ded80000,0x00000007df280000)
 ParOldGen       total 84480K, used 6454K [0x0000000784000000, 0x0000000789280000, 0x00000007d6a80000)
  object space 84480K, 7% used [0x0000000784000000,0x000000078464da58,0x0000000789280000)
 PSPermGen       total 21504K, used 7561K [0x0000000779a00000, 0x000000077af00000, 0x0000000784000000)
  object space 21504K, 35% used [0x0000000779a00000,0x000000077a162578,0x000000077af00000)
}
Event: 2.103 GC heap before
{Heap before GC invocations=4 (full 0):
 PSYoungGen      total 69632K, used 69606K [0x00000007d6a80000, 0x00000007df280000, 0x0000000800000000)
  eden space 64512K, 100% used [0x00000007d6a80000,0x00000007da980000,0x00000007da980000)
  from space 5120K, 99% used [0x00000007da980000,0x00000007dae79b88,0x00000007dae80000)
  to   space 5120K, 0% used [0x00000007ded80000,0x00000007ded80000,0x00000007df280000)
 ParOldGen       total 84480K, used 6454K [0x0000000784000000, 0x0000000789280000, 0x00000007d6a80000)
  object space 84480K, 7% used [0x0000000784000000,0x000000078464da58,0x0000000789280000)
 PSPermGen       total 21504K, used 7564K [0x0000000779a00000, 0x000000077af00000, 0x0000000784000000)
  object space 21504K, 35% used [0x0000000779a00000,0x000000077a163100,0x000000077af00000)
Event: 2.107 GC heap after
Heap after GC invocations=4 (full 0):
 PSYoungGen      total 134144K, used 4918K [0x00000007d6a80000, 0x00000007df280000, 0x0000000800000000)
  eden space 129024K, 0% used [0x00000007d6a80000,0x00000007d6a80000,0x00000007de880000)
  from space 5120K, 96% used [0x00000007ded80000,0x00000007df24da70,0x00000007df280000)
  to   space 5120K, 0% used [0x00000007de880000,0x00000007de880000,0x00000007ded80000)
 ParOldGen       total 84480K, used 6454K [0x0000000784000000, 0x0000000789280000, 0x00000007d6a80000)
  object space 84480K, 7% used [0x0000000784000000,0x000000078464da58,0x0000000789280000)
 PSPermGen       total 21504K, used 7564K [0x0000000779a00000, 0x000000077af00000, 0x0000000784000000)
  object space 21504K, 35% used [0x0000000779a00000,0x000000077a163100,0x000000077af00000)
}
Event: 2.493 GC heap before
{Heap before GC invocations=5 (full 0):
 PSYoungGen      total 134144K, used 133942K [0x00000007d6a80000, 0x00000007df280000, 0x0000000800000000)
  eden space 129024K, 100% used [0x00000007d6a80000,0x00000007de880000,0x00000007de880000)
  from space 5120K, 96% used [0x00000007ded80000,0x00000007df24da70,0x00000007df280000)
  to   space 5120K, 0% used [0x00000007de880000,0x00000007de880000,0x00000007ded80000)
 ParOldGen       total 84480K, used 6454K [0x0000000784000000, 0x0000000789280000, 0x00000007d6a80000)
  object space 84480K, 7% used [0x0000000784000000,0x000000078464da58,0x0000000789280000)
 PSPermGen       total 21504K, used 7564K [0x0000000779a00000, 0x000000077af00000, 0x0000000784000000)
  object space 21504K, 35% used [0x0000000779a00000,0x000000077a163298,0x000000077af00000)
Event: 2.499 GC heap after
Heap after GC invocations=5 (full 0):
 PSYoungGen      total 134144K, used 4977K [0x00000007d6a80000, 0x00000007e7b80000, 0x0000000800000000)
  eden space 129024K, 0% used [0x00000007d6a80000,0x00000007d6a80000,0x00000007de880000)
  from space 5120K, 97% used [0x00000007de880000,0x00000007ded5c418,0x00000007ded80000)
  to   space 10752K, 0% used [0x00000007e7100000,0x00000007e7100000,0x00000007e7b80000)
 ParOldGen       total 84480K, used 6454K [0x0000000784000000, 0x0000000789280000, 0x00000007d6a80000)
  object space 84480K, 7% used [0x0000000784000000,0x000000078464da58,0x0000000789280000)
 PSPermGen       total 21504K, used 7564K [0x0000000779a00000, 0x000000077af00000, 0x0000000784000000)
  object space 21504K, 35% used [0x0000000779a00000,0x000000077a163298,0x000000077af00000)
}
Event: 3.044 GC heap before
{Heap before GC invocations=6 (full 0):
 PSYoungGen      total 134144K, used 134001K [0x00000007d6a80000, 0x00000007e7b80000, 0x0000000800000000)
  eden space 129024K, 100% used [0x00000007d6a80000,0x00000007de880000,0x00000007de880000)
  from space 5120K, 97% used [0x00000007de880000,0x00000007ded5c418,0x00000007ded80000)
  to   space 10752K, 0% used [0x00000007e7100000,0x00000007e7100000,0x00000007e7b80000)
 ParOldGen       total 84480K, used 6454K [0x0000000784000000, 0x0000000789280000, 0x00000007d6a80000)
  object space 84480K, 7% used [0x0000000784000000,0x000000078464da58,0x0000000789280000)
 PSPermGen       total 21504K, used 7564K [0x0000000779a00000, 0x000000077af00000, 0x0000000784000000)
  object space 21504K, 35% used [0x0000000779a00000,0x000000077a163298,0x000000077af00000)
Event: 3.050 GC heap after
Heap after GC invocations=6 (full 0):
 PSYoungGen      total 267776K, used 4948K [0x00000007d6a80000, 0x00000007e7a80000, 0x0000000800000000)
  eden space 258048K, 0% used [0x00000007d6a80000,0x00000007d6a80000,0x00000007e6680000)
  from space 9728K, 50% used [0x00000007e7100000,0x00000007e75d53f8,0x00000007e7a80000)
  to   space 10240K, 0% used [0x00000007e6680000,0x00000007e6680000,0x00000007e7080000)
 ParOldGen       total 84480K, used 6454K [0x0000000784000000, 0x0000000789280000, 0x00000007d6a80000)
  object space 84480K, 7% used [0x0000000784000000,0x000000078464da58,0x0000000789280000)
 PSPermGen       total 21504K, used 7564K [0x0000000779a00000, 0x000000077af00000, 0x0000000784000000)
  object space 21504K, 35% used [0x0000000779a00000,0x000000077a163298,0x000000077af00000)
}
Event: 4.987 GC heap before
{Heap before GC invocations=7 (full 0):
 PSYoungGen      total 267776K, used 262996K [0x00000007d6a80000, 0x00000007e7a80000, 0x0000000800000000)
  eden space 258048K, 100% used [0x00000007d6a80000,0x00000007e6680000,0x00000007e6680000)
  from space 9728K, 50% used [0x00000007e7100000,0x00000007e75d53f8,0x00000007e7a80000)
  to   space 10240K, 0% used [0x00000007e6680000,0x00000007e6680000,0x00000007e7080000)
 ParOldGen       total 84480K, used 6454K [0x0000000784000000, 0x0000000789280000, 0x00000007d6a80000)
  object space 84480K, 7% used [0x0000000784000000,0x000000078464da58,0x0000000789280000)
 PSPermGen       total 21504K, used 7564K [0x0000000779a00000, 0x000000077af00000, 0x0000000784000000)
  object space 21504K, 35% used [0x0000000779a00000,0x000000077a163298,0x000000077af00000)

