# JRE version: OpenJDK Runtime Environment (7.0_95) (build 1.7.0_95-b00)
# Java VM: OpenJDK 64-Bit Server VM (24.95-b01 mixed mode linux-amd64 compressed oops)
Heap
 PSYoungGen      total 449536K, used 32K [0x00000007d6a80000, 0x00000007f8b80000, 0x0000000800000000)
  eden space 428032K, 0% used [0x00000007d6a80000,0x00000007d6a80000,0x00000007f0c80000)
  from space 21504K, 0% used [0x00000007f6180000,0x00000007f6188000,0x00000007f7680000)
  to   space 512K, 0% used [0x00000007f8b00000,0x00000007f8b00000,0x00000007f8b80000)
 ParOldGen       total 84480K, used 40587K [0x0000000784000000, 0x0000000789280000, 0x00000007d6a80000)
  object space 84480K, 48% used [0x0000000784000000,0x00000007867a2cd0,0x0000000789280000)
 PSPermGen       total 21504K, used 7656K [0x0000000779a00000, 0x000000077af00000, 0x0000000784000000)
  object space 21504K, 35% used [0x0000000779a00000,0x000000077a17a1c8,0x000000077af00000)
GC Heap History (10 events):
Event: 82.110 GC heap after
Heap after GC invocations=14 (full 0):
 PSYoungGen      total 517632K, used 96K [0x00000007d6a80000, 0x00000007fb800000, 0x0000000800000000)
  eden space 517120K, 0% used [0x00000007d6a80000,0x00000007d6a80000,0x00000007f6380000)
  from space 512K, 18% used [0x00000007fb780000,0x00000007fb798000,0x00000007fb800000)
  to   space 24576K, 0% used [0x00000007f8800000,0x00000007f8800000,0x00000007fa000000)
 ParOldGen       total 84480K, used 40481K [0x0000000784000000, 0x0000000789280000, 0x00000007d6a80000)
  object space 84480K, 47% used [0x0000000784000000,0x0000000786788460,0x0000000789280000)
 PSPermGen       total 21504K, used 7656K [0x0000000779a00000, 0x000000077af00000, 0x0000000784000000)
  object space 21504K, 35% used [0x0000000779a00000,0x000000077a17a1c8,0x000000077af00000)
}
Event: 94.178 GC heap before
{Heap before GC invocations=15 (full 0):
 PSYoungGen      total 517632K, used 517216K [0x00000007d6a80000, 0x00000007fb800000, 0x0000000800000000)
  eden space 517120K, 100% used [0x00000007d6a80000,0x00000007f6380000,0x00000007f6380000)
  from space 512K, 18% used [0x00000007fb780000,0x00000007fb798000,0x00000007fb800000)
  to   space 24576K, 0% used [0x00000007f8800000,0x00000007f8800000,0x00000007fa000000)
 ParOldGen       total 84480K, used 40481K [0x0000000784000000, 0x0000000789280000, 0x00000007d6a80000)
  object space 84480K, 47% used [0x0000000784000000,0x0000000786788460,0x0000000789280000)
 PSPermGen       total 21504K, used 7656K [0x0000000779a00000, 0x000000077af00000, 0x0000000784000000)
  object space 21504K, 35% used [0x0000000779a00000,0x000000077a17a1c8,0x000000077af00000)
Event: 94.178 GC heap after
Heap after GC invocations=15 (full 0):
 PSYoungGen      total 517632K, used 128K [0x00000007d6a80000, 0x00000007fb800000, 0x0000000800000000)
  eden space 493056K, 0% used [0x00000007d6a80000,0x00000007d6a80000,0x00000007f4c00000)
  from space 24576K, 0% used [0x00000007f8800000,0x00000007f8820000,0x00000007fa000000)
  to   space 24064K, 0% used [0x00000007fa080000,0x00000007fa080000,0x00000007fb800000)
 ParOldGen       total 84480K, used 40505K [0x0000000784000000, 0x0000000789280000, 0x00000007d6a80000)
  object space 84480K, 47% used [0x0000000784000000,0x000000078678e460,0x0000000789280000)
 PSPermGen       total 21504K, used 7656K [0x0000000779a00000, 0x000000077af00000, 0x0000000784000000)
  object space 21504K, 35% used [0x0000000779a00000,0x000000077a17a1c8,0x000000077af00000)
}
Event: 103.881 GC heap before
{Heap before GC invocations=16 (full 0):
 PSYoungGen      total 517632K, used 493184K [0x00000007d6a80000, 0x00000007fb800000, 0x0000000800000000)
  eden space 493056K, 100% used [0x00000007d6a80000,0x00000007f4c00000,0x00000007f4c00000)
  from space 24576K, 0% used [0x00000007f8800000,0x00000007f8820000,0x00000007fa000000)
  to   space 24064K, 0% used [0x00000007fa080000,0x00000007fa080000,0x00000007fb800000)
 ParOldGen       total 84480K, used 40505K [0x0000000784000000, 0x0000000789280000, 0x00000007d6a80000)
  object space 84480K, 47% used [0x0000000784000000,0x000000078678e460,0x0000000789280000)
 PSPermGen       total 21504K, used 7656K [0x0000000779a00000, 0x000000077af00000, 0x0000000784000000)
  object space 21504K, 35% used [0x0000000779a00000,0x000000077a17a1c8,0x000000077af00000)
Event: 103.883 GC heap after
Heap after GC invocations=16 (full 0):
 PSYoungGen      total 470528K, used 96K [0x00000007d6a80000, 0x00000007fa100000, 0x0000000800000000)
  eden space 470016K, 0% used [0x00000007d6a80000,0x00000007d6a80000,0x00000007f3580000)
  from space 512K, 18% used [0x00000007fa080000,0x00000007fa098000,0x00000007fa100000)
  to   space 23040K, 0% used [0x00000007f7400000,0x00000007f7400000,0x00000007f8a80000)
 ParOldGen       total 84480K, used 40529K [0x0000000784000000, 0x0000000789280000, 0x00000007d6a80000)
  object space 84480K, 47% used [0x0000000784000000,0x0000000786794460,0x0000000789280000)
 PSPermGen       total 21504K, used 7656K [0x0000000779a00000, 0x000000077af00000, 0x0000000784000000)
  object space 21504K, 35% used [0x0000000779a00000,0x000000077a17a1c8,0x000000077af00000)
}
Event: 116.219 GC heap before
{Heap before GC invocations=17 (full 0):
 PSYoungGen      total 470528K, used 470112K [0x00000007d6a80000, 0x00000007fa100000, 0x0000000800000000)
  eden space 470016K, 100% used [0x00000007d6a80000,0x00000007f3580000,0x00000007f3580000)
  from space 512K, 18% used [0x00000007fa080000,0x00000007fa098000,0x00000007fa100000)
  to   space 23040K, 0% used [0x00000007f7400000,0x00000007f7400000,0x00000007f8a80000)
 ParOldGen       total 84480K, used 40529K [0x0000000784000000, 0x0000000789280000, 0x00000007d6a80000)
  object space 84480K, 47% used [0x0000000784000000,0x0000000786794460,0x0000000789280000)
 PSPermGen       total 21504K, used 7656K [0x0000000779a00000, 0x000000077af00000, 0x0000000784000000)
  object space 21504K, 35% used [0x0000000779a00000,0x000000077a17a1c8,0x000000077af00000)
Event: 116.220 GC heap after
Heap after GC invocations=17 (full 0):
 PSYoungGen      total 471552K, used 64K [0x00000007d6a80000, 0x00000007fa100000, 0x0000000800000000)
  eden space 448512K, 0% used [0x00000007d6a80000,0x00000007d6a80000,0x00000007f2080000)
  from space 23040K, 0% used [0x00000007f7400000,0x00000007f7410000,0x00000007f8a80000)
  to   space 22528K, 0% used [0x00000007f8b00000,0x00000007f8b00000,0x00000007fa100000)
 ParOldGen       total 84480K, used 40563K [0x0000000784000000, 0x0000000789280000, 0x00000007d6a80000)
  object space 84480K, 48% used [0x0000000784000000,0x000000078679ccd0,0x0000000789280000)
 PSPermGen       total 21504K, used 7656K [0x0000000779a00000, 0x000000077af00000, 0x0000000784000000)
  object space 21504K, 35% used [0x0000000779a00000,0x000000077a17a1c8,0x000000077af00000)
}
Event: 128.280 GC heap before
{Heap before GC invocations=18 (full 0):
 PSYoungGen      total 471552K, used 448576K [0x00000007d6a80000, 0x00000007fa100000, 0x0000000800000000)
  eden space 448512K, 100% used [0x00000007d6a80000,0x00000007f2080000,0x00000007f2080000)
  from space 23040K, 0% used [0x00000007f7400000,0x00000007f7410000,0x00000007f8a80000)
  to   space 22528K, 0% used [0x00000007f8b00000,0x00000007f8b00000,0x00000007fa100000)
 ParOldGen       total 84480K, used 40563K [0x0000000784000000, 0x0000000789280000, 0x00000007d6a80000)
  object space 84480K, 48% used [0x0000000784000000,0x000000078679ccd0,0x0000000789280000)
 PSPermGen       total 21504K, used 7656K [0x0000000779a00000, 0x000000077af00000, 0x0000000784000000)
  object space 21504K, 35% used [0x0000000779a00000,0x000000077a17a1c8,0x000000077af00000)
Event: 128.281 GC heap after
Heap after GC invocations=18 (full 0):
 PSYoungGen      total 428544K, used 64K [0x00000007d6a80000, 0x00000007f8b80000, 0x0000000800000000)
  eden space 428032K, 0% used [0x00000007d6a80000,0x00000007d6a80000,0x00000007f0c80000)
  from space 512K, 12% used [0x00000007f8b00000,0x00000007f8b10000,0x00000007f8b80000)
  to   space 21504K, 0% used [0x00000007f6180000,0x00000007f6180000,0x00000007f7680000)
 ParOldGen       total 84480K, used 40579K [0x0000000784000000, 0x0000000789280000, 0x00000007d6a80000)
  object space 84480K, 48% used [0x0000000784000000,0x00000007867a0cd0,0x0000000789280000)
 PSPermGen       total 21504K, used 7656K [0x0000000779a00000, 0x000000077af00000, 0x0000000784000000)
  object space 21504K, 35% used [0x0000000779a00000,0x000000077a17a1c8,0x000000077af00000)
}
Event: 144.266 GC heap before
{Heap before GC invocations=19 (full 0):
 PSYoungGen      total 428544K, used 428096K [0x00000007d6a80000, 0x00000007f8b80000, 0x0000000800000000)
  eden space 428032K, 100% used [0x00000007d6a80000,0x00000007f0c80000,0x00000007f0c80000)
  from space 512K, 12% used [0x00000007f8b00000,0x00000007f8b10000,0x00000007f8b80000)
  to   space 21504K, 0% used [0x00000007f6180000,0x00000007f6180000,0x00000007f7680000)
 ParOldGen       total 84480K, used 40579K [0x0000000784000000, 0x0000000789280000, 0x00000007d6a80000)
  object space 84480K, 48% used [0x0000000784000000,0x00000007867a0cd0,0x0000000789280000)
 PSPermGen       total 21504K, used 7656K [0x0000000779a00000, 0x000000077af00000, 0x0000000784000000)
  object space 21504K, 35% used [0x0000000779a00000,0x000000077a17a1c8,0x000000077af00000)

