# JRE version: OpenJDK Runtime Environment (7.0_95) (build 1.7.0_95-b00)
# Java VM: OpenJDK 64-Bit Server VM (24.95-b01 mixed mode linux-amd64 compressed oops)
Heap
 PSYoungGen      total 538112K, used 96K [0x00000007d6a80000, 0x00000007faf80000, 0x0000000800000000)
  eden space 519168K, 0% used [0x00000007d6a80000,0x00000007d6a80000,0x00000007f6580000)
  from space 18944K, 0% used [0x00000007f9d00000,0x00000007f9d18000,0x00000007faf80000)
  to   space 19456K, 0% used [0x00000007f8980000,0x00000007f8980000,0x00000007f9c80000)
 ParOldGen       total 84480K, used 36884K [0x0000000784000000, 0x0000000789280000, 0x00000007d6a80000)
  object space 84480K, 43% used [0x0000000784000000,0x0000000786405030,0x0000000789280000)
 PSPermGen       total 21504K, used 7657K [0x0000000779a00000, 0x000000077af00000, 0x0000000784000000)
  object space 21504K, 35% used [0x0000000779a00000,0x000000077a17a5b0,0x000000077af00000)
GC Heap History (10 events):
Event: 59.188 GC heap after
Heap after GC invocations=13 (full 0):
 PSYoungGen      total 447488K, used 96K [0x00000007d6a80000, 0x00000007fd780000, 0x0000000800000000)
  eden space 425984K, 0% used [0x00000007d6a80000,0x00000007d6a80000,0x00000007f0a80000)
  from space 21504K, 0% used [0x00000007fad80000,0x00000007fad98000,0x00000007fc280000)
  to   space 21504K, 0% used [0x00000007fc280000,0x00000007fc280000,0x00000007fd780000)
 ParOldGen       total 84480K, used 36781K [0x0000000784000000, 0x0000000789280000, 0x00000007d6a80000)
  object space 84480K, 43% used [0x0000000784000000,0x00000007863eb468,0x0000000789280000)
 PSPermGen       total 21504K, used 7657K [0x0000000779a00000, 0x000000077af00000, 0x0000000784000000)
  object space 21504K, 35% used [0x0000000779a00000,0x000000077a17a508,0x000000077af00000)
}
Event: 68.243 GC heap before
{Heap before GC invocations=14 (full 0):
 PSYoungGen      total 447488K, used 426080K [0x00000007d6a80000, 0x00000007fd780000, 0x0000000800000000)
  eden space 425984K, 100% used [0x00000007d6a80000,0x00000007f0a80000,0x00000007f0a80000)
  from space 21504K, 0% used [0x00000007fad80000,0x00000007fad98000,0x00000007fc280000)
  to   space 21504K, 0% used [0x00000007fc280000,0x00000007fc280000,0x00000007fd780000)
 ParOldGen       total 84480K, used 36781K [0x0000000784000000, 0x0000000789280000, 0x00000007d6a80000)
  object space 84480K, 43% used [0x0000000784000000,0x00000007863eb468,0x0000000789280000)
 PSPermGen       total 21504K, used 7657K [0x0000000779a00000, 0x000000077af00000, 0x0000000784000000)
  object space 21504K, 35% used [0x0000000779a00000,0x000000077a17a508,0x000000077af00000)
Event: 68.244 GC heap after
Heap after GC invocations=14 (full 0):
 PSYoungGen      total 407040K, used 64K [0x00000007d6a80000, 0x00000007fc300000, 0x0000000800000000)
  eden space 406528K, 0% used [0x00000007d6a80000,0x00000007d6a80000,0x00000007ef780000)
  from space 512K, 12% used [0x00000007fc280000,0x00000007fc290000,0x00000007fc300000)
  to   space 20992K, 0% used [0x00000007f9a00000,0x00000007f9a00000,0x00000007fae80000)
 ParOldGen       total 84480K, used 36812K [0x0000000784000000, 0x0000000789280000, 0x00000007d6a80000)
  object space 84480K, 43% used [0x0000000784000000,0x00000007863f3330,0x0000000789280000)
 PSPermGen       total 21504K, used 7657K [0x0000000779a00000, 0x000000077af00000, 0x0000000784000000)
  object space 21504K, 35% used [0x0000000779a00000,0x000000077a17a508,0x000000077af00000)
}
Event: 76.857 GC heap before
{Heap before GC invocations=15 (full 0):
 PSYoungGen      total 407040K, used 406592K [0x00000007d6a80000, 0x00000007fc300000, 0x0000000800000000)
  eden space 406528K, 100% used [0x00000007d6a80000,0x00000007ef780000,0x00000007ef780000)
  from space 512K, 12% used [0x00000007fc280000,0x00000007fc290000,0x00000007fc300000)
  to   space 20992K, 0% used [0x00000007f9a00000,0x00000007f9a00000,0x00000007fae80000)
 ParOldGen       total 84480K, used 36812K [0x0000000784000000, 0x0000000789280000, 0x00000007d6a80000)
  object space 84480K, 43% used [0x0000000784000000,0x00000007863f3330,0x0000000789280000)
 PSPermGen       total 21504K, used 7657K [0x0000000779a00000, 0x000000077af00000, 0x0000000784000000)
  object space 21504K, 35% used [0x0000000779a00000,0x000000077a17a508,0x000000077af00000)
Event: 76.858 GC heap after
Heap after GC invocations=15 (full 0):
 PSYoungGen      total 409088K, used 64K [0x00000007d6a80000, 0x00000007fc300000, 0x0000000800000000)
  eden space 388096K, 0% used [0x00000007d6a80000,0x00000007d6a80000,0x00000007ee580000)
  from space 20992K, 0% used [0x00000007f9a00000,0x00000007f9a10000,0x00000007fae80000)
  to   space 20480K, 0% used [0x00000007faf00000,0x00000007faf00000,0x00000007fc300000)
 ParOldGen       total 84480K, used 36828K [0x0000000784000000, 0x0000000789280000, 0x00000007d6a80000)
  object space 84480K, 43% used [0x0000000784000000,0x00000007863f7330,0x0000000789280000)
 PSPermGen       total 21504K, used 7657K [0x0000000779a00000, 0x000000077af00000, 0x0000000784000000)
  object space 21504K, 35% used [0x0000000779a00000,0x000000077a17a508,0x000000077af00000)
}
Event: 83.705 GC heap before
{Heap before GC invocations=16 (full 0):
 PSYoungGen      total 409088K, used 388160K [0x00000007d6a80000, 0x00000007fc300000, 0x0000000800000000)
  eden space 388096K, 100% used [0x00000007d6a80000,0x00000007ee580000,0x00000007ee580000)
  from space 20992K, 0% used [0x00000007f9a00000,0x00000007f9a10000,0x00000007fae80000)
  to   space 20480K, 0% used [0x00000007faf00000,0x00000007faf00000,0x00000007fc300000)
 ParOldGen       total 84480K, used 36828K [0x0000000784000000, 0x0000000789280000, 0x00000007d6a80000)
  object space 84480K, 43% used [0x0000000784000000,0x00000007863f7330,0x0000000789280000)
 PSPermGen       total 21504K, used 7657K [0x0000000779a00000, 0x000000077af00000, 0x0000000784000000)
  object space 21504K, 35% used [0x0000000779a00000,0x000000077a17a508,0x000000077af00000)
Event: 83.706 GC heap after
Heap after GC invocations=16 (full 0):
 PSYoungGen      total 371200K, used 64K [0x00000007d6a80000, 0x00000007faf80000, 0x0000000800000000)
  eden space 370688K, 0% used [0x00000007d6a80000,0x00000007d6a80000,0x00000007ed480000)
  from space 512K, 12% used [0x00000007faf00000,0x00000007faf10000,0x00000007faf80000)
  to   space 19456K, 0% used [0x00000007f8980000,0x00000007f8980000,0x00000007f9c80000)
 ParOldGen       total 84480K, used 36844K [0x0000000784000000, 0x0000000789280000, 0x00000007d6a80000)
  object space 84480K, 43% used [0x0000000784000000,0x00000007863fb330,0x0000000789280000)
 PSPermGen       total 21504K, used 7657K [0x0000000779a00000, 0x000000077af00000, 0x0000000784000000)
  object space 21504K, 35% used [0x0000000779a00000,0x000000077a17a508,0x000000077af00000)
}
Event: 94.880 GC heap before
{Heap before GC invocations=17 (full 0):
 PSYoungGen      total 371200K, used 370752K [0x00000007d6a80000, 0x00000007faf80000, 0x0000000800000000)
  eden space 370688K, 100% used [0x00000007d6a80000,0x00000007ed480000,0x00000007ed480000)
  from space 512K, 12% used [0x00000007faf00000,0x00000007faf10000,0x00000007faf80000)
  to   space 19456K, 0% used [0x00000007f8980000,0x00000007f8980000,0x00000007f9c80000)
 ParOldGen       total 84480K, used 36844K [0x0000000784000000, 0x0000000789280000, 0x00000007d6a80000)
  object space 84480K, 43% used [0x0000000784000000,0x00000007863fb330,0x0000000789280000)
 PSPermGen       total 21504K, used 7657K [0x0000000779a00000, 0x000000077af00000, 0x0000000784000000)
  object space 21504K, 35% used [0x0000000779a00000,0x000000077a17a508,0x000000077af00000)
Event: 96.294 GC heap after
Heap after GC invocations=17 (full 0):
 PSYoungGen      total 538624K, used 64K [0x00000007d6a80000, 0x00000007faf80000, 0x0000000800000000)
  eden space 519168K, 0% used [0x00000007d6a80000,0x00000007d6a80000,0x00000007f6580000)
  from space 19456K, 0% used [0x00000007f8980000,0x00000007f8990000,0x00000007f9c80000)
  to   space 18944K, 0% used [0x00000007f9d00000,0x00000007f9d00000,0x00000007faf80000)
 ParOldGen       total 84480K, used 36868K [0x0000000784000000, 0x0000000789280000, 0x00000007d6a80000)
  object space 84480K, 43% used [0x0000000784000000,0x0000000786401030,0x0000000789280000)
 PSPermGen       total 21504K, used 7657K [0x0000000779a00000, 0x000000077af00000, 0x0000000784000000)
  object space 21504K, 35% used [0x0000000779a00000,0x000000077a17a508,0x000000077af00000)
}
Event: 126.889 GC heap before
{Heap before GC invocations=18 (full 0):
 PSYoungGen      total 538624K, used 519232K [0x00000007d6a80000, 0x00000007faf80000, 0x0000000800000000)
  eden space 519168K, 100% used [0x00000007d6a80000,0x00000007f6580000,0x00000007f6580000)
  from space 19456K, 0% used [0x00000007f8980000,0x00000007f8990000,0x00000007f9c80000)
  to   space 18944K, 0% used [0x00000007f9d00000,0x00000007f9d00000,0x00000007faf80000)
 ParOldGen       total 84480K, used 36868K [0x0000000784000000, 0x0000000789280000, 0x00000007d6a80000)
  object space 84480K, 43% used [0x0000000784000000,0x0000000786401030,0x0000000789280000)
 PSPermGen       total 21504K, used 7657K [0x0000000779a00000, 0x000000077af00000, 0x0000000784000000)
  object space 21504K, 35% used [0x0000000779a00000,0x000000077a17a5b0,0x000000077af00000)

