# JRE version: OpenJDK Runtime Environment (7.0_95) (build 1.7.0_95-b00)
# Java VM: OpenJDK 64-Bit Server VM (24.95-b01 mixed mode linux-amd64 compressed oops)
Heap
 PSYoungGen      total 540160K, used 11641K [0x00000007d6a80000, 0x00000007f9980000, 0x0000000800000000)
  eden space 507904K, 0% used [0x00000007d6a80000,0x00000007d6a80000,0x00000007f5a80000)
  from space 32256K, 36% used [0x00000007f5a80000,0x00000007f65de5d0,0x00000007f7a00000)
  to   space 31744K, 0% used [0x00000007f7a80000,0x00000007f7a80000,0x00000007f9980000)
 ParOldGen       total 84480K, used 54059K [0x0000000784000000, 0x0000000789280000, 0x00000007d6a80000)
  object space 84480K, 63% used [0x0000000784000000,0x00000007874cae20,0x0000000789280000)
 PSPermGen       total 21504K, used 7647K [0x0000000779a00000, 0x000000077af00000, 0x0000000784000000)
  object space 21504K, 35% used [0x0000000779a00000,0x000000077a177ca0,0x000000077af00000)
GC Heap History (10 events):
Event: 3.820 GC heap after
Heap after GC invocations=4 (full 0):
 PSYoungGen      total 134144K, used 5097K [0x00000007d6a80000, 0x00000007df280000, 0x0000000800000000)
  eden space 129024K, 0% used [0x00000007d6a80000,0x00000007d6a80000,0x00000007de880000)
  from space 5120K, 99% used [0x00000007ded80000,0x00000007df27a6b8,0x00000007df280000)
  to   space 5120K, 0% used [0x00000007de880000,0x00000007de880000,0x00000007ded80000)
 ParOldGen       total 84480K, used 16718K [0x0000000784000000, 0x0000000789280000, 0x00000007d6a80000)
  object space 84480K, 19% used [0x0000000784000000,0x0000000785053820,0x0000000789280000)
 PSPermGen       total 21504K, used 7580K [0x0000000779a00000, 0x000000077af00000, 0x0000000784000000)
  object space 21504K, 35% used [0x0000000779a00000,0x000000077a167378,0x000000077af00000)
}
Event: 4.503 GC heap before
{Heap before GC invocations=5 (full 0):
 PSYoungGen      total 134144K, used 134121K [0x00000007d6a80000, 0x00000007df280000, 0x0000000800000000)
  eden space 129024K, 100% used [0x00000007d6a80000,0x00000007de880000,0x00000007de880000)
  from space 5120K, 99% used [0x00000007ded80000,0x00000007df27a6b8,0x00000007df280000)
  to   space 5120K, 0% used [0x00000007de880000,0x00000007de880000,0x00000007ded80000)
 ParOldGen       total 84480K, used 16718K [0x0000000784000000, 0x0000000789280000, 0x00000007d6a80000)
  object space 84480K, 19% used [0x0000000784000000,0x0000000785053820,0x0000000789280000)
 PSPermGen       total 21504K, used 7585K [0x0000000779a00000, 0x000000077af00000, 0x0000000784000000)
  object space 21504K, 35% used [0x0000000779a00000,0x000000077a168410,0x000000077af00000)
Event: 4.532 GC heap after
Heap after GC invocations=5 (full 0):
 PSYoungGen      total 134144K, used 5117K [0x00000007d6a80000, 0x00000007e8880000, 0x0000000800000000)
  eden space 129024K, 0% used [0x00000007d6a80000,0x00000007d6a80000,0x00000007de880000)
  from space 5120K, 99% used [0x00000007de880000,0x00000007ded7f548,0x00000007ded80000)
  to   space 17408K, 0% used [0x00000007e7780000,0x00000007e7780000,0x00000007e8880000)
 ParOldGen       total 84480K, used 27123K [0x0000000784000000, 0x0000000789280000, 0x00000007d6a80000)
  object space 84480K, 32% used [0x0000000784000000,0x0000000785a7cc90,0x0000000789280000)
 PSPermGen       total 21504K, used 7585K [0x0000000779a00000, 0x000000077af00000, 0x0000000784000000)
  object space 21504K, 35% used [0x0000000779a00000,0x000000077a168410,0x000000077af00000)
}
Event: 5.328 GC heap before
{Heap before GC invocations=6 (full 0):
 PSYoungGen      total 134144K, used 134141K [0x00000007d6a80000, 0x00000007e8880000, 0x0000000800000000)
  eden space 129024K, 100% used [0x00000007d6a80000,0x00000007de880000,0x00000007de880000)
  from space 5120K, 99% used [0x00000007de880000,0x00000007ded7f548,0x00000007ded80000)
  to   space 17408K, 0% used [0x00000007e7780000,0x00000007e7780000,0x00000007e8880000)
 ParOldGen       total 84480K, used 27123K [0x0000000784000000, 0x0000000789280000, 0x00000007d6a80000)
  object space 84480K, 32% used [0x0000000784000000,0x0000000785a7cc90,0x0000000789280000)
 PSPermGen       total 21504K, used 7604K [0x0000000779a00000, 0x000000077af00000, 0x0000000784000000)
  object space 21504K, 35% used [0x0000000779a00000,0x000000077a16d158,0x000000077af00000)
Event: 5.371 GC heap after
Heap after GC invocations=6 (full 0):
 PSYoungGen      total 271360K, used 17377K [0x00000007d6a80000, 0x00000007e9080000, 0x0000000800000000)
  eden space 253952K, 0% used [0x00000007d6a80000,0x00000007d6a80000,0x00000007e6280000)
  from space 17408K, 99% used [0x00000007e7780000,0x00000007e8878698,0x00000007e8880000)
  to   space 21504K, 0% used [0x00000007e6280000,0x00000007e6280000,0x00000007e7780000)
 ParOldGen       total 84480K, used 29035K [0x0000000784000000, 0x0000000789280000, 0x00000007d6a80000)
  object space 84480K, 34% used [0x0000000784000000,0x0000000785c5ac90,0x0000000789280000)
 PSPermGen       total 21504K, used 7604K [0x0000000779a00000, 0x000000077af00000, 0x0000000784000000)
  object space 21504K, 35% used [0x0000000779a00000,0x000000077a16d158,0x000000077af00000)
}
Event: 8.137 GC heap before
{Heap before GC invocations=7 (full 0):
 PSYoungGen      total 271360K, used 271329K [0x00000007d6a80000, 0x00000007e9080000, 0x0000000800000000)
  eden space 253952K, 100% used [0x00000007d6a80000,0x00000007e6280000,0x00000007e6280000)
  from space 17408K, 99% used [0x00000007e7780000,0x00000007e8878698,0x00000007e8880000)
  to   space 21504K, 0% used [0x00000007e6280000,0x00000007e6280000,0x00000007e7780000)
 ParOldGen       total 84480K, used 29035K [0x0000000784000000, 0x0000000789280000, 0x00000007d6a80000)
  object space 84480K, 34% used [0x0000000784000000,0x0000000785c5ac90,0x0000000789280000)
 PSPermGen       total 21504K, used 7646K [0x0000000779a00000, 0x000000077af00000, 0x0000000784000000)
  object space 21504K, 35% used [0x0000000779a00000,0x000000077a177ac8,0x000000077af00000)
Event: 8.200 GC heap after
Heap after GC invocations=7 (full 0):
 PSYoungGen      total 275456K, used 21491K [0x00000007d6a80000, 0x00000007f9a80000, 0x0000000800000000)
  eden space 253952K, 0% used [0x00000007d6a80000,0x00000007d6a80000,0x00000007e6280000)
  from space 21504K, 99% used [0x00000007e6280000,0x00000007e777cf78,0x00000007e7780000)
  to   space 32768K, 0% used [0x00000007f7a80000,0x00000007f7a80000,0x00000007f9a80000)
 ParOldGen       total 84480K, used 44438K [0x0000000784000000, 0x0000000789280000, 0x00000007d6a80000)
  object space 84480K, 52% used [0x0000000784000000,0x0000000786b65a68,0x0000000789280000)
 PSPermGen       total 21504K, used 7646K [0x0000000779a00000, 0x000000077af00000, 0x0000000784000000)
  object space 21504K, 35% used [0x0000000779a00000,0x000000077a177ac8,0x000000077af00000)
}
Event: 14.058 GC heap before
{Heap before GC invocations=8 (full 0):
 PSYoungGen      total 275456K, used 275443K [0x00000007d6a80000, 0x00000007f9a80000, 0x0000000800000000)
  eden space 253952K, 100% used [0x00000007d6a80000,0x00000007e6280000,0x00000007e6280000)
  from space 21504K, 99% used [0x00000007e6280000,0x00000007e777cf78,0x00000007e7780000)
  to   space 32768K, 0% used [0x00000007f7a80000,0x00000007f7a80000,0x00000007f9a80000)
 ParOldGen       total 84480K, used 44438K [0x0000000784000000, 0x0000000789280000, 0x00000007d6a80000)
  object space 84480K, 52% used [0x0000000784000000,0x0000000786b65a68,0x0000000789280000)
 PSPermGen       total 21504K, used 7646K [0x0000000779a00000, 0x000000077af00000, 0x0000000784000000)
  object space 21504K, 35% used [0x0000000779a00000,0x000000077a177ae8,0x000000077af00000)
Event: 14.092 GC heap after
Heap after GC invocations=8 (full 0):
 PSYoungGen      total 539648K, used 18680K [0x00000007d6a80000, 0x00000007f9980000, 0x0000000800000000)
  eden space 507904K, 0% used [0x00000007d6a80000,0x00000007d6a80000,0x00000007f5a80000)
  from space 31744K, 58% used [0x00000007f7a80000,0x00000007f8cbe1e8,0x00000007f9980000)
  to   space 32256K, 0% used [0x00000007f5a80000,0x00000007f5a80000,0x00000007f7a00000)
 ParOldGen       total 84480K, used 46949K [0x0000000784000000, 0x0000000789280000, 0x00000007d6a80000)
  object space 84480K, 55% used [0x0000000784000000,0x0000000786dd9430,0x0000000789280000)
 PSPermGen       total 21504K, used 7646K [0x0000000779a00000, 0x000000077af00000, 0x0000000784000000)
  object space 21504K, 35% used [0x0000000779a00000,0x000000077a177ae8,0x000000077af00000)
}
Event: 27.919 GC heap before
{Heap before GC invocations=9 (full 0):
 PSYoungGen      total 539648K, used 526584K [0x00000007d6a80000, 0x00000007f9980000, 0x0000000800000000)
  eden space 507904K, 100% used [0x00000007d6a80000,0x00000007f5a80000,0x00000007f5a80000)
  from space 31744K, 58% used [0x00000007f7a80000,0x00000007f8cbe1e8,0x00000007f9980000)
  to   space 32256K, 0% used [0x00000007f5a80000,0x00000007f5a80000,0x00000007f7a00000)
 ParOldGen       total 84480K, used 46949K [0x0000000784000000, 0x0000000789280000, 0x00000007d6a80000)
  object space 84480K, 55% used [0x0000000784000000,0x0000000786dd9430,0x0000000789280000)
 PSPermGen       total 21504K, used 7647K [0x0000000779a00000, 0x000000077af00000, 0x0000000784000000)
  object space 21504K, 35% used [0x0000000779a00000,0x000000077a177ca0,0x000000077af00000)

