# JRE version: OpenJDK Runtime Environment (7.0_95) (build 1.7.0_95-b00)
# Java VM: OpenJDK 64-Bit Server VM (24.95-b01 mixed mode linux-amd64 compressed oops)
Heap
 PSYoungGen      total 539136K, used 96K [0x00000007d6a80000, 0x00000007fcf00000, 0x0000000800000000)
  eden space 515584K, 0% used [0x00000007d6a80000,0x00000007d6a80000,0x00000007f6200000)
  from space 23552K, 0% used [0x00000007fb800000,0x00000007fb818000,0x00000007fcf00000)
  to   space 24064K, 0% used [0x00000007fa000000,0x00000007fa000000,0x00000007fb780000)
 ParOldGen       total 84480K, used 41228K [0x0000000784000000, 0x0000000789280000, 0x00000007d6a80000)
  object space 84480K, 48% used [0x0000000784000000,0x00000007868430d0,0x0000000789280000)
 PSPermGen       total 21504K, used 7621K [0x0000000779a00000, 0x000000077af00000, 0x0000000784000000)
  object space 21504K, 35% used [0x0000000779a00000,0x000000077a1714d8,0x000000077af00000)
GC Heap History (10 events):
Event: 48.167 GC heap after
Heap after GC invocations=13 (full 0):
 PSYoungGen      total 651264K, used 32K [0x00000007d6a80000, 0x00000007fff80000, 0x0000000800000000)
  eden space 625152K, 0% used [0x00000007d6a80000,0x00000007d6a80000,0x00000007fcd00000)
  from space 26112K, 0% used [0x00000007fcd00000,0x00000007fcd08000,0x00000007fe680000)
  to   space 25600K, 0% used [0x00000007fe680000,0x00000007fe680000,0x00000007fff80000)
 ParOldGen       total 84480K, used 41147K [0x0000000784000000, 0x0000000789280000, 0x00000007d6a80000)
  object space 84480K, 48% used [0x0000000784000000,0x000000078682efb0,0x0000000789280000)
 PSPermGen       total 21504K, used 7620K [0x0000000779a00000, 0x000000077af00000, 0x0000000784000000)
  object space 21504K, 35% used [0x0000000779a00000,0x000000077a171298,0x000000077af00000)
}
Event: 67.267 GC heap before
{Heap before GC invocations=14 (full 0):
 PSYoungGen      total 651264K, used 625184K [0x00000007d6a80000, 0x00000007fff80000, 0x0000000800000000)
  eden space 625152K, 100% used [0x00000007d6a80000,0x00000007fcd00000,0x00000007fcd00000)
  from space 26112K, 0% used [0x00000007fcd00000,0x00000007fcd08000,0x00000007fe680000)
  to   space 25600K, 0% used [0x00000007fe680000,0x00000007fe680000,0x00000007fff80000)
 ParOldGen       total 84480K, used 41147K [0x0000000784000000, 0x0000000789280000, 0x00000007d6a80000)
  object space 84480K, 48% used [0x0000000784000000,0x000000078682efb0,0x0000000789280000)
 PSPermGen       total 21504K, used 7620K [0x0000000779a00000, 0x000000077af00000, 0x0000000784000000)
  object space 21504K, 35% used [0x0000000779a00000,0x000000077a171298,0x000000077af00000)
Event: 67.268 GC heap after
Heap after GC invocations=14 (full 0):
 PSYoungGen      total 595968K, used 32K [0x00000007d6a80000, 0x00000007fe700000, 0x0000000800000000)
  eden space 595456K, 0% used [0x00000007d6a80000,0x00000007d6a80000,0x00000007fb000000)
  from space 512K, 6% used [0x00000007fe680000,0x00000007fe688000,0x00000007fe700000)
  to   space 25600K, 0% used [0x00000007fb500000,0x00000007fb500000,0x00000007fce00000)
 ParOldGen       total 84480K, used 41155K [0x0000000784000000, 0x0000000789280000, 0x00000007d6a80000)
  object space 84480K, 48% used [0x0000000784000000,0x0000000786830fb0,0x0000000789280000)
 PSPermGen       total 21504K, used 7620K [0x0000000779a00000, 0x000000077af00000, 0x0000000784000000)
  object space 21504K, 35% used [0x0000000779a00000,0x000000077a171298,0x000000077af00000)
}
Event: 86.034 GC heap before
{Heap before GC invocations=15 (full 0):
 PSYoungGen      total 595968K, used 595488K [0x00000007d6a80000, 0x00000007fe700000, 0x0000000800000000)
  eden space 595456K, 100% used [0x00000007d6a80000,0x00000007fb000000,0x00000007fb000000)
  from space 512K, 6% used [0x00000007fe680000,0x00000007fe688000,0x00000007fe700000)
  to   space 25600K, 0% used [0x00000007fb500000,0x00000007fb500000,0x00000007fce00000)
 ParOldGen       total 84480K, used 41155K [0x0000000784000000, 0x0000000789280000, 0x00000007d6a80000)
  object space 84480K, 48% used [0x0000000784000000,0x0000000786830fb0,0x0000000789280000)
 PSPermGen       total 21504K, used 7620K [0x0000000779a00000, 0x000000077af00000, 0x0000000784000000)
  object space 21504K, 35% used [0x0000000779a00000,0x000000077a171298,0x000000077af00000)
Event: 86.035 GC heap after
Heap after GC invocations=15 (full 0):
 PSYoungGen      total 592896K, used 64K [0x00000007d6a80000, 0x00000007fe700000, 0x0000000800000000)
  eden space 567296K, 0% used [0x00000007d6a80000,0x00000007d6a80000,0x00000007f9480000)
  from space 25600K, 0% used [0x00000007fb500000,0x00000007fb510000,0x00000007fce00000)
  to   space 25088K, 0% used [0x00000007fce80000,0x00000007fce80000,0x00000007fe700000)
 ParOldGen       total 84480K, used 41188K [0x0000000784000000, 0x0000000789280000, 0x00000007d6a80000)
  object space 84480K, 48% used [0x0000000784000000,0x00000007868390d0,0x0000000789280000)
 PSPermGen       total 21504K, used 7620K [0x0000000779a00000, 0x000000077af00000, 0x0000000784000000)
  object space 21504K, 35% used [0x0000000779a00000,0x000000077a171298,0x000000077af00000)
}
Event: 100.954 GC heap before
{Heap before GC invocations=16 (full 0):
 PSYoungGen      total 592896K, used 567360K [0x00000007d6a80000, 0x00000007fe700000, 0x0000000800000000)
  eden space 567296K, 100% used [0x00000007d6a80000,0x00000007f9480000,0x00000007f9480000)
  from space 25600K, 0% used [0x00000007fb500000,0x00000007fb510000,0x00000007fce00000)
  to   space 25088K, 0% used [0x00000007fce80000,0x00000007fce80000,0x00000007fe700000)
 ParOldGen       total 84480K, used 41188K [0x0000000784000000, 0x0000000789280000, 0x00000007d6a80000)
  object space 84480K, 48% used [0x0000000784000000,0x00000007868390d0,0x0000000789280000)
 PSPermGen       total 21504K, used 7620K [0x0000000779a00000, 0x000000077af00000, 0x0000000784000000)
  object space 21504K, 35% used [0x0000000779a00000,0x000000077a171298,0x000000077af00000)
Event: 100.955 GC heap after
Heap after GC invocations=16 (full 0):
 PSYoungGen      total 541184K, used 64K [0x00000007d6a80000, 0x00000007fcf00000, 0x0000000800000000)
  eden space 540672K, 0% used [0x00000007d6a80000,0x00000007d6a80000,0x00000007f7a80000)
  from space 512K, 12% used [0x00000007fce80000,0x00000007fce90000,0x00000007fcf00000)
  to   space 24064K, 0% used [0x00000007fa000000,0x00000007fa000000,0x00000007fb780000)
 ParOldGen       total 84480K, used 41204K [0x0000000784000000, 0x0000000789280000, 0x00000007d6a80000)
  object space 84480K, 48% used [0x0000000784000000,0x000000078683d0d0,0x0000000789280000)
 PSPermGen       total 21504K, used 7620K [0x0000000779a00000, 0x000000077af00000, 0x0000000784000000)
  object space 21504K, 35% used [0x0000000779a00000,0x000000077a171298,0x000000077af00000)
}
Event: 121.616 GC heap before
{Heap before GC invocations=17 (full 0):
 PSYoungGen      total 541184K, used 540736K [0x00000007d6a80000, 0x00000007fcf00000, 0x0000000800000000)
  eden space 540672K, 100% used [0x00000007d6a80000,0x00000007f7a80000,0x00000007f7a80000)
  from space 512K, 12% used [0x00000007fce80000,0x00000007fce90000,0x00000007fcf00000)
  to   space 24064K, 0% used [0x00000007fa000000,0x00000007fa000000,0x00000007fb780000)
 ParOldGen       total 84480K, used 41204K [0x0000000784000000, 0x0000000789280000, 0x00000007d6a80000)
  object space 84480K, 48% used [0x0000000784000000,0x000000078683d0d0,0x0000000789280000)
 PSPermGen       total 21504K, used 7620K [0x0000000779a00000, 0x000000077af00000, 0x0000000784000000)
  object space 21504K, 35% used [0x0000000779a00000,0x000000077a171298,0x000000077af00000)
Event: 121.617 GC heap after
Heap after GC invocations=17 (full 0):
 PSYoungGen      total 539648K, used 64K [0x00000007d6a80000, 0x00000007fcf00000, 0x0000000800000000)
  eden space 515584K, 0% used [0x00000007d6a80000,0x00000007d6a80000,0x00000007f6200000)
  from space 24064K, 0% used [0x00000007fa000000,0x00000007fa010000,0x00000007fb780000)
  to   space 23552K, 0% used [0x00000007fb800000,0x00000007fb800000,0x00000007fcf00000)
 ParOldGen       total 84480K, used 41220K [0x0000000784000000, 0x0000000789280000, 0x00000007d6a80000)
  object space 84480K, 48% used [0x0000000784000000,0x00000007868410d0,0x0000000789280000)
 PSPermGen       total 21504K, used 7620K [0x0000000779a00000, 0x000000077af00000, 0x0000000784000000)
  object space 21504K, 35% used [0x0000000779a00000,0x000000077a171298,0x000000077af00000)
}
Event: 142.613 GC heap before
{Heap before GC invocations=18 (full 0):
 PSYoungGen      total 539648K, used 515648K [0x00000007d6a80000, 0x00000007fcf00000, 0x0000000800000000)
  eden space 515584K, 100% used [0x00000007d6a80000,0x00000007f6200000,0x00000007f6200000)
  from space 24064K, 0% used [0x00000007fa000000,0x00000007fa010000,0x00000007fb780000)
  to   space 23552K, 0% used [0x00000007fb800000,0x00000007fb800000,0x00000007fcf00000)
 ParOldGen       total 84480K, used 41220K [0x0000000784000000, 0x0000000789280000, 0x00000007d6a80000)
  object space 84480K, 48% used [0x0000000784000000,0x00000007868410d0,0x0000000789280000)
 PSPermGen       total 21504K, used 7621K [0x0000000779a00000, 0x000000077af00000, 0x0000000784000000)
  object space 21504K, 35% used [0x0000000779a00000,0x000000077a1714d8,0x000000077af00000)

