# JRE version: OpenJDK Runtime Environment (7.0_95) (build 1.7.0_95-b00)
# Java VM: OpenJDK 64-Bit Server VM (24.95-b01 mixed mode linux-amd64 compressed oops)
Heap
 PSYoungGen      total 535040K, used 128K [0x00000007d6a80000, 0x00000007f8780000, 0x0000000800000000)
  eden space 516096K, 0% used [0x00000007d6a80000,0x00000007d6a80000,0x00000007f6280000)
  from space 18944K, 0% used [0x00000007f6280000,0x00000007f62a0000,0x00000007f7500000)
  to   space 18944K, 0% used [0x00000007f7500000,0x00000007f7500000,0x00000007f8780000)
 ParOldGen       total 84480K, used 34417K [0x0000000784000000, 0x0000000789280000, 0x00000007d6a80000)
  object space 84480K, 40% used [0x0000000784000000,0x000000078619c478,0x0000000789280000)
 PSPermGen       total 21504K, used 7634K [0x0000000779a00000, 0x000000077af00000, 0x0000000784000000)
  object space 21504K, 35% used [0x0000000779a00000,0x000000077a174a98,0x000000077af00000)
GC Heap History (10 events):
Event: 3.611 GC heap after
Heap after GC invocations=4 (full 0):
 PSYoungGen      total 134144K, used 5093K [0x00000007d6a80000, 0x00000007df280000, 0x0000000800000000)
  eden space 129024K, 0% used [0x00000007d6a80000,0x00000007d6a80000,0x00000007de880000)
  from space 5120K, 99% used [0x00000007ded80000,0x00000007df279568,0x00000007df280000)
  to   space 5120K, 0% used [0x00000007de880000,0x00000007de880000,0x00000007ded80000)
 ParOldGen       total 84480K, used 15247K [0x0000000784000000, 0x0000000789280000, 0x00000007d6a80000)
  object space 84480K, 18% used [0x0000000784000000,0x0000000784ee3ff8,0x0000000789280000)
 PSPermGen       total 21504K, used 7585K [0x0000000779a00000, 0x000000077af00000, 0x0000000784000000)
  object space 21504K, 35% used [0x0000000779a00000,0x000000077a168440,0x000000077af00000)
}
Event: 4.231 GC heap before
{Heap before GC invocations=5 (full 0):
 PSYoungGen      total 134144K, used 134117K [0x00000007d6a80000, 0x00000007df280000, 0x0000000800000000)
  eden space 129024K, 100% used [0x00000007d6a80000,0x00000007de880000,0x00000007de880000)
  from space 5120K, 99% used [0x00000007ded80000,0x00000007df279568,0x00000007df280000)
  to   space 5120K, 0% used [0x00000007de880000,0x00000007de880000,0x00000007ded80000)
 ParOldGen       total 84480K, used 15247K [0x0000000784000000, 0x0000000789280000, 0x00000007d6a80000)
  object space 84480K, 18% used [0x0000000784000000,0x0000000784ee3ff8,0x0000000789280000)
 PSPermGen       total 21504K, used 7600K [0x0000000779a00000, 0x000000077af00000, 0x0000000784000000)
  object space 21504K, 35% used [0x0000000779a00000,0x000000077a16c188,0x000000077af00000)
Event: 4.257 GC heap after
Heap after GC invocations=5 (full 0):
 PSYoungGen      total 134144K, used 5109K [0x00000007d6a80000, 0x00000007e8e80000, 0x0000000800000000)
  eden space 129024K, 0% used [0x00000007d6a80000,0x00000007d6a80000,0x00000007de880000)
  from space 5120K, 99% used [0x00000007de880000,0x00000007ded7d730,0x00000007ded80000)
  to   space 20480K, 0% used [0x00000007e7a80000,0x00000007e7a80000,0x00000007e8e80000)
 ParOldGen       total 84480K, used 28295K [0x0000000784000000, 0x0000000789280000, 0x00000007d6a80000)
  object space 84480K, 33% used [0x0000000784000000,0x0000000785ba1cb0,0x0000000789280000)
 PSPermGen       total 21504K, used 7600K [0x0000000779a00000, 0x000000077af00000, 0x0000000784000000)
  object space 21504K, 35% used [0x0000000779a00000,0x000000077a16c188,0x000000077af00000)
}
Event: 6.166 GC heap before
{Heap before GC invocations=6 (full 0):
 PSYoungGen      total 134144K, used 134133K [0x00000007d6a80000, 0x00000007e8e80000, 0x0000000800000000)
  eden space 129024K, 100% used [0x00000007d6a80000,0x00000007de880000,0x00000007de880000)
  from space 5120K, 99% used [0x00000007de880000,0x00000007ded7d730,0x00000007ded80000)
  to   space 20480K, 0% used [0x00000007e7a80000,0x00000007e7a80000,0x00000007e8e80000)
 ParOldGen       total 84480K, used 28295K [0x0000000784000000, 0x0000000789280000, 0x00000007d6a80000)
  object space 84480K, 33% used [0x0000000784000000,0x0000000785ba1cb0,0x0000000789280000)
 PSPermGen       total 21504K, used 7633K [0x0000000779a00000, 0x000000077af00000, 0x0000000784000000)
  object space 21504K, 35% used [0x0000000779a00000,0x000000077a174720,0x000000077af00000)
Event: 6.191 GC heap after
Heap after GC invocations=6 (full 0):
 PSYoungGen      total 276480K, used 8483K [0x00000007d6a80000, 0x00000007e8c80000, 0x0000000800000000)
  eden space 258048K, 0% used [0x00000007d6a80000,0x00000007d6a80000,0x00000007e6680000)
  from space 18432K, 46% used [0x00000007e7a80000,0x00000007e82c8df0,0x00000007e8c80000)
  to   space 19456K, 0% used [0x00000007e6680000,0x00000007e6680000,0x00000007e7980000)
 ParOldGen       total 84480K, used 28295K [0x0000000784000000, 0x0000000789280000, 0x00000007d6a80000)
  object space 84480K, 33% used [0x0000000784000000,0x0000000785ba1cb0,0x0000000789280000)
 PSPermGen       total 21504K, used 7633K [0x0000000779a00000, 0x000000077af00000, 0x0000000784000000)
  object space 21504K, 35% used [0x0000000779a00000,0x000000077a174720,0x000000077af00000)
}
Event: 10.988 GC heap before
{Heap before GC invocations=7 (full 0):
 PSYoungGen      total 276480K, used 266531K [0x00000007d6a80000, 0x00000007e8c80000, 0x0000000800000000)
  eden space 258048K, 100% used [0x00000007d6a80000,0x00000007e6680000,0x00000007e6680000)
  from space 18432K, 46% used [0x00000007e7a80000,0x00000007e82c8df0,0x00000007e8c80000)
  to   space 19456K, 0% used [0x00000007e6680000,0x00000007e6680000,0x00000007e7980000)
 ParOldGen       total 84480K, used 28295K [0x0000000784000000, 0x0000000789280000, 0x00000007d6a80000)
  object space 84480K, 33% used [0x0000000784000000,0x0000000785ba1cb0,0x0000000789280000)
 PSPermGen       total 21504K, used 7634K [0x0000000779a00000, 0x000000077af00000, 0x0000000784000000)
  object space 21504K, 35% used [0x0000000779a00000,0x000000077a1748c0,0x000000077af00000)
Event: 11.004 GC heap after
Heap after GC invocations=7 (full 0):
 PSYoungGen      total 277504K, used 6538K [0x00000007d6a80000, 0x00000007f8780000, 0x0000000800000000)
  eden space 258048K, 0% used [0x00000007d6a80000,0x00000007d6a80000,0x00000007e6680000)
  from space 19456K, 33% used [0x00000007e6680000,0x00000007e6ce29f0,0x00000007e7980000)
  to   space 18944K, 0% used [0x00000007f7500000,0x00000007f7500000,0x00000007f8780000)
 ParOldGen       total 84480K, used 29691K [0x0000000784000000, 0x0000000789280000, 0x00000007d6a80000)
  object space 84480K, 35% used [0x0000000784000000,0x0000000785cfecc8,0x0000000789280000)
 PSPermGen       total 21504K, used 7634K [0x0000000779a00000, 0x000000077af00000, 0x0000000784000000)
  object space 21504K, 35% used [0x0000000779a00000,0x000000077a1748c0,0x000000077af00000)
}
Event: 15.815 GC heap before
{Heap before GC invocations=8 (full 0):
 PSYoungGen      total 277504K, used 264586K [0x00000007d6a80000, 0x00000007f8780000, 0x0000000800000000)
  eden space 258048K, 100% used [0x00000007d6a80000,0x00000007e6680000,0x00000007e6680000)
  from space 19456K, 33% used [0x00000007e6680000,0x00000007e6ce29f0,0x00000007e7980000)
  to   space 18944K, 0% used [0x00000007f7500000,0x00000007f7500000,0x00000007f8780000)
 ParOldGen       total 84480K, used 29691K [0x0000000784000000, 0x0000000789280000, 0x00000007d6a80000)
  object space 84480K, 35% used [0x0000000784000000,0x0000000785cfecc8,0x0000000789280000)
 PSPermGen       total 21504K, used 7634K [0x0000000779a00000, 0x000000077af00000, 0x0000000784000000)
  object space 21504K, 35% used [0x0000000779a00000,0x000000077a174a98,0x000000077af00000)
Event: 15.829 GC heap after
Heap after GC invocations=8 (full 0):
 PSYoungGen      total 535040K, used 3081K [0x00000007d6a80000, 0x00000007f8780000, 0x0000000800000000)
  eden space 516096K, 0% used [0x00000007d6a80000,0x00000007d6a80000,0x00000007f6280000)
  from space 18944K, 16% used [0x00000007f7500000,0x00000007f7802500,0x00000007f8780000)
  to   space 18944K, 0% used [0x00000007f6280000,0x00000007f6280000,0x00000007f7500000)
 ParOldGen       total 84480K, used 31361K [0x0000000784000000, 0x0000000789280000, 0x00000007d6a80000)
  object space 84480K, 37% used [0x0000000784000000,0x0000000785ea0550,0x0000000789280000)
 PSPermGen       total 21504K, used 7634K [0x0000000779a00000, 0x000000077af00000, 0x0000000784000000)
  object space 21504K, 35% used [0x0000000779a00000,0x000000077a174a98,0x000000077af00000)
}
Event: 32.023 GC heap before
{Heap before GC invocations=9 (full 0):
 PSYoungGen      total 535040K, used 519177K [0x00000007d6a80000, 0x00000007f8780000, 0x0000000800000000)
  eden space 516096K, 100% used [0x00000007d6a80000,0x00000007f6280000,0x00000007f6280000)
  from space 18944K, 16% used [0x00000007f7500000,0x00000007f7802500,0x00000007f8780000)
  to   space 18944K, 0% used [0x00000007f6280000,0x00000007f6280000,0x00000007f7500000)
 ParOldGen       total 84480K, used 31361K [0x0000000784000000, 0x0000000789280000, 0x00000007d6a80000)
  object space 84480K, 37% used [0x0000000784000000,0x0000000785ea0550,0x0000000789280000)
 PSPermGen       total 21504K, used 7634K [0x0000000779a00000, 0x000000077af00000, 0x0000000784000000)
  object space 21504K, 35% used [0x0000000779a00000,0x000000077a174a98,0x000000077af00000)

