# JRE version: OpenJDK Runtime Environment (7.0_95) (build 1.7.0_95-b00)
# Java VM: OpenJDK 64-Bit Server VM (24.95-b01 mixed mode linux-amd64 compressed oops)
Heap
 PSYoungGen      total 425984K, used 32K [0x00000007d6a80000, 0x00000007f1800000, 0x0000000800000000)
  eden space 412672K, 0% used [0x00000007d6a80000,0x00000007d6a80000,0x00000007efd80000)
  from space 13312K, 0% used [0x00000007efd80000,0x00000007efd88000,0x00000007f0a80000)
  to   space 12800K, 0% used [0x00000007f0a80000,0x00000007f0a80000,0x00000007f1700000)
 ParOldGen       total 84480K, used 19741K [0x0000000784000000, 0x0000000789280000, 0x00000007d6a80000)
  object space 84480K, 23% used [0x0000000784000000,0x0000000785347480,0x0000000789280000)
 PSPermGen       total 21504K, used 7624K [0x0000000779a00000, 0x000000077af00000, 0x0000000784000000)
  object space 21504K, 35% used [0x0000000779a00000,0x000000077a1722f8,0x000000077af00000)
GC Heap History (10 events):
Event: 3.635 GC heap after
Heap after GC invocations=6 (full 0):
 PSYoungGen      total 141312K, used 5512K [0x00000007d6a80000, 0x00000007e0080000, 0x0000000800000000)
  eden space 129024K, 0% used [0x00000007d6a80000,0x00000007d6a80000,0x00000007de880000)
  from space 12288K, 44% used [0x00000007df480000,0x00000007df9e2030,0x00000007e0080000)
  to   space 12288K, 0% used [0x00000007de880000,0x00000007de880000,0x00000007df480000)
 ParOldGen       total 84480K, used 14392K [0x0000000784000000, 0x0000000789280000, 0x00000007d6a80000)
  object space 84480K, 17% used [0x0000000784000000,0x0000000784e0e2b0,0x0000000789280000)
 PSPermGen       total 21504K, used 7624K [0x0000000779a00000, 0x000000077af00000, 0x0000000784000000)
  object space 21504K, 35% used [0x0000000779a00000,0x000000077a172158,0x000000077af00000)
}
Event: 5.106 GC heap before
{Heap before GC invocations=7 (full 0):
 PSYoungGen      total 141312K, used 134536K [0x00000007d6a80000, 0x00000007e0080000, 0x0000000800000000)
  eden space 129024K, 100% used [0x00000007d6a80000,0x00000007de880000,0x00000007de880000)
  from space 12288K, 44% used [0x00000007df480000,0x00000007df9e2030,0x00000007e0080000)
  to   space 12288K, 0% used [0x00000007de880000,0x00000007de880000,0x00000007df480000)
 ParOldGen       total 84480K, used 14392K [0x0000000784000000, 0x0000000789280000, 0x00000007d6a80000)
  object space 84480K, 17% used [0x0000000784000000,0x0000000784e0e2b0,0x0000000789280000)
 PSPermGen       total 21504K, used 7624K [0x0000000779a00000, 0x000000077af00000, 0x0000000784000000)
  object space 21504K, 35% used [0x0000000779a00000,0x000000077a1722f8,0x000000077af00000)
Event: 5.113 GC heap after
Heap after GC invocations=7 (full 0):
 PSYoungGen      total 141312K, used 4555K [0x00000007d6a80000, 0x00000007e7e80000, 0x0000000800000000)
  eden space 129024K, 0% used [0x00000007d6a80000,0x00000007d6a80000,0x00000007de880000)
  from space 12288K, 37% used [0x00000007de880000,0x00000007decf2cf0,0x00000007df480000)
  to   space 12288K, 0% used [0x00000007e7280000,0x00000007e7280000,0x00000007e7e80000)
 ParOldGen       total 84480K, used 15269K [0x0000000784000000, 0x0000000789280000, 0x00000007d6a80000)
  object space 84480K, 18% used [0x0000000784000000,0x0000000784ee95f0,0x0000000789280000)
 PSPermGen       total 21504K, used 7624K [0x0000000779a00000, 0x000000077af00000, 0x0000000784000000)
  object space 21504K, 35% used [0x0000000779a00000,0x000000077a1722f8,0x000000077af00000)
}
Event: 6.589 GC heap before
{Heap before GC invocations=8 (full 0):
 PSYoungGen      total 141312K, used 133579K [0x00000007d6a80000, 0x00000007e7e80000, 0x0000000800000000)
  eden space 129024K, 100% used [0x00000007d6a80000,0x00000007de880000,0x00000007de880000)
  from space 12288K, 37% used [0x00000007de880000,0x00000007decf2cf0,0x00000007df480000)
  to   space 12288K, 0% used [0x00000007e7280000,0x00000007e7280000,0x00000007e7e80000)
 ParOldGen       total 84480K, used 15269K [0x0000000784000000, 0x0000000789280000, 0x00000007d6a80000)
  object space 84480K, 18% used [0x0000000784000000,0x0000000784ee95f0,0x0000000789280000)
 PSPermGen       total 21504K, used 7624K [0x0000000779a00000, 0x000000077af00000, 0x0000000784000000)
  object space 21504K, 35% used [0x0000000779a00000,0x000000077a1722f8,0x000000077af00000)
Event: 6.603 GC heap after
Heap after GC invocations=8 (full 0):
 PSYoungGen      total 270336K, used 3572K [0x00000007d6a80000, 0x00000007e7e80000, 0x0000000800000000)
  eden space 258048K, 0% used [0x00000007d6a80000,0x00000007d6a80000,0x00000007e6680000)
  from space 12288K, 29% used [0x00000007e7280000,0x00000007e75fd360,0x00000007e7e80000)
  to   space 12288K, 0% used [0x00000007e6680000,0x00000007e6680000,0x00000007e7280000)
 ParOldGen       total 84480K, used 16109K [0x0000000784000000, 0x0000000789280000, 0x00000007d6a80000)
  object space 84480K, 19% used [0x0000000784000000,0x0000000784fbb568,0x0000000789280000)
 PSPermGen       total 21504K, used 7624K [0x0000000779a00000, 0x000000077af00000, 0x0000000784000000)
  object space 21504K, 35% used [0x0000000779a00000,0x000000077a1722f8,0x000000077af00000)
}
Event: 9.952 GC heap before
{Heap before GC invocations=9 (full 0):
 PSYoungGen      total 270336K, used 261620K [0x00000007d6a80000, 0x00000007e7e80000, 0x0000000800000000)
  eden space 258048K, 100% used [0x00000007d6a80000,0x00000007e6680000,0x00000007e6680000)
  from space 12288K, 29% used [0x00000007e7280000,0x00000007e75fd360,0x00000007e7e80000)
  to   space 12288K, 0% used [0x00000007e6680000,0x00000007e6680000,0x00000007e7280000)
 ParOldGen       total 84480K, used 16109K [0x0000000784000000, 0x0000000789280000, 0x00000007d6a80000)
  object space 84480K, 19% used [0x0000000784000000,0x0000000784fbb568,0x0000000789280000)
 PSPermGen       total 21504K, used 7624K [0x0000000779a00000, 0x000000077af00000, 0x0000000784000000)
  object space 21504K, 35% used [0x0000000779a00000,0x000000077a1722f8,0x000000077af00000)
Event: 9.956 GC heap after
Heap after GC invocations=9 (full 0):
 PSYoungGen      total 270336K, used 32K [0x00000007d6a80000, 0x00000007f1700000, 0x0000000800000000)
  eden space 258048K, 0% used [0x00000007d6a80000,0x00000007d6a80000,0x00000007e6680000)
  from space 12288K, 0% used [0x00000007e6680000,0x00000007e6688000,0x00000007e7280000)
  to   space 12800K, 0% used [0x00000007f0a80000,0x00000007f0a80000,0x00000007f1700000)
 ParOldGen       total 84480K, used 19725K [0x0000000784000000, 0x0000000789280000, 0x00000007d6a80000)
  object space 84480K, 23% used [0x0000000784000000,0x0000000785343480,0x0000000789280000)
 PSPermGen       total 21504K, used 7624K [0x0000000779a00000, 0x000000077af00000, 0x0000000784000000)
  object space 21504K, 35% used [0x0000000779a00000,0x000000077a1722f8,0x000000077af00000)
}
Event: 14.074 GC heap before
{Heap before GC invocations=10 (full 0):
 PSYoungGen      total 270336K, used 258080K [0x00000007d6a80000, 0x00000007f1700000, 0x0000000800000000)
  eden space 258048K, 100% used [0x00000007d6a80000,0x00000007e6680000,0x00000007e6680000)
  from space 12288K, 0% used [0x00000007e6680000,0x00000007e6688000,0x00000007e7280000)
  to   space 12800K, 0% used [0x00000007f0a80000,0x00000007f0a80000,0x00000007f1700000)
 ParOldGen       total 84480K, used 19725K [0x0000000784000000, 0x0000000789280000, 0x00000007d6a80000)
  object space 84480K, 23% used [0x0000000784000000,0x0000000785343480,0x0000000789280000)
 PSPermGen       total 21504K, used 7624K [0x0000000779a00000, 0x000000077af00000, 0x0000000784000000)
  object space 21504K, 35% used [0x0000000779a00000,0x000000077a1722f8,0x000000077af00000)
Event: 14.075 GC heap after
Heap after GC invocations=10 (full 0):
 PSYoungGen      total 425472K, used 32K [0x00000007d6a80000, 0x00000007f1800000, 0x0000000800000000)
  eden space 412672K, 0% used [0x00000007d6a80000,0x00000007d6a80000,0x00000007efd80000)
  from space 12800K, 0% used [0x00000007f0a80000,0x00000007f0a88000,0x00000007f1700000)
  to   space 13312K, 0% used [0x00000007efd80000,0x00000007efd80000,0x00000007f0a80000)
 ParOldGen       total 84480K, used 19733K [0x0000000784000000, 0x0000000789280000, 0x00000007d6a80000)
  object space 84480K, 23% used [0x0000000784000000,0x0000000785345480,0x0000000789280000)
 PSPermGen       total 21504K, used 7624K [0x0000000779a00000, 0x000000077af00000, 0x0000000784000000)
  object space 21504K, 35% used [0x0000000779a00000,0x000000077a1722f8,0x000000077af00000)
}
Event: 23.268 GC heap before
{Heap before GC invocations=11 (full 0):
 PSYoungGen      total 425472K, used 412704K [0x00000007d6a80000, 0x00000007f1800000, 0x0000000800000000)
  eden space 412672K, 100% used [0x00000007d6a80000,0x00000007efd80000,0x00000007efd80000)
  from space 12800K, 0% used [0x00000007f0a80000,0x00000007f0a88000,0x00000007f1700000)
  to   space 13312K, 0% used [0x00000007efd80000,0x00000007efd80000,0x00000007f0a80000)
 ParOldGen       total 84480K, used 19733K [0x0000000784000000, 0x0000000789280000, 0x00000007d6a80000)
  object space 84480K, 23% used [0x0000000784000000,0x0000000785345480,0x0000000789280000)
 PSPermGen       total 21504K, used 7624K [0x0000000779a00000, 0x000000077af00000, 0x0000000784000000)
  object space 21504K, 35% used [0x0000000779a00000,0x000000077a1722f8,0x000000077af00000)

