# JRE version: OpenJDK Runtime Environment (7.0_95) (build 1.7.0_95-b00)
# Java VM: OpenJDK 64-Bit Server VM (24.95-b01 mixed mode linux-amd64 compressed oops)
Heap
 PSYoungGen      total 408064K, used 32K [0x00000007d6a80000, 0x00000007fba80000, 0x0000000800000000)
  eden space 385536K, 0% used [0x00000007d6a80000,0x00000007d6a80000,0x00000007ee300000)
  from space 22528K, 0% used [0x00000007fa480000,0x00000007fa488000,0x00000007fba80000)
  to   space 23552K, 0% used [0x00000007f8c80000,0x00000007f8c80000,0x00000007fa380000)
 ParOldGen       total 84480K, used 39698K [0x0000000784000000, 0x0000000789280000, 0x00000007d6a80000)
  object space 84480K, 46% used [0x0000000784000000,0x00000007866c4bf8,0x0000000789280000)
 PSPermGen       total 21504K, used 7657K [0x0000000779a00000, 0x000000077af00000, 0x0000000784000000)
  object space 21504K, 35% used [0x0000000779a00000,0x000000077a17a648,0x000000077af00000)
GC Heap History (10 events):
Event: 48.651 GC heap after
Heap after GC invocations=11 (full 0):
 PSYoungGen      total 489984K, used 32K [0x00000007d6a80000, 0x00000007fe900000, 0x0000000800000000)
  eden space 465408K, 0% used [0x00000007d6a80000,0x00000007d6a80000,0x00000007f3100000)
  from space 24576K, 0% used [0x00000007fb900000,0x00000007fb908000,0x00000007fd100000)
  to   space 24576K, 0% used [0x00000007fd100000,0x00000007fd100000,0x00000007fe900000)
 ParOldGen       total 84480K, used 39619K [0x0000000784000000, 0x0000000789280000, 0x00000007d6a80000)
  object space 84480K, 46% used [0x0000000784000000,0x00000007866b0d30,0x0000000789280000)
 PSPermGen       total 21504K, used 7657K [0x0000000779a00000, 0x000000077af00000, 0x0000000784000000)
  object space 21504K, 35% used [0x0000000779a00000,0x000000077a17a648,0x000000077af00000)
}
Event: 62.631 GC heap before
{Heap before GC invocations=12 (full 0):
 PSYoungGen      total 489984K, used 465440K [0x00000007d6a80000, 0x00000007fe900000, 0x0000000800000000)
  eden space 465408K, 100% used [0x00000007d6a80000,0x00000007f3100000,0x00000007f3100000)
  from space 24576K, 0% used [0x00000007fb900000,0x00000007fb908000,0x00000007fd100000)
  to   space 24576K, 0% used [0x00000007fd100000,0x00000007fd100000,0x00000007fe900000)
 ParOldGen       total 84480K, used 39619K [0x0000000784000000, 0x0000000789280000, 0x00000007d6a80000)
  object space 84480K, 46% used [0x0000000784000000,0x00000007866b0d30,0x0000000789280000)
 PSPermGen       total 21504K, used 7657K [0x0000000779a00000, 0x000000077af00000, 0x0000000784000000)
  object space 21504K, 35% used [0x0000000779a00000,0x000000077a17a648,0x000000077af00000)
Event: 62.632 GC heap after
Heap after GC invocations=12 (full 0):
 PSYoungGen      total 444416K, used 64K [0x00000007d6a80000, 0x00000007fd180000, 0x0000000800000000)
  eden space 443904K, 0% used [0x00000007d6a80000,0x00000007d6a80000,0x00000007f1c00000)
  from space 512K, 12% used [0x00000007fd100000,0x00000007fd110000,0x00000007fd180000)
  to   space 24064K, 0% used [0x00000007fa280000,0x00000007fa280000,0x00000007fba00000)
 ParOldGen       total 84480K, used 39635K [0x0000000784000000, 0x0000000789280000, 0x00000007d6a80000)
  object space 84480K, 46% used [0x0000000784000000,0x00000007866b4d30,0x0000000789280000)
 PSPermGen       total 21504K, used 7657K [0x0000000779a00000, 0x000000077af00000, 0x0000000784000000)
  object space 21504K, 35% used [0x0000000779a00000,0x000000077a17a648,0x000000077af00000)
}
Event: 80.541 GC heap before
{Heap before GC invocations=13 (full 0):
 PSYoungGen      total 444416K, used 443968K [0x00000007d6a80000, 0x00000007fd180000, 0x0000000800000000)
  eden space 443904K, 100% used [0x00000007d6a80000,0x00000007f1c00000,0x00000007f1c00000)
  from space 512K, 12% used [0x00000007fd100000,0x00000007fd110000,0x00000007fd180000)
  to   space 24064K, 0% used [0x00000007fa280000,0x00000007fa280000,0x00000007fba00000)
 ParOldGen       total 84480K, used 39635K [0x0000000784000000, 0x0000000789280000, 0x00000007d6a80000)
  object space 84480K, 46% used [0x0000000784000000,0x00000007866b4d30,0x0000000789280000)
 PSPermGen       total 21504K, used 7657K [0x0000000779a00000, 0x000000077af00000, 0x0000000784000000)
  object space 21504K, 35% used [0x0000000779a00000,0x000000077a17a648,0x000000077af00000)
Event: 80.543 GC heap after
Heap after GC invocations=13 (full 0):
 PSYoungGen      total 447488K, used 32K [0x00000007d6a80000, 0x00000007fd180000, 0x0000000800000000)
  eden space 423424K, 0% used [0x00000007d6a80000,0x00000007d6a80000,0x00000007f0800000)
  from space 24064K, 0% used [0x00000007fa280000,0x00000007fa288000,0x00000007fba00000)
  to   space 24064K, 0% used [0x00000007fba00000,0x00000007fba00000,0x00000007fd180000)
 ParOldGen       total 84480K, used 39643K [0x0000000784000000, 0x0000000789280000, 0x00000007d6a80000)
  object space 84480K, 46% used [0x0000000784000000,0x00000007866b6d30,0x0000000789280000)
 PSPermGen       total 21504K, used 7657K [0x0000000779a00000, 0x000000077af00000, 0x0000000784000000)
  object space 21504K, 35% used [0x0000000779a00000,0x000000077a17a648,0x000000077af00000)
}
Event: 99.144 GC heap before
{Heap before GC invocations=14 (full 0):
 PSYoungGen      total 447488K, used 423456K [0x00000007d6a80000, 0x00000007fd180000, 0x0000000800000000)
  eden space 423424K, 100% used [0x00000007d6a80000,0x00000007f0800000,0x00000007f0800000)
  from space 24064K, 0% used [0x00000007fa280000,0x00000007fa288000,0x00000007fba00000)
  to   space 24064K, 0% used [0x00000007fba00000,0x00000007fba00000,0x00000007fd180000)
 ParOldGen       total 84480K, used 39643K [0x0000000784000000, 0x0000000789280000, 0x00000007d6a80000)
  object space 84480K, 46% used [0x0000000784000000,0x00000007866b6d30,0x0000000789280000)
 PSPermGen       total 21504K, used 7657K [0x0000000779a00000, 0x000000077af00000, 0x0000000784000000)
  object space 21504K, 35% used [0x0000000779a00000,0x000000077a17a648,0x000000077af00000)
Event: 99.145 GC heap after
Heap after GC invocations=14 (full 0):
 PSYoungGen      total 404480K, used 32K [0x00000007d6a80000, 0x00000007fba80000, 0x0000000800000000)
  eden space 403968K, 0% used [0x00000007d6a80000,0x00000007d6a80000,0x00000007ef500000)
  from space 512K, 6% used [0x00000007fba00000,0x00000007fba08000,0x00000007fba80000)
  to   space 23552K, 0% used [0x00000007f8c80000,0x00000007f8c80000,0x00000007fa380000)
 ParOldGen       total 84480K, used 39666K [0x0000000784000000, 0x0000000789280000, 0x00000007d6a80000)
  object space 84480K, 46% used [0x0000000784000000,0x00000007866bcbf8,0x0000000789280000)
 PSPermGen       total 21504K, used 7657K [0x0000000779a00000, 0x000000077af00000, 0x0000000784000000)
  object space 21504K, 35% used [0x0000000779a00000,0x000000077a17a648,0x000000077af00000)
}
Event: 120.053 GC heap before
{Heap before GC invocations=15 (full 0):
 PSYoungGen      total 404480K, used 404000K [0x00000007d6a80000, 0x00000007fba80000, 0x0000000800000000)
  eden space 403968K, 100% used [0x00000007d6a80000,0x00000007ef500000,0x00000007ef500000)
  from space 512K, 6% used [0x00000007fba00000,0x00000007fba08000,0x00000007fba80000)
  to   space 23552K, 0% used [0x00000007f8c80000,0x00000007f8c80000,0x00000007fa380000)
 ParOldGen       total 84480K, used 39666K [0x0000000784000000, 0x0000000789280000, 0x00000007d6a80000)
  object space 84480K, 46% used [0x0000000784000000,0x00000007866bcbf8,0x0000000789280000)
 PSPermGen       total 21504K, used 7657K [0x0000000779a00000, 0x000000077af00000, 0x0000000784000000)
  object space 21504K, 35% used [0x0000000779a00000,0x000000077a17a648,0x000000077af00000)
Event: 120.054 GC heap after
Heap after GC invocations=15 (full 0):
 PSYoungGen      total 409088K, used 32K [0x00000007d6a80000, 0x00000007fba80000, 0x0000000800000000)
  eden space 385536K, 0% used [0x00000007d6a80000,0x00000007d6a80000,0x00000007ee300000)
  from space 23552K, 0% used [0x00000007f8c80000,0x00000007f8c88000,0x00000007fa380000)
  to   space 22528K, 0% used [0x00000007fa480000,0x00000007fa480000,0x00000007fba80000)
 ParOldGen       total 84480K, used 39674K [0x0000000784000000, 0x0000000789280000, 0x00000007d6a80000)
  object space 84480K, 46% used [0x0000000784000000,0x00000007866bebf8,0x0000000789280000)
 PSPermGen       total 21504K, used 7657K [0x0000000779a00000, 0x000000077af00000, 0x0000000784000000)
  object space 21504K, 35% used [0x0000000779a00000,0x000000077a17a648,0x000000077af00000)
}
Event: 149.202 GC heap before
{Heap before GC invocations=16 (full 0):
 PSYoungGen      total 409088K, used 385568K [0x00000007d6a80000, 0x00000007fba80000, 0x0000000800000000)
  eden space 385536K, 100% used [0x00000007d6a80000,0x00000007ee300000,0x00000007ee300000)
  from space 23552K, 0% used [0x00000007f8c80000,0x00000007f8c88000,0x00000007fa380000)
  to   space 22528K, 0% used [0x00000007fa480000,0x00000007fa480000,0x00000007fba80000)
 ParOldGen       total 84480K, used 39674K [0x0000000784000000, 0x0000000789280000, 0x00000007d6a80000)
  object space 84480K, 46% used [0x0000000784000000,0x00000007866bebf8,0x0000000789280000)
 PSPermGen       total 21504K, used 7657K [0x0000000779a00000, 0x000000077af00000, 0x0000000784000000)
  object space 21504K, 35% used [0x0000000779a00000,0x000000077a17a648,0x000000077af00000)

