# JRE version: OpenJDK Runtime Environment (7.0_95) (build 1.7.0_95-b00)
# Java VM: OpenJDK 64-Bit Server VM (24.95-b01 mixed mode linux-amd64 compressed oops)
Heap
 PSYoungGen      total 538624K, used 2776K [0x00000007d6a80000, 0x00000007f9480000, 0x0000000800000000)
  eden space 509952K, 0% used [0x00000007d6a80000,0x00000007d6a80000,0x00000007f5c80000)
  from space 28672K, 9% used [0x00000007f5c80000,0x00000007f5f361a8,0x00000007f7880000)
  to   space 28160K, 0% used [0x00000007f7900000,0x00000007f7900000,0x00000007f9480000)
 ParOldGen       total 84480K, used 45060K [0x0000000784000000, 0x0000000789280000, 0x00000007d6a80000)
  object space 84480K, 53% used [0x0000000784000000,0x0000000786c01250,0x0000000789280000)
 PSPermGen       total 21504K, used 7659K [0x0000000779a00000, 0x000000077af00000, 0x0000000784000000)
  object space 21504K, 35% used [0x0000000779a00000,0x000000077a17ae38,0x000000077af00000)
GC Heap History (10 events):
Event: 133.152 GC heap after
Heap after GC invocations=4 (full 0):
 PSYoungGen      total 134144K, used 5093K [0x00000007d6a80000, 0x00000007df280000, 0x0000000800000000)
  eden space 129024K, 0% used [0x00000007d6a80000,0x00000007d6a80000,0x00000007de880000)
  from space 5120K, 99% used [0x00000007ded80000,0x00000007df2796e0,0x00000007df280000)
  to   space 5120K, 0% used [0x00000007de880000,0x00000007de880000,0x00000007ded80000)
 ParOldGen       total 84480K, used 16512K [0x0000000784000000, 0x0000000789280000, 0x00000007d6a80000)
  object space 84480K, 19% used [0x0000000784000000,0x0000000785020178,0x0000000789280000)
 PSPermGen       total 21504K, used 7594K [0x0000000779a00000, 0x000000077af00000, 0x0000000784000000)
  object space 21504K, 35% used [0x0000000779a00000,0x000000077a16a8e8,0x000000077af00000)
}
Event: 133.824 GC heap before
{Heap before GC invocations=5 (full 0):
 PSYoungGen      total 134144K, used 134117K [0x00000007d6a80000, 0x00000007df280000, 0x0000000800000000)
  eden space 129024K, 100% used [0x00000007d6a80000,0x00000007de880000,0x00000007de880000)
  from space 5120K, 99% used [0x00000007ded80000,0x00000007df2796e0,0x00000007df280000)
  to   space 5120K, 0% used [0x00000007de880000,0x00000007de880000,0x00000007ded80000)
 ParOldGen       total 84480K, used 16512K [0x0000000784000000, 0x0000000789280000, 0x00000007d6a80000)
  object space 84480K, 19% used [0x0000000784000000,0x0000000785020178,0x0000000789280000)
 PSPermGen       total 21504K, used 7600K [0x0000000779a00000, 0x000000077af00000, 0x0000000784000000)
  object space 21504K, 35% used [0x0000000779a00000,0x000000077a16c060,0x000000077af00000)
Event: 133.837 GC heap after
Heap after GC invocations=5 (full 0):
 PSYoungGen      total 134144K, used 5106K [0x00000007d6a80000, 0x00000007e8d80000, 0x0000000800000000)
  eden space 129024K, 0% used [0x00000007d6a80000,0x00000007d6a80000,0x00000007de880000)
  from space 5120K, 99% used [0x00000007de880000,0x00000007ded7c9a0,0x00000007ded80000)
  to   space 19968K, 0% used [0x00000007e7a00000,0x00000007e7a00000,0x00000007e8d80000)
 ParOldGen       total 84480K, used 31029K [0x0000000784000000, 0x0000000789280000, 0x00000007d6a80000)
  object space 84480K, 36% used [0x0000000784000000,0x0000000785e4d570,0x0000000789280000)
 PSPermGen       total 21504K, used 7600K [0x0000000779a00000, 0x000000077af00000, 0x0000000784000000)
  object space 21504K, 35% used [0x0000000779a00000,0x000000077a16c060,0x000000077af00000)
}
Event: 134.800 GC heap before
{Heap before GC invocations=6 (full 0):
 PSYoungGen      total 134144K, used 134130K [0x00000007d6a80000, 0x00000007e8d80000, 0x0000000800000000)
  eden space 129024K, 100% used [0x00000007d6a80000,0x00000007de880000,0x00000007de880000)
  from space 5120K, 99% used [0x00000007de880000,0x00000007ded7c9a0,0x00000007ded80000)
  to   space 19968K, 0% used [0x00000007e7a00000,0x00000007e7a00000,0x00000007e8d80000)
 ParOldGen       total 84480K, used 31029K [0x0000000784000000, 0x0000000789280000, 0x00000007d6a80000)
  object space 84480K, 36% used [0x0000000784000000,0x0000000785e4d570,0x0000000789280000)
 PSPermGen       total 21504K, used 7622K [0x0000000779a00000, 0x000000077af00000, 0x0000000784000000)
  object space 21504K, 35% used [0x0000000779a00000,0x000000077a171bd0,0x000000077af00000)
Event: 134.819 GC heap after
Heap after GC invocations=6 (full 0):
 PSYoungGen      total 274944K, used 18578K [0x00000007d6a80000, 0x00000007e9380000, 0x0000000800000000)
  eden space 254976K, 0% used [0x00000007d6a80000,0x00000007d6a80000,0x00000007e6380000)
  from space 19968K, 93% used [0x00000007e7a00000,0x00000007e8c24928,0x00000007e8d80000)
  to   space 23040K, 0% used [0x00000007e6380000,0x00000007e6380000,0x00000007e7a00000)
 ParOldGen       total 84480K, used 31029K [0x0000000784000000, 0x0000000789280000, 0x00000007d6a80000)
  object space 84480K, 36% used [0x0000000784000000,0x0000000785e4d570,0x0000000789280000)
 PSPermGen       total 21504K, used 7622K [0x0000000779a00000, 0x000000077af00000, 0x0000000784000000)
  object space 21504K, 35% used [0x0000000779a00000,0x000000077a171bd0,0x000000077af00000)
}
Event: 137.370 GC heap before
{Heap before GC invocations=7 (full 0):
 PSYoungGen      total 274944K, used 273554K [0x00000007d6a80000, 0x00000007e9380000, 0x0000000800000000)
  eden space 254976K, 100% used [0x00000007d6a80000,0x00000007e6380000,0x00000007e6380000)
  from space 19968K, 93% used [0x00000007e7a00000,0x00000007e8c24928,0x00000007e8d80000)
  to   space 23040K, 0% used [0x00000007e6380000,0x00000007e6380000,0x00000007e7a00000)
 ParOldGen       total 84480K, used 31029K [0x0000000784000000, 0x0000000789280000, 0x00000007d6a80000)
  object space 84480K, 36% used [0x0000000784000000,0x0000000785e4d570,0x0000000789280000)
 PSPermGen       total 21504K, used 7658K [0x0000000779a00000, 0x000000077af00000, 0x0000000784000000)
  object space 21504K, 35% used [0x0000000779a00000,0x000000077a17ab48,0x000000077af00000)
Event: 137.390 GC heap after
Heap after GC invocations=7 (full 0):
 PSYoungGen      total 278016K, used 23010K [0x00000007d6a80000, 0x00000007f9580000, 0x0000000800000000)
  eden space 254976K, 0% used [0x00000007d6a80000,0x00000007d6a80000,0x00000007e6380000)
  from space 23040K, 99% used [0x00000007e6380000,0x00000007e79f8928,0x00000007e7a00000)
  to   space 29184K, 0% used [0x00000007f7900000,0x00000007f7900000,0x00000007f9580000)
 ParOldGen       total 84480K, used 35994K [0x0000000784000000, 0x0000000789280000, 0x00000007d6a80000)
  object space 84480K, 42% used [0x0000000784000000,0x0000000786326818,0x0000000789280000)
 PSPermGen       total 21504K, used 7658K [0x0000000779a00000, 0x000000077af00000, 0x0000000784000000)
  object space 21504K, 35% used [0x0000000779a00000,0x000000077a17ab48,0x000000077af00000)
}
Event: 141.503 GC heap before
{Heap before GC invocations=8 (full 0):
 PSYoungGen      total 278016K, used 277986K [0x00000007d6a80000, 0x00000007f9580000, 0x0000000800000000)
  eden space 254976K, 100% used [0x00000007d6a80000,0x00000007e6380000,0x00000007e6380000)
  from space 23040K, 99% used [0x00000007e6380000,0x00000007e79f8928,0x00000007e7a00000)
  to   space 29184K, 0% used [0x00000007f7900000,0x00000007f7900000,0x00000007f9580000)
 ParOldGen       total 84480K, used 35994K [0x0000000784000000, 0x0000000789280000, 0x00000007d6a80000)
  object space 84480K, 42% used [0x0000000784000000,0x0000000786326818,0x0000000789280000)
 PSPermGen       total 21504K, used 7658K [0x0000000779a00000, 0x000000077af00000, 0x0000000784000000)
  object space 21504K, 35% used [0x0000000779a00000,0x000000077a17ab68,0x000000077af00000)
Event: 142.366 GC heap after
Heap after GC invocations=8 (full 0):
 PSYoungGen      total 538112K, used 17449K [0x00000007d6a80000, 0x00000007f9480000, 0x0000000800000000)
  eden space 509952K, 0% used [0x00000007d6a80000,0x00000007d6a80000,0x00000007f5c80000)
  from space 28160K, 61% used [0x00000007f7900000,0x00000007f8a0a590,0x00000007f9480000)
  to   space 28672K, 0% used [0x00000007f5c80000,0x00000007f5c80000,0x00000007f7880000)
 ParOldGen       total 84480K, used 37463K [0x0000000784000000, 0x0000000789280000, 0x00000007d6a80000)
  object space 84480K, 44% used [0x0000000784000000,0x0000000786495d00,0x0000000789280000)
 PSPermGen       total 21504K, used 7658K [0x0000000779a00000, 0x000000077af00000, 0x0000000784000000)
  object space 21504K, 35% used [0x0000000779a00000,0x000000077a17ab68,0x000000077af00000)
}
Event: 164.674 GC heap before
{Heap before GC invocations=9 (full 0):
 PSYoungGen      total 538112K, used 527401K [0x00000007d6a80000, 0x00000007f9480000, 0x0000000800000000)
  eden space 509952K, 100% used [0x00000007d6a80000,0x00000007f5c80000,0x00000007f5c80000)
  from space 28160K, 61% used [0x00000007f7900000,0x00000007f8a0a590,0x00000007f9480000)
  to   space 28672K, 0% used [0x00000007f5c80000,0x00000007f5c80000,0x00000007f7880000)
 ParOldGen       total 84480K, used 37463K [0x0000000784000000, 0x0000000789280000, 0x00000007d6a80000)
  object space 84480K, 44% used [0x0000000784000000,0x0000000786495d00,0x0000000789280000)
 PSPermGen       total 21504K, used 7659K [0x0000000779a00000, 0x000000077af00000, 0x0000000784000000)
  object space 21504K, 35% used [0x0000000779a00000,0x000000077a17ae38,0x000000077af00000)

