# JRE version: OpenJDK Runtime Environment (7.0_95) (build 1.7.0_95-b00)
# Java VM: OpenJDK 64-Bit Server VM (24.95-b01 mixed mode linux-amd64 compressed oops)
Heap
 PSYoungGen      total 272384K, used 1240K [0x00000007d6a80000, 0x00000007e8480000, 0x0000000800000000)
  eden space 256000K, 0% used [0x00000007d6a80000,0x00000007d6a80000,0x00000007e6480000)
  from space 16384K, 7% used [0x00000007e6480000,0x00000007e65b61a8,0x00000007e7480000)
  to   space 15872K, 0% used [0x00000007e7500000,0x00000007e7500000,0x00000007e8480000)
 ParOldGen       total 84480K, used 23767K [0x0000000784000000, 0x0000000789280000, 0x00000007d6a80000)
  object space 84480K, 28% used [0x0000000784000000,0x0000000785735e90,0x0000000789280000)
 PSPermGen       total 21504K, used 7636K [0x0000000779a00000, 0x000000077af00000, 0x0000000784000000)
  object space 21504K, 35% used [0x0000000779a00000,0x000000077a1752e0,0x000000077af00000)
GC Heap History (10 events):
Event: 5.332 GC heap after
Heap after GC invocations=4 (full 0):
 PSYoungGen      total 69632K, used 5119K [0x00000007d6a80000, 0x00000007db380000, 0x0000000800000000)
  eden space 64512K, 0% used [0x00000007d6a80000,0x00000007d6a80000,0x00000007da980000)
  from space 5120K, 99% used [0x00000007dae80000,0x00000007db37fd88,0x00000007db380000)
  to   space 5120K, 0% used [0x00000007da980000,0x00000007da980000,0x00000007dae80000)
 ParOldGen       total 84480K, used 9373K [0x0000000784000000, 0x0000000789280000, 0x00000007d6a80000)
  object space 84480K, 11% used [0x0000000784000000,0x0000000784927438,0x0000000789280000)
 PSPermGen       total 21504K, used 7551K [0x0000000779a00000, 0x000000077af00000, 0x0000000784000000)
  object space 21504K, 35% used [0x0000000779a00000,0x000000077a15fe00,0x000000077af00000)
}
Event: 5.701 GC heap before
{Heap before GC invocations=5 (full 0):
 PSYoungGen      total 69632K, used 69631K [0x00000007d6a80000, 0x00000007db380000, 0x0000000800000000)
  eden space 64512K, 100% used [0x00000007d6a80000,0x00000007da980000,0x00000007da980000)
  from space 5120K, 99% used [0x00000007dae80000,0x00000007db37fd88,0x00000007db380000)
  to   space 5120K, 0% used [0x00000007da980000,0x00000007da980000,0x00000007dae80000)
 ParOldGen       total 84480K, used 9373K [0x0000000784000000, 0x0000000789280000, 0x00000007d6a80000)
  object space 84480K, 11% used [0x0000000784000000,0x0000000784927438,0x0000000789280000)
 PSPermGen       total 21504K, used 7595K [0x0000000779a00000, 0x000000077af00000, 0x0000000784000000)
  object space 21504K, 35% used [0x0000000779a00000,0x000000077a16aeb8,0x000000077af00000)
Event: 5.717 GC heap after
Heap after GC invocations=5 (full 0):
 PSYoungGen      total 69632K, used 5088K [0x00000007d6a80000, 0x00000007e0180000, 0x0000000800000000)
  eden space 64512K, 0% used [0x00000007d6a80000,0x00000007d6a80000,0x00000007da980000)
  from space 5120K, 99% used [0x00000007da980000,0x00000007dae781d8,0x00000007dae80000)
  to   space 12800K, 0% used [0x00000007df500000,0x00000007df500000,0x00000007e0180000)
 ParOldGen       total 84480K, used 15613K [0x0000000784000000, 0x0000000789280000, 0x00000007d6a80000)
  object space 84480K, 18% used [0x0000000784000000,0x0000000784f3f6e0,0x0000000789280000)
 PSPermGen       total 21504K, used 7595K [0x0000000779a00000, 0x000000077af00000, 0x0000000784000000)
  object space 21504K, 35% used [0x0000000779a00000,0x000000077a16aeb8,0x000000077af00000)
}
Event: 6.080 GC heap before
{Heap before GC invocations=6 (full 0):
 PSYoungGen      total 69632K, used 69600K [0x00000007d6a80000, 0x00000007e0180000, 0x0000000800000000)
  eden space 64512K, 100% used [0x00000007d6a80000,0x00000007da980000,0x00000007da980000)
  from space 5120K, 99% used [0x00000007da980000,0x00000007dae781d8,0x00000007dae80000)
  to   space 12800K, 0% used [0x00000007df500000,0x00000007df500000,0x00000007e0180000)
 ParOldGen       total 84480K, used 15613K [0x0000000784000000, 0x0000000789280000, 0x00000007d6a80000)
  object space 84480K, 18% used [0x0000000784000000,0x0000000784f3f6e0,0x0000000789280000)
 PSPermGen       total 21504K, used 7600K [0x0000000779a00000, 0x000000077af00000, 0x0000000784000000)
  object space 21504K, 35% used [0x0000000779a00000,0x000000077a16c068,0x000000077af00000)
Event: 6.095 GC heap after
Heap after GC invocations=6 (full 0):
 PSYoungGen      total 140800K, used 11423K [0x00000007d6a80000, 0x00000007e0380000, 0x0000000800000000)
  eden space 128000K, 0% used [0x00000007d6a80000,0x00000007d6a80000,0x00000007de780000)
  from space 12800K, 89% used [0x00000007df500000,0x00000007e0027fe8,0x00000007e0180000)
  to   space 13824K, 0% used [0x00000007de780000,0x00000007de780000,0x00000007df500000)
 ParOldGen       total 84480K, used 15613K [0x0000000784000000, 0x0000000789280000, 0x00000007d6a80000)
  object space 84480K, 18% used [0x0000000784000000,0x0000000784f3f6e0,0x0000000789280000)
 PSPermGen       total 21504K, used 7600K [0x0000000779a00000, 0x000000077af00000, 0x0000000784000000)
  object space 21504K, 35% used [0x0000000779a00000,0x000000077a16c068,0x000000077af00000)
}
Event: 8.395 GC heap before
{Heap before GC invocations=7 (full 0):
 PSYoungGen      total 140800K, used 139423K [0x00000007d6a80000, 0x00000007e0380000, 0x0000000800000000)
  eden space 128000K, 100% used [0x00000007d6a80000,0x00000007de780000,0x00000007de780000)
  from space 12800K, 89% used [0x00000007df500000,0x00000007e0027fe8,0x00000007e0180000)
  to   space 13824K, 0% used [0x00000007de780000,0x00000007de780000,0x00000007df500000)
 ParOldGen       total 84480K, used 15613K [0x0000000784000000, 0x0000000789280000, 0x00000007d6a80000)
  object space 84480K, 18% used [0x0000000784000000,0x0000000784f3f6e0,0x0000000789280000)
 PSPermGen       total 21504K, used 7636K [0x0000000779a00000, 0x000000077af00000, 0x0000000784000000)
  object space 21504K, 35% used [0x0000000779a00000,0x000000077a1752c0,0x000000077af00000)
Event: 8.415 GC heap after
Heap after GC invocations=7 (full 0):
 PSYoungGen      total 141824K, used 13795K [0x00000007d6a80000, 0x00000007e8580000, 0x0000000800000000)
  eden space 128000K, 0% used [0x00000007d6a80000,0x00000007d6a80000,0x00000007de780000)
  from space 13824K, 99% used [0x00000007de780000,0x00000007df4f8d58,0x00000007df500000)
  to   space 16896K, 0% used [0x00000007e7500000,0x00000007e7500000,0x00000007e8580000)
 ParOldGen       total 84480K, used 17458K [0x0000000784000000, 0x0000000789280000, 0x00000007d6a80000)
  object space 84480K, 20% used [0x0000000784000000,0x000000078510ca88,0x0000000789280000)
 PSPermGen       total 21504K, used 7636K [0x0000000779a00000, 0x000000077af00000, 0x0000000784000000)
  object space 21504K, 35% used [0x0000000779a00000,0x000000077a1752c0,0x000000077af00000)
}
Event: 11.815 GC heap before
{Heap before GC invocations=8 (full 0):
 PSYoungGen      total 141824K, used 141795K [0x00000007d6a80000, 0x00000007e8580000, 0x0000000800000000)
  eden space 128000K, 100% used [0x00000007d6a80000,0x00000007de780000,0x00000007de780000)
  from space 13824K, 99% used [0x00000007de780000,0x00000007df4f8d58,0x00000007df500000)
  to   space 16896K, 0% used [0x00000007e7500000,0x00000007e7500000,0x00000007e8580000)
 ParOldGen       total 84480K, used 17458K [0x0000000784000000, 0x0000000789280000, 0x00000007d6a80000)
  object space 84480K, 20% used [0x0000000784000000,0x000000078510ca88,0x0000000789280000)
 PSPermGen       total 21504K, used 7636K [0x0000000779a00000, 0x000000077af00000, 0x0000000784000000)
  object space 21504K, 35% used [0x0000000779a00000,0x000000077a1752c0,0x000000077af00000)
Event: 11.823 GC heap after
Heap after GC invocations=8 (full 0):
 PSYoungGen      total 271872K, used 9941K [0x00000007d6a80000, 0x00000007e8480000, 0x0000000800000000)
  eden space 256000K, 0% used [0x00000007d6a80000,0x00000007d6a80000,0x00000007e6480000)
  from space 15872K, 62% used [0x00000007e7500000,0x00000007e7eb5700,0x00000007e8480000)
  to   space 16384K, 0% used [0x00000007e6480000,0x00000007e6480000,0x00000007e7480000)
 ParOldGen       total 84480K, used 18264K [0x0000000784000000, 0x0000000789280000, 0x00000007d6a80000)
  object space 84480K, 21% used [0x0000000784000000,0x00000007851d63a0,0x0000000789280000)
 PSPermGen       total 21504K, used 7636K [0x0000000779a00000, 0x000000077af00000, 0x0000000784000000)
  object space 21504K, 35% used [0x0000000779a00000,0x000000077a1752c0,0x000000077af00000)
}
Event: 22.044 GC heap before
{Heap before GC invocations=9 (full 0):
 PSYoungGen      total 271872K, used 265941K [0x00000007d6a80000, 0x00000007e8480000, 0x0000000800000000)
  eden space 256000K, 100% used [0x00000007d6a80000,0x00000007e6480000,0x00000007e6480000)
  from space 15872K, 62% used [0x00000007e7500000,0x00000007e7eb5700,0x00000007e8480000)
  to   space 16384K, 0% used [0x00000007e6480000,0x00000007e6480000,0x00000007e7480000)
 ParOldGen       total 84480K, used 18264K [0x0000000784000000, 0x0000000789280000, 0x00000007d6a80000)
  object space 84480K, 21% used [0x0000000784000000,0x00000007851d63a0,0x0000000789280000)
 PSPermGen       total 21504K, used 7636K [0x0000000779a00000, 0x000000077af00000, 0x0000000784000000)
  object space 21504K, 35% used [0x0000000779a00000,0x000000077a1752e0,0x000000077af00000)

