# JRE version: OpenJDK Runtime Environment (7.0_95) (build 1.7.0_95-b00)
# Java VM: OpenJDK 64-Bit Server VM (24.95-b01 mixed mode linux-amd64 compressed oops)
Heap
 PSYoungGen      total 275968K, used 9749K [0x00000007d6a80000, 0x00000007e8c80000, 0x0000000800000000)
  eden space 254976K, 0% used [0x00000007d6a80000,0x00000007d6a80000,0x00000007e6380000)
  from space 20992K, 46% used [0x00000007e6380000,0x00000007e6d054e8,0x00000007e7800000)
  to   space 20992K, 0% used [0x00000007e7800000,0x00000007e7800000,0x00000007e8c80000)
 ParOldGen       total 84480K, used 29440K [0x0000000784000000, 0x0000000789280000, 0x00000007d6a80000)
  object space 84480K, 34% used [0x0000000784000000,0x0000000785cc0230,0x0000000789280000)
 PSPermGen       total 21504K, used 7655K [0x0000000779a00000, 0x000000077af00000, 0x0000000784000000)
  object space 21504K, 35% used [0x0000000779a00000,0x000000077a179cc0,0x000000077af00000)
GC Heap History (10 events):
Event: 2.211 GC heap after
Heap after GC invocations=4 (full 0):
 PSYoungGen      total 69632K, used 5089K [0x00000007d6a80000, 0x00000007db380000, 0x0000000800000000)
  eden space 64512K, 0% used [0x00000007d6a80000,0x00000007d6a80000,0x00000007da980000)
  from space 5120K, 99% used [0x00000007dae80000,0x00000007db378418,0x00000007db380000)
  to   space 5120K, 0% used [0x00000007da980000,0x00000007da980000,0x00000007dae80000)
 ParOldGen       total 84480K, used 9020K [0x0000000784000000, 0x0000000789280000, 0x00000007d6a80000)
  object space 84480K, 10% used [0x0000000784000000,0x00000007848cf3a0,0x0000000789280000)
 PSPermGen       total 21504K, used 7537K [0x0000000779a00000, 0x000000077af00000, 0x0000000784000000)
  object space 21504K, 35% used [0x0000000779a00000,0x000000077a15c690,0x000000077af00000)
}
Event: 2.647 GC heap before
{Heap before GC invocations=5 (full 0):
 PSYoungGen      total 69632K, used 69601K [0x00000007d6a80000, 0x00000007db380000, 0x0000000800000000)
  eden space 64512K, 100% used [0x00000007d6a80000,0x00000007da980000,0x00000007da980000)
  from space 5120K, 99% used [0x00000007dae80000,0x00000007db378418,0x00000007db380000)
  to   space 5120K, 0% used [0x00000007da980000,0x00000007da980000,0x00000007dae80000)
 ParOldGen       total 84480K, used 9020K [0x0000000784000000, 0x0000000789280000, 0x00000007d6a80000)
  object space 84480K, 10% used [0x0000000784000000,0x00000007848cf3a0,0x0000000789280000)
 PSPermGen       total 21504K, used 7596K [0x0000000779a00000, 0x000000077af00000, 0x0000000784000000)
  object space 21504K, 35% used [0x0000000779a00000,0x000000077a16b2f8,0x000000077af00000)
Event: 2.692 GC heap after
Heap after GC invocations=5 (full 0):
 PSYoungGen      total 69632K, used 5112K [0x00000007d6a80000, 0x00000007e0280000, 0x0000000800000000)
  eden space 64512K, 0% used [0x00000007d6a80000,0x00000007d6a80000,0x00000007da980000)
  from space 5120K, 99% used [0x00000007da980000,0x00000007dae7e1d0,0x00000007dae80000)
  to   space 13312K, 0% used [0x00000007df580000,0x00000007df580000,0x00000007e0280000)
 ParOldGen       total 84480K, used 16203K [0x0000000784000000, 0x0000000789280000, 0x00000007d6a80000)
  object space 84480K, 19% used [0x0000000784000000,0x0000000784fd2f88,0x0000000789280000)
 PSPermGen       total 21504K, used 7596K [0x0000000779a00000, 0x000000077af00000, 0x0000000784000000)
  object space 21504K, 35% used [0x0000000779a00000,0x000000077a16b2f8,0x000000077af00000)
}
Event: 2.905 GC heap before
{Heap before GC invocations=6 (full 0):
 PSYoungGen      total 69632K, used 69624K [0x00000007d6a80000, 0x00000007e0280000, 0x0000000800000000)
  eden space 64512K, 100% used [0x00000007d6a80000,0x00000007da980000,0x00000007da980000)
  from space 5120K, 99% used [0x00000007da980000,0x00000007dae7e1d0,0x00000007dae80000)
  to   space 13312K, 0% used [0x00000007df580000,0x00000007df580000,0x00000007e0280000)
 ParOldGen       total 84480K, used 16203K [0x0000000784000000, 0x0000000789280000, 0x00000007d6a80000)
  object space 84480K, 19% used [0x0000000784000000,0x0000000784fd2f88,0x0000000789280000)
 PSPermGen       total 21504K, used 7598K [0x0000000779a00000, 0x000000077af00000, 0x0000000784000000)
  object space 21504K, 35% used [0x0000000779a00000,0x000000077a16bb08,0x000000077af00000)
Event: 2.945 GC heap after
Heap after GC invocations=6 (full 0):
 PSYoungGen      total 140800K, used 12039K [0x00000007d6a80000, 0x00000007e0580000, 0x0000000800000000)
  eden space 127488K, 0% used [0x00000007d6a80000,0x00000007d6a80000,0x00000007de700000)
  from space 13312K, 90% used [0x00000007df580000,0x00000007e0141ca0,0x00000007e0280000)
  to   space 14848K, 0% used [0x00000007de700000,0x00000007de700000,0x00000007df580000)
 ParOldGen       total 84480K, used 16203K [0x0000000784000000, 0x0000000789280000, 0x00000007d6a80000)
  object space 84480K, 19% used [0x0000000784000000,0x0000000784fd2f88,0x0000000789280000)
 PSPermGen       total 21504K, used 7598K [0x0000000779a00000, 0x000000077af00000, 0x0000000784000000)
  object space 21504K, 35% used [0x0000000779a00000,0x000000077a16bb08,0x000000077af00000)
}
Event: 3.740 GC heap before
{Heap before GC invocations=7 (full 0):
 PSYoungGen      total 140800K, used 139527K [0x00000007d6a80000, 0x00000007e0580000, 0x0000000800000000)
  eden space 127488K, 100% used [0x00000007d6a80000,0x00000007de700000,0x00000007de700000)
  from space 13312K, 90% used [0x00000007df580000,0x00000007e0141ca0,0x00000007e0280000)
  to   space 14848K, 0% used [0x00000007de700000,0x00000007de700000,0x00000007df580000)
 ParOldGen       total 84480K, used 16203K [0x0000000784000000, 0x0000000789280000, 0x00000007d6a80000)
  object space 84480K, 19% used [0x0000000784000000,0x0000000784fd2f88,0x0000000789280000)
 PSPermGen       total 21504K, used 7643K [0x0000000779a00000, 0x000000077af00000, 0x0000000784000000)
  object space 21504K, 35% used [0x0000000779a00000,0x000000077a176cc0,0x000000077af00000)
Event: 3.777 GC heap after
Heap after GC invocations=7 (full 0):
 PSYoungGen      total 142336K, used 14829K [0x00000007d6a80000, 0x00000007e8c80000, 0x0000000800000000)
  eden space 127488K, 0% used [0x00000007d6a80000,0x00000007d6a80000,0x00000007de700000)
  from space 14848K, 99% used [0x00000007de700000,0x00000007df57b7d8,0x00000007df580000)
  to   space 20992K, 0% used [0x00000007e7800000,0x00000007e7800000,0x00000007e8c80000)
 ParOldGen       total 84480K, used 24633K [0x0000000784000000, 0x0000000789280000, 0x00000007d6a80000)
  object space 84480K, 29% used [0x0000000784000000,0x000000078580e6a8,0x0000000789280000)
 PSPermGen       total 21504K, used 7643K [0x0000000779a00000, 0x000000077af00000, 0x0000000784000000)
  object space 21504K, 35% used [0x0000000779a00000,0x000000077a176cc0,0x000000077af00000)
}
Event: 7.758 GC heap before
{Heap before GC invocations=8 (full 0):
 PSYoungGen      total 142336K, used 142317K [0x00000007d6a80000, 0x00000007e8c80000, 0x0000000800000000)
  eden space 127488K, 100% used [0x00000007d6a80000,0x00000007de700000,0x00000007de700000)
  from space 14848K, 99% used [0x00000007de700000,0x00000007df57b7d8,0x00000007df580000)
  to   space 20992K, 0% used [0x00000007e7800000,0x00000007e7800000,0x00000007e8c80000)
 ParOldGen       total 84480K, used 24633K [0x0000000784000000, 0x0000000789280000, 0x00000007d6a80000)
  object space 84480K, 29% used [0x0000000784000000,0x000000078580e6a8,0x0000000789280000)
 PSPermGen       total 21504K, used 7655K [0x0000000779a00000, 0x000000077af00000, 0x0000000784000000)
  object space 21504K, 35% used [0x0000000779a00000,0x000000077a179cc0,0x000000077af00000)
Event: 7.780 GC heap after
Heap after GC invocations=8 (full 0):
 PSYoungGen      total 275968K, used 12853K [0x00000007d6a80000, 0x00000007e8c80000, 0x0000000800000000)
  eden space 254976K, 0% used [0x00000007d6a80000,0x00000007d6a80000,0x00000007e6380000)
  from space 20992K, 61% used [0x00000007e7800000,0x00000007e848d4e8,0x00000007e8c80000)
  to   space 20992K, 0% used [0x00000007e6380000,0x00000007e6380000,0x00000007e7800000)
 ParOldGen       total 84480K, used 26281K [0x0000000784000000, 0x0000000789280000, 0x00000007d6a80000)
  object space 84480K, 31% used [0x0000000784000000,0x00000007859aa530,0x0000000789280000)
 PSPermGen       total 21504K, used 7655K [0x0000000779a00000, 0x000000077af00000, 0x0000000784000000)
  object space 21504K, 35% used [0x0000000779a00000,0x000000077a179cc0,0x000000077af00000)
}
Event: 17.254 GC heap before
{Heap before GC invocations=9 (full 0):
 PSYoungGen      total 275968K, used 267829K [0x00000007d6a80000, 0x00000007e8c80000, 0x0000000800000000)
  eden space 254976K, 100% used [0x00000007d6a80000,0x00000007e6380000,0x00000007e6380000)
  from space 20992K, 61% used [0x00000007e7800000,0x00000007e848d4e8,0x00000007e8c80000)
  to   space 20992K, 0% used [0x00000007e6380000,0x00000007e6380000,0x00000007e7800000)
 ParOldGen       total 84480K, used 26281K [0x0000000784000000, 0x0000000789280000, 0x00000007d6a80000)
  object space 84480K, 31% used [0x0000000784000000,0x00000007859aa530,0x0000000789280000)
 PSPermGen       total 21504K, used 7655K [0x0000000779a00000, 0x000000077af00000, 0x0000000784000000)
  object space 21504K, 35% used [0x0000000779a00000,0x000000077a179cc0,0x000000077af00000)

