# JRE version: OpenJDK Runtime Environment (7.0_95) (build 1.7.0_95-b00)
# Java VM: OpenJDK 64-Bit Server VM (24.95-b01 mixed mode linux-amd64 compressed oops)
Heap
 PSYoungGen      total 622080K, used 96K [0x00000007d6a80000, 0x00000007fe800000, 0x0000000800000000)
  eden space 596480K, 0% used [0x00000007d6a80000,0x00000007d6a80000,0x00000007fb100000)
  from space 25600K, 0% used [0x00000007fcf00000,0x00000007fcf18000,0x00000007fe800000)
  to   space 512K, 0% used [0x00000007fce00000,0x00000007fce00000,0x00000007fce80000)
 ParOldGen       total 84480K, used 39673K [0x0000000784000000, 0x0000000789280000, 0x00000007d6a80000)
  object space 84480K, 46% used [0x0000000784000000,0x00000007866be468,0x0000000789280000)
 PSPermGen       total 21504K, used 7661K [0x0000000779a00000, 0x000000077af00000, 0x0000000784000000)
  object space 21504K, 35% used [0x0000000779a00000,0x000000077a17b438,0x000000077af00000)
GC Heap History (10 events):
Event: 11.398 GC heap after
Heap after GC invocations=7 (full 0):
 PSYoungGen      total 278528K, used 18687K [0x00000007d6a80000, 0x00000007f8e80000, 0x0000000800000000)
  eden space 256000K, 0% used [0x00000007d6a80000,0x00000007d6a80000,0x00000007e6480000)
  from space 22528K, 82% used [0x00000007e6480000,0x00000007e76bff48,0x00000007e7a80000)
  to   space 24576K, 0% used [0x00000007f7680000,0x00000007f7680000,0x00000007f8e80000)
 ParOldGen       total 84480K, used 31618K [0x0000000784000000, 0x0000000789280000, 0x00000007d6a80000)
  object space 84480K, 37% used [0x0000000784000000,0x0000000785ee08e8,0x0000000789280000)
 PSPermGen       total 21504K, used 7660K [0x0000000779a00000, 0x000000077af00000, 0x0000000784000000)
  object space 21504K, 35% used [0x0000000779a00000,0x000000077a17b0e8,0x000000077af00000)
}
Event: 18.652 GC heap before
{Heap before GC invocations=8 (full 0):
 PSYoungGen      total 278528K, used 274687K [0x00000007d6a80000, 0x00000007f8e80000, 0x0000000800000000)
  eden space 256000K, 100% used [0x00000007d6a80000,0x00000007e6480000,0x00000007e6480000)
  from space 22528K, 82% used [0x00000007e6480000,0x00000007e76bff48,0x00000007e7a80000)
  to   space 24576K, 0% used [0x00000007f7680000,0x00000007f7680000,0x00000007f8e80000)
 ParOldGen       total 84480K, used 31618K [0x0000000784000000, 0x0000000789280000, 0x00000007d6a80000)
  object space 84480K, 37% used [0x0000000784000000,0x0000000785ee08e8,0x0000000789280000)
 PSPermGen       total 21504K, used 7660K [0x0000000779a00000, 0x000000077af00000, 0x0000000784000000)
  object space 21504K, 35% used [0x0000000779a00000,0x000000077a17b128,0x000000077af00000)
Event: 18.657 GC heap after
Heap after GC invocations=8 (full 0):
 PSYoungGen      total 535552K, used 8073K [0x00000007d6a80000, 0x00000007f8d80000, 0x0000000800000000)
  eden space 512000K, 0% used [0x00000007d6a80000,0x00000007d6a80000,0x00000007f5e80000)
  from space 23552K, 34% used [0x00000007f7680000,0x00000007f7e62718,0x00000007f8d80000)
  to   space 24064K, 0% used [0x00000007f5e80000,0x00000007f5e80000,0x00000007f7600000)
 ParOldGen       total 84480K, used 34433K [0x0000000784000000, 0x0000000789280000, 0x00000007d6a80000)
  object space 84480K, 40% used [0x0000000784000000,0x00000007861a06a0,0x0000000789280000)
 PSPermGen       total 21504K, used 7660K [0x0000000779a00000, 0x000000077af00000, 0x0000000784000000)
  object space 21504K, 35% used [0x0000000779a00000,0x000000077a17b128,0x000000077af00000)
}
Event: 35.541 GC heap before
{Heap before GC invocations=9 (full 0):
 PSYoungGen      total 535552K, used 520073K [0x00000007d6a80000, 0x00000007f8d80000, 0x0000000800000000)
  eden space 512000K, 100% used [0x00000007d6a80000,0x00000007f5e80000,0x00000007f5e80000)
  from space 23552K, 34% used [0x00000007f7680000,0x00000007f7e62718,0x00000007f8d80000)
  to   space 24064K, 0% used [0x00000007f5e80000,0x00000007f5e80000,0x00000007f7600000)
 ParOldGen       total 84480K, used 34433K [0x0000000784000000, 0x0000000789280000, 0x00000007d6a80000)
  object space 84480K, 40% used [0x0000000784000000,0x00000007861a06a0,0x0000000789280000)
 PSPermGen       total 21504K, used 7661K [0x0000000779a00000, 0x000000077af00000, 0x0000000784000000)
  object space 21504K, 35% used [0x0000000779a00000,0x000000077a17b438,0x000000077af00000)
Event: 35.555 GC heap after
Heap after GC invocations=9 (full 0):
 PSYoungGen      total 536064K, used 1032K [0x00000007d6a80000, 0x0000000800000000, 0x0000000800000000)
  eden space 512000K, 0% used [0x00000007d6a80000,0x00000007d6a80000,0x00000007f5e80000)
  from space 24064K, 4% used [0x00000007f5e80000,0x00000007f5f821b8,0x00000007f7600000)
  to   space 25088K, 0% used [0x00000007fe780000,0x00000007fe780000,0x0000000800000000)
 ParOldGen       total 84480K, used 38569K [0x0000000784000000, 0x0000000789280000, 0x00000007d6a80000)
  object space 84480K, 45% used [0x0000000784000000,0x00000007865aa5a0,0x0000000789280000)
 PSPermGen       total 21504K, used 7661K [0x0000000779a00000, 0x000000077af00000, 0x0000000784000000)
  object space 21504K, 35% used [0x0000000779a00000,0x000000077a17b438,0x000000077af00000)
}
Event: 57.838 GC heap before
{Heap before GC invocations=10 (full 0):
 PSYoungGen      total 536064K, used 513032K [0x00000007d6a80000, 0x0000000800000000, 0x0000000800000000)
  eden space 512000K, 100% used [0x00000007d6a80000,0x00000007f5e80000,0x00000007f5e80000)
  from space 24064K, 4% used [0x00000007f5e80000,0x00000007f5f821b8,0x00000007f7600000)
  to   space 25088K, 0% used [0x00000007fe780000,0x00000007fe780000,0x0000000800000000)
 ParOldGen       total 84480K, used 38569K [0x0000000784000000, 0x0000000789280000, 0x00000007d6a80000)
  object space 84480K, 45% used [0x0000000784000000,0x00000007865aa5a0,0x0000000789280000)
 PSPermGen       total 21504K, used 7661K [0x0000000779a00000, 0x000000077af00000, 0x0000000784000000)
  object space 21504K, 35% used [0x0000000779a00000,0x000000077a17b438,0x000000077af00000)
Event: 57.845 GC heap after
Heap after GC invocations=10 (full 0):
 PSYoungGen      total 651264K, used 128K [0x00000007d6a80000, 0x0000000800000000, 0x0000000800000000)
  eden space 626176K, 0% used [0x00000007d6a80000,0x00000007d6a80000,0x00000007fce00000)
  from space 25088K, 0% used [0x00000007fe780000,0x00000007fe7a0000,0x0000000800000000)
  to   space 25600K, 0% used [0x00000007fce00000,0x00000007fce00000,0x00000007fe700000)
 ParOldGen       total 84480K, used 39617K [0x0000000784000000, 0x0000000789280000, 0x00000007d6a80000)
  object space 84480K, 46% used [0x0000000784000000,0x00000007866b0468,0x0000000789280000)
 PSPermGen       total 21504K, used 7661K [0x0000000779a00000, 0x000000077af00000, 0x0000000784000000)
  object space 21504K, 35% used [0x0000000779a00000,0x000000077a17b438,0x000000077af00000)
}
Event: 90.588 GC heap before
{Heap before GC invocations=11 (full 0):
 PSYoungGen      total 651264K, used 626304K [0x00000007d6a80000, 0x0000000800000000, 0x0000000800000000)
  eden space 626176K, 100% used [0x00000007d6a80000,0x00000007fce00000,0x00000007fce00000)
  from space 25088K, 0% used [0x00000007fe780000,0x00000007fe7a0000,0x0000000800000000)
  to   space 25600K, 0% used [0x00000007fce00000,0x00000007fce00000,0x00000007fe700000)
 ParOldGen       total 84480K, used 39617K [0x0000000784000000, 0x0000000789280000, 0x00000007d6a80000)
  object space 84480K, 46% used [0x0000000784000000,0x00000007866b0468,0x0000000789280000)
 PSPermGen       total 21504K, used 7661K [0x0000000779a00000, 0x000000077af00000, 0x0000000784000000)
  object space 21504K, 35% used [0x0000000779a00000,0x000000077a17b438,0x000000077af00000)
Event: 90.628 GC heap after
Heap after GC invocations=11 (full 0):
 PSYoungGen      total 596992K, used 128K [0x00000007d6a80000, 0x00000007fe800000, 0x0000000800000000)
  eden space 596480K, 0% used [0x00000007d6a80000,0x00000007d6a80000,0x00000007fb100000)
  from space 512K, 25% used [0x00000007fce00000,0x00000007fce20000,0x00000007fce80000)
  to   space 25600K, 0% used [0x00000007fcf00000,0x00000007fcf00000,0x00000007fe800000)
 ParOldGen       total 84480K, used 39641K [0x0000000784000000, 0x0000000789280000, 0x00000007d6a80000)
  object space 84480K, 46% used [0x0000000784000000,0x00000007866b6468,0x0000000789280000)
 PSPermGen       total 21504K, used 7661K [0x0000000779a00000, 0x000000077af00000, 0x0000000784000000)
  object space 21504K, 35% used [0x0000000779a00000,0x000000077a17b438,0x000000077af00000)
}
Event: 121.524 GC heap before
{Heap before GC invocations=12 (full 0):
 PSYoungGen      total 596992K, used 596608K [0x00000007d6a80000, 0x00000007fe800000, 0x0000000800000000)
  eden space 596480K, 100% used [0x00000007d6a80000,0x00000007fb100000,0x00000007fb100000)
  from space 512K, 25% used [0x00000007fce00000,0x00000007fce20000,0x00000007fce80000)
  to   space 25600K, 0% used [0x00000007fcf00000,0x00000007fcf00000,0x00000007fe800000)
 ParOldGen       total 84480K, used 39641K [0x0000000784000000, 0x0000000789280000, 0x00000007d6a80000)
  object space 84480K, 46% used [0x0000000784000000,0x00000007866b6468,0x0000000789280000)
 PSPermGen       total 21504K, used 7661K [0x0000000779a00000, 0x000000077af00000, 0x0000000784000000)
  object space 21504K, 35% used [0x0000000779a00000,0x000000077a17b438,0x000000077af00000)

