# JRE version: OpenJDK Runtime Environment (7.0_95) (build 1.7.0_95-b00)
# Java VM: OpenJDK 64-Bit Server VM (24.95-b01 mixed mode linux-amd64 compressed oops)
Heap
 PSYoungGen      total 424448K, used 96K [0x00000007d6a80000, 0x00000007f1b00000, 0x0000000800000000)
  eden space 407040K, 0% used [0x00000007d6a80000,0x00000007d6a80000,0x00000007ef800000)
  from space 17408K, 0% used [0x00000007ef800000,0x00000007ef818000,0x00000007f0900000)
  to   space 16384K, 0% used [0x00000007f0900000,0x00000007f0900000,0x00000007f1900000)
 ParOldGen       total 84480K, used 23399K [0x0000000784000000, 0x0000000789280000, 0x00000007d6a80000)
  object space 84480K, 27% used [0x0000000784000000,0x00000007856d9c90,0x0000000789280000)
 PSPermGen       total 21504K, used 7636K [0x0000000779a00000, 0x000000077af00000, 0x0000000784000000)
  object space 21504K, 35% used [0x0000000779a00000,0x000000077a175228,0x000000077af00000)
GC Heap History (10 events):
Event: 12.034 GC heap after
Heap after GC invocations=6 (full 0):
 PSYoungGen      total 140288K, used 12055K [0x00000007d6a80000, 0x00000007e0480000, 0x0000000800000000)
  eden space 127488K, 0% used [0x00000007d6a80000,0x00000007d6a80000,0x00000007de700000)
  from space 12800K, 94% used [0x00000007df500000,0x00000007e00c5c80,0x00000007e0180000)
  to   space 14336K, 0% used [0x00000007de700000,0x00000007de700000,0x00000007df500000)
 ParOldGen       total 84480K, used 14806K [0x0000000784000000, 0x0000000789280000, 0x00000007d6a80000)
  object space 84480K, 17% used [0x0000000784000000,0x0000000784e75a00,0x0000000789280000)
 PSPermGen       total 21504K, used 7598K [0x0000000779a00000, 0x000000077af00000, 0x0000000784000000)
  object space 21504K, 35% used [0x0000000779a00000,0x000000077a16bb38,0x000000077af00000)
}
Event: 13.117 GC heap before
{Heap before GC invocations=7 (full 0):
 PSYoungGen      total 140288K, used 139543K [0x00000007d6a80000, 0x00000007e0480000, 0x0000000800000000)
  eden space 127488K, 100% used [0x00000007d6a80000,0x00000007de700000,0x00000007de700000)
  from space 12800K, 94% used [0x00000007df500000,0x00000007e00c5c80,0x00000007e0180000)
  to   space 14336K, 0% used [0x00000007de700000,0x00000007de700000,0x00000007df500000)
 ParOldGen       total 84480K, used 14806K [0x0000000784000000, 0x0000000789280000, 0x00000007d6a80000)
  object space 84480K, 17% used [0x0000000784000000,0x0000000784e75a00,0x0000000789280000)
 PSPermGen       total 21504K, used 7635K [0x0000000779a00000, 0x000000077af00000, 0x0000000784000000)
  object space 21504K, 35% used [0x0000000779a00000,0x000000077a174fc8,0x000000077af00000)
Event: 13.133 GC heap after
Heap after GC invocations=7 (full 0):
 PSYoungGen      total 141824K, used 14072K [0x00000007d6a80000, 0x00000007e8380000, 0x0000000800000000)
  eden space 127488K, 0% used [0x00000007d6a80000,0x00000007d6a80000,0x00000007de700000)
  from space 14336K, 98% used [0x00000007de700000,0x00000007df4be0c8,0x00000007df500000)
  to   space 16384K, 0% used [0x00000007e7380000,0x00000007e7380000,0x00000007e8380000)
 ParOldGen       total 84480K, used 16535K [0x0000000784000000, 0x0000000789280000, 0x00000007d6a80000)
  object space 84480K, 19% used [0x0000000784000000,0x0000000785025f40,0x0000000789280000)
 PSPermGen       total 21504K, used 7635K [0x0000000779a00000, 0x000000077af00000, 0x0000000784000000)
  object space 21504K, 35% used [0x0000000779a00000,0x000000077a174fc8,0x000000077af00000)
}
Event: 14.695 GC heap before
{Heap before GC invocations=8 (full 0):
 PSYoungGen      total 141824K, used 141560K [0x00000007d6a80000, 0x00000007e8380000, 0x0000000800000000)
  eden space 127488K, 100% used [0x00000007d6a80000,0x00000007de700000,0x00000007de700000)
  from space 14336K, 98% used [0x00000007de700000,0x00000007df4be0c8,0x00000007df500000)
  to   space 16384K, 0% used [0x00000007e7380000,0x00000007e7380000,0x00000007e8380000)
 ParOldGen       total 84480K, used 16535K [0x0000000784000000, 0x0000000789280000, 0x00000007d6a80000)
  object space 84480K, 19% used [0x0000000784000000,0x0000000785025f40,0x0000000789280000)
 PSPermGen       total 21504K, used 7636K [0x0000000779a00000, 0x000000077af00000, 0x0000000784000000)
  object space 21504K, 35% used [0x0000000779a00000,0x000000077a175208,0x000000077af00000)
Event: 14.699 GC heap after
Heap after GC invocations=8 (full 0):
 PSYoungGen      total 270336K, used 8260K [0x00000007d6a80000, 0x00000007e8280000, 0x0000000800000000)
  eden space 254976K, 0% used [0x00000007d6a80000,0x00000007d6a80000,0x00000007e6380000)
  from space 15360K, 53% used [0x00000007e7380000,0x00000007e7b911f8,0x00000007e8280000)
  to   space 15872K, 0% used [0x00000007e6380000,0x00000007e6380000,0x00000007e7300000)
 ParOldGen       total 84480K, used 17998K [0x0000000784000000, 0x0000000789280000, 0x00000007d6a80000)
  object space 84480K, 21% used [0x0000000784000000,0x0000000785193a60,0x0000000789280000)
 PSPermGen       total 21504K, used 7636K [0x0000000779a00000, 0x000000077af00000, 0x0000000784000000)
  object space 21504K, 35% used [0x0000000779a00000,0x000000077a175208,0x000000077af00000)
}
Event: 17.840 GC heap before
{Heap before GC invocations=9 (full 0):
 PSYoungGen      total 270336K, used 263236K [0x00000007d6a80000, 0x00000007e8280000, 0x0000000800000000)
  eden space 254976K, 100% used [0x00000007d6a80000,0x00000007e6380000,0x00000007e6380000)
  from space 15360K, 53% used [0x00000007e7380000,0x00000007e7b911f8,0x00000007e8280000)
  to   space 15872K, 0% used [0x00000007e6380000,0x00000007e6380000,0x00000007e7300000)
 ParOldGen       total 84480K, used 17998K [0x0000000784000000, 0x0000000789280000, 0x00000007d6a80000)
  object space 84480K, 21% used [0x0000000784000000,0x0000000785193a60,0x0000000789280000)
 PSPermGen       total 21504K, used 7636K [0x0000000779a00000, 0x000000077af00000, 0x0000000784000000)
  object space 21504K, 35% used [0x0000000779a00000,0x000000077a175228,0x000000077af00000)
Event: 17.845 GC heap after
Heap after GC invocations=9 (full 0):
 PSYoungGen      total 270848K, used 1400K [0x00000007d6a80000, 0x00000007f1900000, 0x0000000800000000)
  eden space 254976K, 0% used [0x00000007d6a80000,0x00000007d6a80000,0x00000007e6380000)
  from space 15872K, 8% used [0x00000007e6380000,0x00000007e64de1a8,0x00000007e7300000)
  to   space 16384K, 0% used [0x00000007f0900000,0x00000007f0900000,0x00000007f1900000)
 ParOldGen       total 84480K, used 22006K [0x0000000784000000, 0x0000000789280000, 0x00000007d6a80000)
  object space 84480K, 26% used [0x0000000784000000,0x000000078557d920,0x0000000789280000)
 PSPermGen       total 21504K, used 7636K [0x0000000779a00000, 0x000000077af00000, 0x0000000784000000)
  object space 21504K, 35% used [0x0000000779a00000,0x000000077a175228,0x000000077af00000)
}
Event: 21.027 GC heap before
{Heap before GC invocations=10 (full 0):
 PSYoungGen      total 270848K, used 256376K [0x00000007d6a80000, 0x00000007f1900000, 0x0000000800000000)
  eden space 254976K, 100% used [0x00000007d6a80000,0x00000007e6380000,0x00000007e6380000)
  from space 15872K, 8% used [0x00000007e6380000,0x00000007e64de1a8,0x00000007e7300000)
  to   space 16384K, 0% used [0x00000007f0900000,0x00000007f0900000,0x00000007f1900000)
 ParOldGen       total 84480K, used 22006K [0x0000000784000000, 0x0000000789280000, 0x00000007d6a80000)
  object space 84480K, 26% used [0x0000000784000000,0x000000078557d920,0x0000000789280000)
 PSPermGen       total 21504K, used 7636K [0x0000000779a00000, 0x000000077af00000, 0x0000000784000000)
  object space 21504K, 35% used [0x0000000779a00000,0x000000077a175228,0x000000077af00000)
Event: 21.029 GC heap after
Heap after GC invocations=10 (full 0):
 PSYoungGen      total 423424K, used 32K [0x00000007d6a80000, 0x00000007f1b00000, 0x0000000800000000)
  eden space 407040K, 0% used [0x00000007d6a80000,0x00000007d6a80000,0x00000007ef800000)
  from space 16384K, 0% used [0x00000007f0900000,0x00000007f0908000,0x00000007f1900000)
  to   space 17408K, 0% used [0x00000007ef800000,0x00000007ef800000,0x00000007f0900000)
 ParOldGen       total 84480K, used 23375K [0x0000000784000000, 0x0000000789280000, 0x00000007d6a80000)
  object space 84480K, 27% used [0x0000000784000000,0x00000007856d3c90,0x0000000789280000)
 PSPermGen       total 21504K, used 7636K [0x0000000779a00000, 0x000000077af00000, 0x0000000784000000)
  object space 21504K, 35% used [0x0000000779a00000,0x000000077a175228,0x000000077af00000)
}
Event: 26.497 GC heap before
{Heap before GC invocations=11 (full 0):
 PSYoungGen      total 423424K, used 407072K [0x00000007d6a80000, 0x00000007f1b00000, 0x0000000800000000)
  eden space 407040K, 100% used [0x00000007d6a80000,0x00000007ef800000,0x00000007ef800000)
  from space 16384K, 0% used [0x00000007f0900000,0x00000007f0908000,0x00000007f1900000)
  to   space 17408K, 0% used [0x00000007ef800000,0x00000007ef800000,0x00000007f0900000)
 ParOldGen       total 84480K, used 23375K [0x0000000784000000, 0x0000000789280000, 0x00000007d6a80000)
  object space 84480K, 27% used [0x0000000784000000,0x00000007856d3c90,0x0000000789280000)
 PSPermGen       total 21504K, used 7636K [0x0000000779a00000, 0x000000077af00000, 0x0000000784000000)
  object space 21504K, 35% used [0x0000000779a00000,0x000000077a175228,0x000000077af00000)

