# JRE version: OpenJDK Runtime Environment (7.0_95) (build 1.7.0_95-b00)
# Java VM: OpenJDK 64-Bit Server VM (24.95-b01 mixed mode linux-amd64 compressed oops)
Heap
 PSYoungGen      total 428032K, used 64K [0x00000007d6a80000, 0x00000007f2280000, 0x0000000800000000)
  eden space 406528K, 0% used [0x00000007d6a80000,0x00000007d6a80000,0x00000007ef780000)
  from space 21504K, 0% used [0x00000007ef780000,0x00000007ef790000,0x00000007f0c80000)
  to   space 20480K, 0% used [0x00000007f0c80000,0x00000007f0c80000,0x00000007f2080000)
 ParOldGen       total 84480K, used 40438K [0x0000000784000000, 0x0000000789280000, 0x00000007d6a80000)
  object space 84480K, 47% used [0x0000000784000000,0x000000078677da00,0x0000000789280000)
 PSPermGen       total 21504K, used 7656K [0x0000000779a00000, 0x000000077af00000, 0x0000000784000000)
  object space 21504K, 35% used [0x0000000779a00000,0x000000077a17a0a8,0x000000077af00000)
GC Heap History (10 events):
Event: 7.146 GC heap after
Heap after GC invocations=6 (full 0):
 PSYoungGen      total 140800K, used 11995K [0x00000007d6a80000, 0x00000007e0580000, 0x0000000800000000)
  eden space 127488K, 0% used [0x00000007d6a80000,0x00000007d6a80000,0x00000007de700000)
  from space 13312K, 90% used [0x00000007df580000,0x00000007e0136ca8,0x00000007e0280000)
  to   space 14848K, 0% used [0x00000007de700000,0x00000007de700000,0x00000007df580000)
 ParOldGen       total 84480K, used 17039K [0x0000000784000000, 0x0000000789280000, 0x00000007d6a80000)
  object space 84480K, 20% used [0x0000000784000000,0x00000007850a3d78,0x0000000789280000)
 PSPermGen       total 21504K, used 7599K [0x0000000779a00000, 0x000000077af00000, 0x0000000784000000)
  object space 21504K, 35% used [0x0000000779a00000,0x000000077a16bc00,0x000000077af00000)
}
Event: 7.523 GC heap before
{Heap before GC invocations=7 (full 0):
 PSYoungGen      total 140800K, used 139483K [0x00000007d6a80000, 0x00000007e0580000, 0x0000000800000000)
  eden space 127488K, 100% used [0x00000007d6a80000,0x00000007de700000,0x00000007de700000)
  from space 13312K, 90% used [0x00000007df580000,0x00000007e0136ca8,0x00000007e0280000)
  to   space 14848K, 0% used [0x00000007de700000,0x00000007de700000,0x00000007df580000)
 ParOldGen       total 84480K, used 17039K [0x0000000784000000, 0x0000000789280000, 0x00000007d6a80000)
  object space 84480K, 20% used [0x0000000784000000,0x00000007850a3d78,0x0000000789280000)
 PSPermGen       total 21504K, used 7621K [0x0000000779a00000, 0x000000077af00000, 0x0000000784000000)
  object space 21504K, 35% used [0x0000000779a00000,0x000000077a1715c0,0x000000077af00000)
Event: 7.536 GC heap after
Heap after GC invocations=7 (full 0):
 PSYoungGen      total 142336K, used 14836K [0x00000007d6a80000, 0x00000007e8c80000, 0x0000000800000000)
  eden space 127488K, 0% used [0x00000007d6a80000,0x00000007d6a80000,0x00000007de700000)
  from space 14848K, 99% used [0x00000007de700000,0x00000007df57d008,0x00000007df580000)
  to   space 20992K, 0% used [0x00000007e7800000,0x00000007e7800000,0x00000007e8c80000)
 ParOldGen       total 84480K, used 25081K [0x0000000784000000, 0x0000000789280000, 0x00000007d6a80000)
  object space 84480K, 29% used [0x0000000784000000,0x000000078587e6d8,0x0000000789280000)
 PSPermGen       total 21504K, used 7621K [0x0000000779a00000, 0x000000077af00000, 0x0000000784000000)
  object space 21504K, 35% used [0x0000000779a00000,0x000000077a1715c0,0x000000077af00000)
}
Event: 9.259 GC heap before
{Heap before GC invocations=8 (full 0):
 PSYoungGen      total 142336K, used 142324K [0x00000007d6a80000, 0x00000007e8c80000, 0x0000000800000000)
  eden space 127488K, 100% used [0x00000007d6a80000,0x00000007de700000,0x00000007de700000)
  from space 14848K, 99% used [0x00000007de700000,0x00000007df57d008,0x00000007df580000)
  to   space 20992K, 0% used [0x00000007e7800000,0x00000007e7800000,0x00000007e8c80000)
 ParOldGen       total 84480K, used 25081K [0x0000000784000000, 0x0000000789280000, 0x00000007d6a80000)
  object space 84480K, 29% used [0x0000000784000000,0x000000078587e6d8,0x0000000789280000)
 PSPermGen       total 21504K, used 7654K [0x0000000779a00000, 0x000000077af00000, 0x0000000784000000)
  object space 21504K, 35% used [0x0000000779a00000,0x000000077a1799b8,0x000000077af00000)
Event: 9.268 GC heap after
Heap after GC invocations=8 (full 0):
 PSYoungGen      total 275456K, used 14833K [0x00000007d6a80000, 0x00000007e8d80000, 0x0000000800000000)
  eden space 254464K, 0% used [0x00000007d6a80000,0x00000007d6a80000,0x00000007e6300000)
  from space 20992K, 70% used [0x00000007e7800000,0x00000007e867c618,0x00000007e8c80000)
  to   space 21504K, 0% used [0x00000007e6300000,0x00000007e6300000,0x00000007e7800000)
 ParOldGen       total 84480K, used 28010K [0x0000000784000000, 0x0000000789280000, 0x00000007d6a80000)
  object space 84480K, 33% used [0x0000000784000000,0x0000000785b5aaf8,0x0000000789280000)
 PSPermGen       total 21504K, used 7654K [0x0000000779a00000, 0x000000077af00000, 0x0000000784000000)
  object space 21504K, 35% used [0x0000000779a00000,0x000000077a1799b8,0x000000077af00000)
}
Event: 13.560 GC heap before
{Heap before GC invocations=9 (full 0):
 PSYoungGen      total 275456K, used 269297K [0x00000007d6a80000, 0x00000007e8d80000, 0x0000000800000000)
  eden space 254464K, 100% used [0x00000007d6a80000,0x00000007e6300000,0x00000007e6300000)
  from space 20992K, 70% used [0x00000007e7800000,0x00000007e867c618,0x00000007e8c80000)
  to   space 21504K, 0% used [0x00000007e6300000,0x00000007e6300000,0x00000007e7800000)
 ParOldGen       total 84480K, used 28010K [0x0000000784000000, 0x0000000789280000, 0x00000007d6a80000)
  object space 84480K, 33% used [0x0000000784000000,0x0000000785b5aaf8,0x0000000789280000)
 PSPermGen       total 21504K, used 7655K [0x0000000779a00000, 0x000000077af00000, 0x0000000784000000)
  object space 21504K, 35% used [0x0000000779a00000,0x000000077a179ef0,0x000000077af00000)
Event: 13.726 GC heap after
Heap after GC invocations=9 (full 0):
 PSYoungGen      total 275968K, used 11193K [0x00000007d6a80000, 0x00000007f2080000, 0x0000000800000000)
  eden space 254464K, 0% used [0x00000007d6a80000,0x00000007d6a80000,0x00000007e6300000)
  from space 21504K, 52% used [0x00000007e6300000,0x00000007e6dee7f8,0x00000007e7800000)
  to   space 20480K, 0% used [0x00000007f0c80000,0x00000007f0c80000,0x00000007f2080000)
 ParOldGen       total 84480K, used 31305K [0x0000000784000000, 0x0000000789280000, 0x00000007d6a80000)
  object space 84480K, 37% used [0x0000000784000000,0x0000000785e927f0,0x0000000789280000)
 PSPermGen       total 21504K, used 7655K [0x0000000779a00000, 0x000000077af00000, 0x0000000784000000)
  object space 21504K, 35% used [0x0000000779a00000,0x000000077a179ef0,0x000000077af00000)
}
Event: 17.706 GC heap before
{Heap before GC invocations=10 (full 0):
 PSYoungGen      total 275968K, used 265657K [0x00000007d6a80000, 0x00000007f2080000, 0x0000000800000000)
  eden space 254464K, 100% used [0x00000007d6a80000,0x00000007e6300000,0x00000007e6300000)
  from space 21504K, 52% used [0x00000007e6300000,0x00000007e6dee7f8,0x00000007e7800000)
  to   space 20480K, 0% used [0x00000007f0c80000,0x00000007f0c80000,0x00000007f2080000)
 ParOldGen       total 84480K, used 31305K [0x0000000784000000, 0x0000000789280000, 0x00000007d6a80000)
  object space 84480K, 37% used [0x0000000784000000,0x0000000785e927f0,0x0000000789280000)
 PSPermGen       total 21504K, used 7655K [0x0000000779a00000, 0x000000077af00000, 0x0000000784000000)
  object space 21504K, 35% used [0x0000000779a00000,0x000000077a179ef0,0x000000077af00000)
Event: 17.719 GC heap after
Heap after GC invocations=10 (full 0):
 PSYoungGen      total 427008K, used 64K [0x00000007d6a80000, 0x00000007f2280000, 0x0000000800000000)
  eden space 406528K, 0% used [0x00000007d6a80000,0x00000007d6a80000,0x00000007ef780000)
  from space 20480K, 0% used [0x00000007f0c80000,0x00000007f0c90000,0x00000007f2080000)
  to   space 21504K, 0% used [0x00000007ef780000,0x00000007ef780000,0x00000007f0c80000)
 ParOldGen       total 84480K, used 40422K [0x0000000784000000, 0x0000000789280000, 0x00000007d6a80000)
  object space 84480K, 47% used [0x0000000784000000,0x0000000786779a00,0x0000000789280000)
 PSPermGen       total 21504K, used 7655K [0x0000000779a00000, 0x000000077af00000, 0x0000000784000000)
  object space 21504K, 35% used [0x0000000779a00000,0x000000077a179ef0,0x000000077af00000)
}
Event: 29.227 GC heap before
{Heap before GC invocations=11 (full 0):
 PSYoungGen      total 427008K, used 406592K [0x00000007d6a80000, 0x00000007f2280000, 0x0000000800000000)
  eden space 406528K, 100% used [0x00000007d6a80000,0x00000007ef780000,0x00000007ef780000)
  from space 20480K, 0% used [0x00000007f0c80000,0x00000007f0c90000,0x00000007f2080000)
  to   space 21504K, 0% used [0x00000007ef780000,0x00000007ef780000,0x00000007f0c80000)
 ParOldGen       total 84480K, used 40422K [0x0000000784000000, 0x0000000789280000, 0x00000007d6a80000)
  object space 84480K, 47% used [0x0000000784000000,0x0000000786779a00,0x0000000789280000)
 PSPermGen       total 21504K, used 7656K [0x0000000779a00000, 0x000000077af00000, 0x0000000784000000)
  object space 21504K, 35% used [0x0000000779a00000,0x000000077a17a0a8,0x000000077af00000)

