# JRE version: OpenJDK Runtime Environment (7.0_95) (build 1.7.0_95-b00)
# Java VM: OpenJDK 64-Bit Server VM (24.95-b01 mixed mode linux-amd64 compressed oops)
Heap
 PSYoungGen      total 421888K, used 128K [0x00000007d6a80000, 0x00000007f1580000, 0x0000000800000000)
  eden space 407040K, 0% used [0x00000007d6a80000,0x00000007d6a80000,0x00000007ef800000)
  from space 14848K, 0% used [0x00000007ef800000,0x00000007ef820000,0x00000007f0680000)
  to   space 14336K, 0% used [0x00000007f0680000,0x00000007f0680000,0x00000007f1480000)
 ParOldGen       total 84480K, used 21959K [0x0000000784000000, 0x0000000789280000, 0x00000007d6a80000)
  object space 84480K, 25% used [0x0000000784000000,0x0000000785571d80,0x0000000789280000)
 PSPermGen       total 21504K, used 7624K [0x0000000779a00000, 0x000000077af00000, 0x0000000784000000)
  object space 21504K, 35% used [0x0000000779a00000,0x000000077a172370,0x000000077af00000)
GC Heap History (10 events):
Event: 3.475 GC heap after
Heap after GC invocations=6 (full 0):
 PSYoungGen      total 139776K, used 11396K [0x00000007d6a80000, 0x00000007e0380000, 0x0000000800000000)
  eden space 127488K, 0% used [0x00000007d6a80000,0x00000007d6a80000,0x00000007de700000)
  from space 12288K, 92% used [0x00000007df480000,0x00000007dffa10a8,0x00000007e0080000)
  to   space 13824K, 0% used [0x00000007de700000,0x00000007de700000,0x00000007df480000)
 ParOldGen       total 84480K, used 14347K [0x0000000784000000, 0x0000000789280000, 0x00000007d6a80000)
  object space 84480K, 16% used [0x0000000784000000,0x0000000784e02e80,0x0000000789280000)
 PSPermGen       total 21504K, used 7611K [0x0000000779a00000, 0x000000077af00000, 0x0000000784000000)
  object space 21504K, 35% used [0x0000000779a00000,0x000000077a16ef90,0x000000077af00000)
}
Event: 4.842 GC heap before
{Heap before GC invocations=7 (full 0):
 PSYoungGen      total 139776K, used 138884K [0x00000007d6a80000, 0x00000007e0380000, 0x0000000800000000)
  eden space 127488K, 100% used [0x00000007d6a80000,0x00000007de700000,0x00000007de700000)
  from space 12288K, 92% used [0x00000007df480000,0x00000007dffa10a8,0x00000007e0080000)
  to   space 13824K, 0% used [0x00000007de700000,0x00000007de700000,0x00000007df480000)
 ParOldGen       total 84480K, used 14347K [0x0000000784000000, 0x0000000789280000, 0x00000007d6a80000)
  object space 84480K, 16% used [0x0000000784000000,0x0000000784e02e80,0x0000000789280000)
 PSPermGen       total 21504K, used 7624K [0x0000000779a00000, 0x000000077af00000, 0x0000000784000000)
  object space 21504K, 35% used [0x0000000779a00000,0x000000077a1721b8,0x000000077af00000)
Event: 4.858 GC heap after
Heap after GC invocations=7 (full 0):
 PSYoungGen      total 141312K, used 8877K [0x00000007d6a80000, 0x00000007e7d80000, 0x0000000800000000)
  eden space 127488K, 0% used [0x00000007d6a80000,0x00000007d6a80000,0x00000007de700000)
  from space 13824K, 64% used [0x00000007de700000,0x00000007defab730,0x00000007df480000)
  to   space 13312K, 0% used [0x00000007e7080000,0x00000007e7080000,0x00000007e7d80000)
 ParOldGen       total 84480K, used 15818K [0x0000000784000000, 0x0000000789280000, 0x00000007d6a80000)
  object space 84480K, 18% used [0x0000000784000000,0x0000000784f72bc0,0x0000000789280000)
 PSPermGen       total 21504K, used 7624K [0x0000000779a00000, 0x000000077af00000, 0x0000000784000000)
  object space 21504K, 35% used [0x0000000779a00000,0x000000077a1721b8,0x000000077af00000)
}
Event: 6.142 GC heap before
{Heap before GC invocations=8 (full 0):
 PSYoungGen      total 141312K, used 136365K [0x00000007d6a80000, 0x00000007e7d80000, 0x0000000800000000)
  eden space 127488K, 100% used [0x00000007d6a80000,0x00000007de700000,0x00000007de700000)
  from space 13824K, 64% used [0x00000007de700000,0x00000007defab730,0x00000007df480000)
  to   space 13312K, 0% used [0x00000007e7080000,0x00000007e7080000,0x00000007e7d80000)
 ParOldGen       total 84480K, used 15818K [0x0000000784000000, 0x0000000789280000, 0x00000007d6a80000)
  object space 84480K, 18% used [0x0000000784000000,0x0000000784f72bc0,0x0000000789280000)
 PSPermGen       total 21504K, used 7624K [0x0000000779a00000, 0x000000077af00000, 0x0000000784000000)
  object space 21504K, 35% used [0x0000000779a00000,0x000000077a172370,0x000000077af00000)
Event: 6.156 GC heap after
Heap after GC invocations=8 (full 0):
 PSYoungGen      total 267776K, used 3788K [0x00000007d6a80000, 0x00000007e7e80000, 0x0000000800000000)
  eden space 254464K, 0% used [0x00000007d6a80000,0x00000007d6a80000,0x00000007e6300000)
  from space 13312K, 28% used [0x00000007e7080000,0x00000007e74332b0,0x00000007e7d80000)
  to   space 13824K, 0% used [0x00000007e6300000,0x00000007e6300000,0x00000007e7080000)
 ParOldGen       total 84480K, used 18189K [0x0000000784000000, 0x0000000789280000, 0x00000007d6a80000)
  object space 84480K, 21% used [0x0000000784000000,0x00000007851c3708,0x0000000789280000)
 PSPermGen       total 21504K, used 7624K [0x0000000779a00000, 0x000000077af00000, 0x0000000784000000)
  object space 21504K, 35% used [0x0000000779a00000,0x000000077a172370,0x000000077af00000)
}
Event: 9.571 GC heap before
{Heap before GC invocations=9 (full 0):
 PSYoungGen      total 267776K, used 258252K [0x00000007d6a80000, 0x00000007e7e80000, 0x0000000800000000)
  eden space 254464K, 100% used [0x00000007d6a80000,0x00000007e6300000,0x00000007e6300000)
  from space 13312K, 28% used [0x00000007e7080000,0x00000007e74332b0,0x00000007e7d80000)
  to   space 13824K, 0% used [0x00000007e6300000,0x00000007e6300000,0x00000007e7080000)
 ParOldGen       total 84480K, used 18189K [0x0000000784000000, 0x0000000789280000, 0x00000007d6a80000)
  object space 84480K, 21% used [0x0000000784000000,0x00000007851c3708,0x0000000789280000)
 PSPermGen       total 21504K, used 7624K [0x0000000779a00000, 0x000000077af00000, 0x0000000784000000)
  object space 21504K, 35% used [0x0000000779a00000,0x000000077a172370,0x000000077af00000)
Event: 9.578 GC heap after
Heap after GC invocations=9 (full 0):
 PSYoungGen      total 268288K, used 64K [0x00000007d6a80000, 0x00000007f1480000, 0x0000000800000000)
  eden space 254464K, 0% used [0x00000007d6a80000,0x00000007d6a80000,0x00000007e6300000)
  from space 13824K, 0% used [0x00000007e6300000,0x00000007e6310000,0x00000007e7080000)
  to   space 14336K, 0% used [0x00000007f0680000,0x00000007f0680000,0x00000007f1480000)
 ParOldGen       total 84480K, used 21900K [0x0000000784000000, 0x0000000789280000, 0x00000007d6a80000)
  object space 84480K, 25% used [0x0000000784000000,0x0000000785563210,0x0000000789280000)
 PSPermGen       total 21504K, used 7624K [0x0000000779a00000, 0x000000077af00000, 0x0000000784000000)
  object space 21504K, 35% used [0x0000000779a00000,0x000000077a172370,0x000000077af00000)
}
Event: 14.218 GC heap before
{Heap before GC invocations=10 (full 0):
 PSYoungGen      total 268288K, used 254528K [0x00000007d6a80000, 0x00000007f1480000, 0x0000000800000000)
  eden space 254464K, 100% used [0x00000007d6a80000,0x00000007e6300000,0x00000007e6300000)
  from space 13824K, 0% used [0x00000007e6300000,0x00000007e6310000,0x00000007e7080000)
  to   space 14336K, 0% used [0x00000007f0680000,0x00000007f0680000,0x00000007f1480000)
 ParOldGen       total 84480K, used 21900K [0x0000000784000000, 0x0000000789280000, 0x00000007d6a80000)
  object space 84480K, 25% used [0x0000000784000000,0x0000000785563210,0x0000000789280000)
 PSPermGen       total 21504K, used 7624K [0x0000000779a00000, 0x000000077af00000, 0x0000000784000000)
  object space 21504K, 35% used [0x0000000779a00000,0x000000077a172370,0x000000077af00000)
Event: 14.433 GC heap after
Heap after GC invocations=10 (full 0):
 PSYoungGen      total 421376K, used 128K [0x00000007d6a80000, 0x00000007f1580000, 0x0000000800000000)
  eden space 407040K, 0% used [0x00000007d6a80000,0x00000007d6a80000,0x00000007ef800000)
  from space 14336K, 0% used [0x00000007f0680000,0x00000007f06a0000,0x00000007f1480000)
  to   space 14848K, 0% used [0x00000007ef800000,0x00000007ef800000,0x00000007f0680000)
 ParOldGen       total 84480K, used 21935K [0x0000000784000000, 0x0000000789280000, 0x00000007d6a80000)
  object space 84480K, 25% used [0x0000000784000000,0x000000078556bd80,0x0000000789280000)
 PSPermGen       total 21504K, used 7624K [0x0000000779a00000, 0x000000077af00000, 0x0000000784000000)
  object space 21504K, 35% used [0x0000000779a00000,0x000000077a172370,0x000000077af00000)
}
Event: 20.759 GC heap before
{Heap before GC invocations=11 (full 0):
 PSYoungGen      total 421376K, used 407168K [0x00000007d6a80000, 0x00000007f1580000, 0x0000000800000000)
  eden space 407040K, 100% used [0x00000007d6a80000,0x00000007ef800000,0x00000007ef800000)
  from space 14336K, 0% used [0x00000007f0680000,0x00000007f06a0000,0x00000007f1480000)
  to   space 14848K, 0% used [0x00000007ef800000,0x00000007ef800000,0x00000007f0680000)
 ParOldGen       total 84480K, used 21935K [0x0000000784000000, 0x0000000789280000, 0x00000007d6a80000)
  object space 84480K, 25% used [0x0000000784000000,0x000000078556bd80,0x0000000789280000)
 PSPermGen       total 21504K, used 7624K [0x0000000779a00000, 0x000000077af00000, 0x0000000784000000)
  object space 21504K, 35% used [0x0000000779a00000,0x000000077a172370,0x000000077af00000)

