# JRE version: OpenJDK Runtime Environment (7.0_95) (build 1.7.0_95-b00)
# Java VM: OpenJDK 64-Bit Server VM (24.95-b01 mixed mode linux-amd64 compressed oops)
Heap
 PSYoungGen      total 427520K, used 96K [0x00000007d6a80000, 0x00000007f7e80000, 0x0000000800000000)
  eden space 404480K, 0% used [0x00000007d6a80000,0x00000007d6a80000,0x00000007ef580000)
  from space 23040K, 0% used [0x00000007f5180000,0x00000007f5198000,0x00000007f6800000)
  to   space 512K, 0% used [0x00000007f7e00000,0x00000007f7e00000,0x00000007f7e80000)
 ParOldGen       total 84480K, used 49433K [0x0000000784000000, 0x0000000789280000, 0x00000007d6a80000)
  object space 84480K, 58% used [0x0000000784000000,0x00000007870466e8,0x0000000789280000)
 PSPermGen       total 21504K, used 7661K [0x0000000779a00000, 0x000000077af00000, 0x0000000784000000)
  object space 21504K, 35% used [0x0000000779a00000,0x000000077a17b558,0x000000077af00000)
GC Heap History (10 events):
Event: 94.083 GC heap after
Heap after GC invocations=16 (full 0):
 PSYoungGen      total 488960K, used 64K [0x00000007d6a80000, 0x00000007fae80000, 0x0000000800000000)
  eden space 488448K, 0% used [0x00000007d6a80000,0x00000007d6a80000,0x00000007f4780000)
  from space 512K, 12% used [0x00000007fae00000,0x00000007fae10000,0x00000007fae80000)
  to   space 26624K, 0% used [0x00000007f7a80000,0x00000007f7a80000,0x00000007f9480000)
 ParOldGen       total 84480K, used 49302K [0x0000000784000000, 0x0000000789280000, 0x00000007d6a80000)
  object space 84480K, 58% used [0x0000000784000000,0x0000000787025b78,0x0000000789280000)
 PSPermGen       total 21504K, used 7661K [0x0000000779a00000, 0x000000077af00000, 0x0000000784000000)
  object space 21504K, 35% used [0x0000000779a00000,0x000000077a17b558,0x000000077af00000)
}
Event: 106.377 GC heap before
{Heap before GC invocations=17 (full 0):
 PSYoungGen      total 488960K, used 488512K [0x00000007d6a80000, 0x00000007fae80000, 0x0000000800000000)
  eden space 488448K, 100% used [0x00000007d6a80000,0x00000007f4780000,0x00000007f4780000)
  from space 512K, 12% used [0x00000007fae00000,0x00000007fae10000,0x00000007fae80000)
  to   space 26624K, 0% used [0x00000007f7a80000,0x00000007f7a80000,0x00000007f9480000)
 ParOldGen       total 84480K, used 49302K [0x0000000784000000, 0x0000000789280000, 0x00000007d6a80000)
  object space 84480K, 58% used [0x0000000784000000,0x0000000787025b78,0x0000000789280000)
 PSPermGen       total 21504K, used 7661K [0x0000000779a00000, 0x000000077af00000, 0x0000000784000000)
  object space 21504K, 35% used [0x0000000779a00000,0x000000077a17b558,0x000000077af00000)
Event: 106.464 GC heap after
Heap after GC invocations=17 (full 0):
 PSYoungGen      total 492544K, used 96K [0x00000007d6a80000, 0x00000007fae80000, 0x0000000800000000)
  eden space 465920K, 0% used [0x00000007d6a80000,0x00000007d6a80000,0x00000007f3180000)
  from space 26624K, 0% used [0x00000007f7a80000,0x00000007f7a98000,0x00000007f9480000)
  to   space 26112K, 0% used [0x00000007f9500000,0x00000007f9500000,0x00000007fae80000)
 ParOldGen       total 84480K, used 49318K [0x0000000784000000, 0x0000000789280000, 0x00000007d6a80000)
  object space 84480K, 58% used [0x0000000784000000,0x0000000787029b78,0x0000000789280000)
 PSPermGen       total 21504K, used 7661K [0x0000000779a00000, 0x000000077af00000, 0x0000000784000000)
  object space 21504K, 35% used [0x0000000779a00000,0x000000077a17b558,0x000000077af00000)
}
Event: 125.017 GC heap before
{Heap before GC invocations=18 (full 0):
 PSYoungGen      total 492544K, used 466016K [0x00000007d6a80000, 0x00000007fae80000, 0x0000000800000000)
  eden space 465920K, 100% used [0x00000007d6a80000,0x00000007f3180000,0x00000007f3180000)
  from space 26624K, 0% used [0x00000007f7a80000,0x00000007f7a98000,0x00000007f9480000)
  to   space 26112K, 0% used [0x00000007f9500000,0x00000007f9500000,0x00000007fae80000)
 ParOldGen       total 84480K, used 49318K [0x0000000784000000, 0x0000000789280000, 0x00000007d6a80000)
  object space 84480K, 58% used [0x0000000784000000,0x0000000787029b78,0x0000000789280000)
 PSPermGen       total 21504K, used 7661K [0x0000000779a00000, 0x000000077af00000, 0x0000000784000000)
  object space 21504K, 35% used [0x0000000779a00000,0x000000077a17b558,0x000000077af00000)
Event: 125.346 GC heap after
Heap after GC invocations=18 (full 0):
 PSYoungGen      total 444928K, used 64K [0x00000007d6a80000, 0x00000007f9580000, 0x0000000800000000)
  eden space 444416K, 0% used [0x00000007d6a80000,0x00000007d6a80000,0x00000007f1c80000)
  from space 512K, 12% used [0x00000007f9500000,0x00000007f9510000,0x00000007f9580000)
  to   space 25088K, 0% used [0x00000007f6480000,0x00000007f6480000,0x00000007f7d00000)
 ParOldGen       total 84480K, used 49334K [0x0000000784000000, 0x0000000789280000, 0x00000007d6a80000)
  object space 84480K, 58% used [0x0000000784000000,0x000000078702db78,0x0000000789280000)
 PSPermGen       total 21504K, used 7661K [0x0000000779a00000, 0x000000077af00000, 0x0000000784000000)
  object space 21504K, 35% used [0x0000000779a00000,0x000000077a17b558,0x000000077af00000)
}
Event: 136.930 GC heap before
{Heap before GC invocations=19 (full 0):
 PSYoungGen      total 444928K, used 444480K [0x00000007d6a80000, 0x00000007f9580000, 0x0000000800000000)
  eden space 444416K, 100% used [0x00000007d6a80000,0x00000007f1c80000,0x00000007f1c80000)
  from space 512K, 12% used [0x00000007f9500000,0x00000007f9510000,0x00000007f9580000)
  to   space 25088K, 0% used [0x00000007f6480000,0x00000007f6480000,0x00000007f7d00000)
 ParOldGen       total 84480K, used 49334K [0x0000000784000000, 0x0000000789280000, 0x00000007d6a80000)
  object space 84480K, 58% used [0x0000000784000000,0x000000078702db78,0x0000000789280000)
 PSPermGen       total 21504K, used 7661K [0x0000000779a00000, 0x000000077af00000, 0x0000000784000000)
  object space 21504K, 35% used [0x0000000779a00000,0x000000077a17b558,0x000000077af00000)
Event: 137.062 GC heap after
Heap after GC invocations=19 (full 0):
 PSYoungGen      total 449024K, used 96K [0x00000007d6a80000, 0x00000007f9580000, 0x0000000800000000)
  eden space 423936K, 0% used [0x00000007d6a80000,0x00000007d6a80000,0x00000007f0880000)
  from space 25088K, 0% used [0x00000007f6480000,0x00000007f6498000,0x00000007f7d00000)
  to   space 24064K, 0% used [0x00000007f7e00000,0x00000007f7e00000,0x00000007f9580000)
 ParOldGen       total 84480K, used 49366K [0x0000000784000000, 0x0000000789280000, 0x00000007d6a80000)
  object space 84480K, 58% used [0x0000000784000000,0x0000000787035b78,0x0000000789280000)
 PSPermGen       total 21504K, used 7661K [0x0000000779a00000, 0x000000077af00000, 0x0000000784000000)
  object space 21504K, 35% used [0x0000000779a00000,0x000000077a17b558,0x000000077af00000)
}
Event: 150.873 GC heap before
{Heap before GC invocations=20 (full 0):
 PSYoungGen      total 449024K, used 424032K [0x00000007d6a80000, 0x00000007f9580000, 0x0000000800000000)
  eden space 423936K, 100% used [0x00000007d6a80000,0x00000007f0880000,0x00000007f0880000)
  from space 25088K, 0% used [0x00000007f6480000,0x00000007f6498000,0x00000007f7d00000)
  to   space 24064K, 0% used [0x00000007f7e00000,0x00000007f7e00000,0x00000007f9580000)
 ParOldGen       total 84480K, used 49366K [0x0000000784000000, 0x0000000789280000, 0x00000007d6a80000)
  object space 84480K, 58% used [0x0000000784000000,0x0000000787035b78,0x0000000789280000)
 PSPermGen       total 21504K, used 7661K [0x0000000779a00000, 0x000000077af00000, 0x0000000784000000)
  object space 21504K, 35% used [0x0000000779a00000,0x000000077a17b558,0x000000077af00000)
Event: 151.016 GC heap after
Heap after GC invocations=20 (full 0):
 PSYoungGen      total 404992K, used 128K [0x00000007d6a80000, 0x00000007f7e80000, 0x0000000800000000)
  eden space 404480K, 0% used [0x00000007d6a80000,0x00000007d6a80000,0x00000007ef580000)
  from space 512K, 25% used [0x00000007f7e00000,0x00000007f7e20000,0x00000007f7e80000)
  to   space 23040K, 0% used [0x00000007f5180000,0x00000007f5180000,0x00000007f6800000)
 ParOldGen       total 84480K, used 49398K [0x0000000784000000, 0x0000000789280000, 0x00000007d6a80000)
  object space 84480K, 58% used [0x0000000784000000,0x000000078703db78,0x0000000789280000)
 PSPermGen       total 21504K, used 7661K [0x0000000779a00000, 0x000000077af00000, 0x0000000784000000)
  object space 21504K, 35% used [0x0000000779a00000,0x000000077a17b558,0x000000077af00000)
}
Event: 175.861 GC heap before
{Heap before GC invocations=21 (full 0):
 PSYoungGen      total 404992K, used 404608K [0x00000007d6a80000, 0x00000007f7e80000, 0x0000000800000000)
  eden space 404480K, 100% used [0x00000007d6a80000,0x00000007ef580000,0x00000007ef580000)
  from space 512K, 25% used [0x00000007f7e00000,0x00000007f7e20000,0x00000007f7e80000)
  to   space 23040K, 0% used [0x00000007f5180000,0x00000007f5180000,0x00000007f6800000)
 ParOldGen       total 84480K, used 49398K [0x0000000784000000, 0x0000000789280000, 0x00000007d6a80000)
  object space 84480K, 58% used [0x0000000784000000,0x000000078703db78,0x0000000789280000)
 PSPermGen       total 21504K, used 7661K [0x0000000779a00000, 0x000000077af00000, 0x0000000784000000)
  object space 21504K, 35% used [0x0000000779a00000,0x000000077a17b558,0x000000077af00000)

