# JRE version: OpenJDK Runtime Environment (7.0_95) (build 1.7.0_95-b00)
# Java VM: OpenJDK 64-Bit Server VM (24.95-b01 mixed mode linux-amd64 compressed oops)
Heap
 PSYoungGen      total 428032K, used 96K [0x00000007d6a80000, 0x00000007f2280000, 0x0000000800000000)
  eden space 406528K, 0% used [0x00000007d6a80000,0x00000007d6a80000,0x00000007ef780000)
  from space 21504K, 0% used [0x00000007ef780000,0x00000007ef798000,0x00000007f0c80000)
  to   space 20480K, 0% used [0x00000007f0c80000,0x00000007f0c80000,0x00000007f2080000)
 ParOldGen       total 84480K, used 40155K [0x0000000784000000, 0x0000000789280000, 0x00000007d6a80000)
  object space 84480K, 47% used [0x0000000784000000,0x0000000786736e70,0x0000000789280000)
 PSPermGen       total 21504K, used 7656K [0x0000000779a00000, 0x000000077af00000, 0x0000000784000000)
  object space 21504K, 35% used [0x0000000779a00000,0x000000077a17a028,0x000000077af00000)
GC Heap History (10 events):
Event: 1.614 GC heap after
Heap after GC invocations=6 (full 0):
 PSYoungGen      total 140288K, used 12556K [0x00000007d6a80000, 0x00000007e0480000, 0x0000000800000000)
  eden space 127488K, 0% used [0x00000007d6a80000,0x00000007d6a80000,0x00000007de700000)
  from space 12800K, 98% used [0x00000007df500000,0x00000007e0143120,0x00000007e0180000)
  to   space 14336K, 0% used [0x00000007de700000,0x00000007de700000,0x00000007df500000)
 ParOldGen       total 84480K, used 16993K [0x0000000784000000, 0x0000000789280000, 0x00000007d6a80000)
  object space 84480K, 20% used [0x0000000784000000,0x0000000785098730,0x0000000789280000)
 PSPermGen       total 21504K, used 7600K [0x0000000779a00000, 0x000000077af00000, 0x0000000784000000)
  object space 21504K, 35% used [0x0000000779a00000,0x000000077a16c0f8,0x000000077af00000)
}
Event: 2.085 GC heap before
{Heap before GC invocations=7 (full 0):
 PSYoungGen      total 140288K, used 140044K [0x00000007d6a80000, 0x00000007e0480000, 0x0000000800000000)
  eden space 127488K, 100% used [0x00000007d6a80000,0x00000007de700000,0x00000007de700000)
  from space 12800K, 98% used [0x00000007df500000,0x00000007e0143120,0x00000007e0180000)
  to   space 14336K, 0% used [0x00000007de700000,0x00000007de700000,0x00000007df500000)
 ParOldGen       total 84480K, used 16993K [0x0000000784000000, 0x0000000789280000, 0x00000007d6a80000)
  object space 84480K, 20% used [0x0000000784000000,0x0000000785098730,0x0000000789280000)
 PSPermGen       total 21504K, used 7656K [0x0000000779a00000, 0x000000077af00000, 0x0000000784000000)
  object space 21504K, 35% used [0x0000000779a00000,0x000000077a17a028,0x000000077af00000)
Event: 2.098 GC heap after
Heap after GC invocations=7 (full 0):
 PSYoungGen      total 141824K, used 14306K [0x00000007d6a80000, 0x00000007e8b80000, 0x0000000800000000)
  eden space 127488K, 0% used [0x00000007d6a80000,0x00000007d6a80000,0x00000007de700000)
  from space 14336K, 99% used [0x00000007de700000,0x00000007df4f8908,0x00000007df500000)
  to   space 20480K, 0% used [0x00000007e7780000,0x00000007e7780000,0x00000007e8b80000)
 ParOldGen       total 84480K, used 25695K [0x0000000784000000, 0x0000000789280000, 0x00000007d6a80000)
  object space 84480K, 30% used [0x0000000784000000,0x0000000785917f60,0x0000000789280000)
 PSPermGen       total 21504K, used 7656K [0x0000000779a00000, 0x000000077af00000, 0x0000000784000000)
  object space 21504K, 35% used [0x0000000779a00000,0x000000077a17a028,0x000000077af00000)
}
Event: 3.326 GC heap before
{Heap before GC invocations=8 (full 0):
 PSYoungGen      total 141824K, used 141794K [0x00000007d6a80000, 0x00000007e8b80000, 0x0000000800000000)
  eden space 127488K, 100% used [0x00000007d6a80000,0x00000007de700000,0x00000007de700000)
  from space 14336K, 99% used [0x00000007de700000,0x00000007df4f8908,0x00000007df500000)
  to   space 20480K, 0% used [0x00000007e7780000,0x00000007e7780000,0x00000007e8b80000)
 ParOldGen       total 84480K, used 25695K [0x0000000784000000, 0x0000000789280000, 0x00000007d6a80000)
  object space 84480K, 30% used [0x0000000784000000,0x0000000785917f60,0x0000000789280000)
 PSPermGen       total 21504K, used 7656K [0x0000000779a00000, 0x000000077af00000, 0x0000000784000000)
  object space 21504K, 35% used [0x0000000779a00000,0x000000077a17a028,0x000000077af00000)
Event: 3.333 GC heap after
Heap after GC invocations=8 (full 0):
 PSYoungGen      total 274944K, used 13943K [0x00000007d6a80000, 0x00000007e8c80000, 0x0000000800000000)
  eden space 254464K, 0% used [0x00000007d6a80000,0x00000007d6a80000,0x00000007e6300000)
  from space 20480K, 68% used [0x00000007e7780000,0x00000007e851df50,0x00000007e8b80000)
  to   space 20992K, 0% used [0x00000007e6300000,0x00000007e6300000,0x00000007e7780000)
 ParOldGen       total 84480K, used 25982K [0x0000000784000000, 0x0000000789280000, 0x00000007d6a80000)
  object space 84480K, 30% used [0x0000000784000000,0x000000078595fb10,0x0000000789280000)
 PSPermGen       total 21504K, used 7656K [0x0000000779a00000, 0x000000077af00000, 0x0000000784000000)
  object space 21504K, 35% used [0x0000000779a00000,0x000000077a17a028,0x000000077af00000)
}
Event: 5.888 GC heap before
{Heap before GC invocations=9 (full 0):
 PSYoungGen      total 274944K, used 268407K [0x00000007d6a80000, 0x00000007e8c80000, 0x0000000800000000)
  eden space 254464K, 100% used [0x00000007d6a80000,0x00000007e6300000,0x00000007e6300000)
  from space 20480K, 68% used [0x00000007e7780000,0x00000007e851df50,0x00000007e8b80000)
  to   space 20992K, 0% used [0x00000007e6300000,0x00000007e6300000,0x00000007e7780000)
 ParOldGen       total 84480K, used 25982K [0x0000000784000000, 0x0000000789280000, 0x00000007d6a80000)
  object space 84480K, 30% used [0x0000000784000000,0x000000078595fb10,0x0000000789280000)
 PSPermGen       total 21504K, used 7656K [0x0000000779a00000, 0x000000077af00000, 0x0000000784000000)
  object space 21504K, 35% used [0x0000000779a00000,0x000000077a17a028,0x000000077af00000)
Event: 5.895 GC heap after
Heap after GC invocations=9 (full 0):
 PSYoungGen      total 275456K, used 6625K [0x00000007d6a80000, 0x00000007f2080000, 0x0000000800000000)
  eden space 254464K, 0% used [0x00000007d6a80000,0x00000007d6a80000,0x00000007e6300000)
  from space 20992K, 31% used [0x00000007e6300000,0x00000007e69785d0,0x00000007e7780000)
  to   space 20480K, 0% used [0x00000007f0c80000,0x00000007f0c80000,0x00000007f2080000)
 ParOldGen       total 84480K, used 33470K [0x0000000784000000, 0x0000000789280000, 0x00000007d6a80000)
  object space 84480K, 39% used [0x0000000784000000,0x00000007860af910,0x0000000789280000)
 PSPermGen       total 21504K, used 7656K [0x0000000779a00000, 0x000000077af00000, 0x0000000784000000)
  object space 21504K, 35% used [0x0000000779a00000,0x000000077a17a028,0x000000077af00000)
}
Event: 9.466 GC heap before
{Heap before GC invocations=10 (full 0):
 PSYoungGen      total 275456K, used 261089K [0x00000007d6a80000, 0x00000007f2080000, 0x0000000800000000)
  eden space 254464K, 100% used [0x00000007d6a80000,0x00000007e6300000,0x00000007e6300000)
  from space 20992K, 31% used [0x00000007e6300000,0x00000007e69785d0,0x00000007e7780000)
  to   space 20480K, 0% used [0x00000007f0c80000,0x00000007f0c80000,0x00000007f2080000)
 ParOldGen       total 84480K, used 33470K [0x0000000784000000, 0x0000000789280000, 0x00000007d6a80000)
  object space 84480K, 39% used [0x0000000784000000,0x00000007860af910,0x0000000789280000)
 PSPermGen       total 21504K, used 7656K [0x0000000779a00000, 0x000000077af00000, 0x0000000784000000)
  object space 21504K, 35% used [0x0000000779a00000,0x000000077a17a028,0x000000077af00000)
Event: 9.493 GC heap after
Heap after GC invocations=10 (full 0):
 PSYoungGen      total 427008K, used 96K [0x00000007d6a80000, 0x00000007f2280000, 0x0000000800000000)
  eden space 406528K, 0% used [0x00000007d6a80000,0x00000007d6a80000,0x00000007ef780000)
  from space 20480K, 0% used [0x00000007f0c80000,0x00000007f0c98000,0x00000007f2080000)
  to   space 21504K, 0% used [0x00000007ef780000,0x00000007ef780000,0x00000007f0c80000)
 ParOldGen       total 84480K, used 40131K [0x0000000784000000, 0x0000000789280000, 0x00000007d6a80000)
  object space 84480K, 47% used [0x0000000784000000,0x0000000786730e70,0x0000000789280000)
 PSPermGen       total 21504K, used 7656K [0x0000000779a00000, 0x000000077af00000, 0x0000000784000000)
  object space 21504K, 35% used [0x0000000779a00000,0x000000077a17a028,0x000000077af00000)
}
Event: 17.846 GC heap before
{Heap before GC invocations=11 (full 0):
 PSYoungGen      total 427008K, used 406624K [0x00000007d6a80000, 0x00000007f2280000, 0x0000000800000000)
  eden space 406528K, 100% used [0x00000007d6a80000,0x00000007ef780000,0x00000007ef780000)
  from space 20480K, 0% used [0x00000007f0c80000,0x00000007f0c98000,0x00000007f2080000)
  to   space 21504K, 0% used [0x00000007ef780000,0x00000007ef780000,0x00000007f0c80000)
 ParOldGen       total 84480K, used 40131K [0x0000000784000000, 0x0000000789280000, 0x00000007d6a80000)
  object space 84480K, 47% used [0x0000000784000000,0x0000000786730e70,0x0000000789280000)
 PSPermGen       total 21504K, used 7656K [0x0000000779a00000, 0x000000077af00000, 0x0000000784000000)
  object space 21504K, 35% used [0x0000000779a00000,0x000000077a17a028,0x000000077af00000)

