# JRE version: OpenJDK Runtime Environment (7.0_95) (build 1.7.0_95-b00)
# Java VM: OpenJDK 64-Bit Server VM (24.95-b01 mixed mode linux-amd64 compressed oops)
Heap
 PSYoungGen      total 406528K, used 128K [0x00000007d6a80000, 0x00000007f0a80000, 0x0000000800000000)
  eden space 393216K, 0% used [0x00000007d6a80000,0x00000007d6a80000,0x00000007eea80000)
  from space 13312K, 0% used [0x00000007efd80000,0x00000007efda0000,0x00000007f0a80000)
  to   space 512K, 0% used [0x00000007efd00000,0x00000007efd00000,0x00000007efd80000)
 ParOldGen       total 84480K, used 19211K [0x0000000784000000, 0x0000000789280000, 0x00000007d6a80000)
  object space 84480K, 22% used [0x0000000784000000,0x00000007852c2e28,0x0000000789280000)
 PSPermGen       total 21504K, used 7620K [0x0000000779a00000, 0x000000077af00000, 0x0000000784000000)
  object space 21504K, 35% used [0x0000000779a00000,0x000000077a171348,0x000000077af00000)
GC Heap History (10 events):
Event: 5.372 GC heap after
Heap after GC invocations=7 (full 0):
 PSYoungGen      total 141312K, used 4710K [0x00000007d6a80000, 0x00000007e7e80000, 0x0000000800000000)
  eden space 129024K, 0% used [0x00000007d6a80000,0x00000007d6a80000,0x00000007de880000)
  from space 12288K, 38% used [0x00000007de880000,0x00000007ded19ab8,0x00000007df480000)
  to   space 12288K, 0% used [0x00000007e7280000,0x00000007e7280000,0x00000007e7e80000)
 ParOldGen       total 84480K, used 14634K [0x0000000784000000, 0x0000000789280000, 0x00000007d6a80000)
  object space 84480K, 17% used [0x0000000784000000,0x0000000784e4ab50,0x0000000789280000)
 PSPermGen       total 21504K, used 7620K [0x0000000779a00000, 0x000000077af00000, 0x0000000784000000)
  object space 21504K, 35% used [0x0000000779a00000,0x000000077a171108,0x000000077af00000)
}
Event: 6.950 GC heap before
{Heap before GC invocations=8 (full 0):
 PSYoungGen      total 141312K, used 133734K [0x00000007d6a80000, 0x00000007e7e80000, 0x0000000800000000)
  eden space 129024K, 100% used [0x00000007d6a80000,0x00000007de880000,0x00000007de880000)
  from space 12288K, 38% used [0x00000007de880000,0x00000007ded19ab8,0x00000007df480000)
  to   space 12288K, 0% used [0x00000007e7280000,0x00000007e7280000,0x00000007e7e80000)
 ParOldGen       total 84480K, used 14634K [0x0000000784000000, 0x0000000789280000, 0x00000007d6a80000)
  object space 84480K, 17% used [0x0000000784000000,0x0000000784e4ab50,0x0000000789280000)
 PSPermGen       total 21504K, used 7620K [0x0000000779a00000, 0x000000077af00000, 0x0000000784000000)
  object space 21504K, 35% used [0x0000000779a00000,0x000000077a171108,0x000000077af00000)
Event: 6.962 GC heap after
Heap after GC invocations=8 (full 0):
 PSYoungGen      total 269824K, used 2536K [0x00000007d6a80000, 0x00000007e7f80000, 0x0000000800000000)
  eden space 257536K, 0% used [0x00000007d6a80000,0x00000007d6a80000,0x00000007e6600000)
  from space 12288K, 20% used [0x00000007e7280000,0x00000007e74fa118,0x00000007e7e80000)
  to   space 12800K, 0% used [0x00000007e6600000,0x00000007e6600000,0x00000007e7280000)
 ParOldGen       total 84480K, used 16692K [0x0000000784000000, 0x0000000789280000, 0x00000007d6a80000)
  object space 84480K, 19% used [0x0000000784000000,0x000000078504d1a0,0x0000000789280000)
 PSPermGen       total 21504K, used 7620K [0x0000000779a00000, 0x000000077af00000, 0x0000000784000000)
  object space 21504K, 35% used [0x0000000779a00000,0x000000077a171108,0x000000077af00000)
}
Event: 9.858 GC heap before
{Heap before GC invocations=9 (full 0):
 PSYoungGen      total 269824K, used 260072K [0x00000007d6a80000, 0x00000007e7f80000, 0x0000000800000000)
  eden space 257536K, 100% used [0x00000007d6a80000,0x00000007e6600000,0x00000007e6600000)
  from space 12288K, 20% used [0x00000007e7280000,0x00000007e74fa118,0x00000007e7e80000)
  to   space 12800K, 0% used [0x00000007e6600000,0x00000007e6600000,0x00000007e7280000)
 ParOldGen       total 84480K, used 16692K [0x0000000784000000, 0x0000000789280000, 0x00000007d6a80000)
  object space 84480K, 19% used [0x0000000784000000,0x000000078504d1a0,0x0000000789280000)
 PSPermGen       total 21504K, used 7620K [0x0000000779a00000, 0x000000077af00000, 0x0000000784000000)
  object space 21504K, 35% used [0x0000000779a00000,0x000000077a171108,0x000000077af00000)
Event: 9.861 GC heap after
Heap after GC invocations=9 (full 0):
 PSYoungGen      total 270336K, used 32K [0x00000007d6a80000, 0x00000007f1700000, 0x0000000800000000)
  eden space 257536K, 0% used [0x00000007d6a80000,0x00000007d6a80000,0x00000007e6600000)
  from space 12800K, 0% used [0x00000007e6600000,0x00000007e6608000,0x00000007e7280000)
  to   space 13312K, 0% used [0x00000007f0a00000,0x00000007f0a00000,0x00000007f1700000)
 ParOldGen       total 84480K, used 19158K [0x0000000784000000, 0x0000000789280000, 0x00000007d6a80000)
  object space 84480K, 22% used [0x0000000784000000,0x00000007852b5ad0,0x0000000789280000)
 PSPermGen       total 21504K, used 7620K [0x0000000779a00000, 0x000000077af00000, 0x0000000784000000)
  object space 21504K, 35% used [0x0000000779a00000,0x000000077a171108,0x000000077af00000)
}
Event: 12.879 GC heap before
{Heap before GC invocations=10 (full 0):
 PSYoungGen      total 270336K, used 257568K [0x00000007d6a80000, 0x00000007f1700000, 0x0000000800000000)
  eden space 257536K, 100% used [0x00000007d6a80000,0x00000007e6600000,0x00000007e6600000)
  from space 12800K, 0% used [0x00000007e6600000,0x00000007e6608000,0x00000007e7280000)
  to   space 13312K, 0% used [0x00000007f0a00000,0x00000007f0a00000,0x00000007f1700000)
 ParOldGen       total 84480K, used 19158K [0x0000000784000000, 0x0000000789280000, 0x00000007d6a80000)
  object space 84480K, 22% used [0x0000000784000000,0x00000007852b5ad0,0x0000000789280000)
 PSPermGen       total 21504K, used 7620K [0x0000000779a00000, 0x000000077af00000, 0x0000000784000000)
  object space 21504K, 35% used [0x0000000779a00000,0x000000077a171108,0x000000077af00000)
Event: 12.880 GC heap after
Heap after GC invocations=10 (full 0):
 PSYoungGen      total 425472K, used 32K [0x00000007d6a80000, 0x00000007f1700000, 0x0000000800000000)
  eden space 412160K, 0% used [0x00000007d6a80000,0x00000007d6a80000,0x00000007efd00000)
  from space 13312K, 0% used [0x00000007f0a00000,0x00000007f0a08000,0x00000007f1700000)
  to   space 13312K, 0% used [0x00000007efd00000,0x00000007efd00000,0x00000007f0a00000)
 ParOldGen       total 84480K, used 19166K [0x0000000784000000, 0x0000000789280000, 0x00000007d6a80000)
  object space 84480K, 22% used [0x0000000784000000,0x00000007852b7ad0,0x0000000789280000)
 PSPermGen       total 21504K, used 7620K [0x0000000779a00000, 0x000000077af00000, 0x0000000784000000)
  object space 21504K, 35% used [0x0000000779a00000,0x000000077a171108,0x000000077af00000)
}
Event: 22.498 GC heap before
{Heap before GC invocations=11 (full 0):
 PSYoungGen      total 425472K, used 412192K [0x00000007d6a80000, 0x00000007f1700000, 0x0000000800000000)
  eden space 412160K, 100% used [0x00000007d6a80000,0x00000007efd00000,0x00000007efd00000)
  from space 13312K, 0% used [0x00000007f0a00000,0x00000007f0a08000,0x00000007f1700000)
  to   space 13312K, 0% used [0x00000007efd00000,0x00000007efd00000,0x00000007f0a00000)
 ParOldGen       total 84480K, used 19166K [0x0000000784000000, 0x0000000789280000, 0x00000007d6a80000)
  object space 84480K, 22% used [0x0000000784000000,0x00000007852b7ad0,0x0000000789280000)
 PSPermGen       total 21504K, used 7620K [0x0000000779a00000, 0x000000077af00000, 0x0000000784000000)
  object space 21504K, 35% used [0x0000000779a00000,0x000000077a1711b0,0x000000077af00000)
Event: 22.499 GC heap after
Heap after GC invocations=11 (full 0):
 PSYoungGen      total 393728K, used 32K [0x00000007d6a80000, 0x00000007f0a80000, 0x0000000800000000)
  eden space 393216K, 0% used [0x00000007d6a80000,0x00000007d6a80000,0x00000007eea80000)
  from space 512K, 6% used [0x00000007efd00000,0x00000007efd08000,0x00000007efd80000)
  to   space 13312K, 0% used [0x00000007efd80000,0x00000007efd80000,0x00000007f0a80000)
 ParOldGen       total 84480K, used 19174K [0x0000000784000000, 0x0000000789280000, 0x00000007d6a80000)
  object space 84480K, 22% used [0x0000000784000000,0x00000007852b9ad0,0x0000000789280000)
 PSPermGen       total 21504K, used 7620K [0x0000000779a00000, 0x000000077af00000, 0x0000000784000000)
  object space 21504K, 35% used [0x0000000779a00000,0x000000077a1711b0,0x000000077af00000)
}
Event: 32.016 GC heap before
{Heap before GC invocations=12 (full 0):
 PSYoungGen      total 393728K, used 393248K [0x00000007d6a80000, 0x00000007f0a80000, 0x0000000800000000)
  eden space 393216K, 100% used [0x00000007d6a80000,0x00000007eea80000,0x00000007eea80000)
  from space 512K, 6% used [0x00000007efd00000,0x00000007efd08000,0x00000007efd80000)
  to   space 13312K, 0% used [0x00000007efd80000,0x00000007efd80000,0x00000007f0a80000)
 ParOldGen       total 84480K, used 19174K [0x0000000784000000, 0x0000000789280000, 0x00000007d6a80000)
  object space 84480K, 22% used [0x0000000784000000,0x00000007852b9ad0,0x0000000789280000)
 PSPermGen       total 21504K, used 7620K [0x0000000779a00000, 0x000000077af00000, 0x0000000784000000)
  object space 21504K, 35% used [0x0000000779a00000,0x000000077a171348,0x000000077af00000)

