# JRE version: OpenJDK Runtime Environment (7.0_95) (build 1.7.0_95-b00)
# Java VM: OpenJDK 64-Bit Server VM (24.95-b01 mixed mode linux-amd64 compressed oops)
Heap
 PSYoungGen      total 416256K, used 64K [0x00000007d6a80000, 0x00000007f3480000, 0x0000000800000000)
  eden space 400384K, 0% used [0x00000007d6a80000,0x00000007d6a80000,0x00000007ef180000)
  from space 15872K, 0% used [0x00000007f1580000,0x00000007f1590000,0x00000007f2500000)
  to   space 512K, 0% used [0x00000007f3400000,0x00000007f3400000,0x00000007f3480000)
 ParOldGen       total 84480K, used 48374K [0x0000000784000000, 0x0000000789280000, 0x00000007d6a80000)
  object space 84480K, 57% used [0x0000000784000000,0x0000000786f3dbe0,0x0000000789280000)
 PSPermGen       total 21504K, used 7660K [0x0000000779a00000, 0x000000077af00000, 0x0000000784000000)
  object space 21504K, 35% used [0x0000000779a00000,0x000000077a17b278,0x000000077af00000)
GC Heap History (10 events):
Event: 204.156 GC heap after
Heap after GC invocations=22 (full 0):
 PSYoungGen      total 353792K, used 64K [0x00000007d6a80000, 0x00000007f5680000, 0x0000000800000000)
  eden space 353280K, 0% used [0x00000007d6a80000,0x00000007d6a80000,0x00000007ec380000)
  from space 512K, 12% used [0x00000007f5600000,0x00000007f5610000,0x00000007f5680000)
  to   space 19968K, 0% used [0x00000007f2f80000,0x00000007f2f80000,0x00000007f4300000)
 ParOldGen       total 84480K, used 48295K [0x0000000784000000, 0x0000000789280000, 0x00000007d6a80000)
  object space 84480K, 57% used [0x0000000784000000,0x0000000786f29ee0,0x0000000789280000)
 PSPermGen       total 21504K, used 7660K [0x0000000779a00000, 0x000000077af00000, 0x0000000784000000)
  object space 21504K, 35% used [0x0000000779a00000,0x000000077a17b0e0,0x000000077af00000)
}
Event: 224.356 GC heap before
{Heap before GC invocations=23 (full 0):
 PSYoungGen      total 353792K, used 353344K [0x00000007d6a80000, 0x00000007f5680000, 0x0000000800000000)
  eden space 353280K, 100% used [0x00000007d6a80000,0x00000007ec380000,0x00000007ec380000)
  from space 512K, 12% used [0x00000007f5600000,0x00000007f5610000,0x00000007f5680000)
  to   space 19968K, 0% used [0x00000007f2f80000,0x00000007f2f80000,0x00000007f4300000)
 ParOldGen       total 84480K, used 48295K [0x0000000784000000, 0x0000000789280000, 0x00000007d6a80000)
  object space 84480K, 57% used [0x0000000784000000,0x0000000786f29ee0,0x0000000789280000)
 PSPermGen       total 21504K, used 7660K [0x0000000779a00000, 0x000000077af00000, 0x0000000784000000)
  object space 21504K, 35% used [0x0000000779a00000,0x000000077a17b278,0x000000077af00000)
Event: 224.357 GC heap after
Heap after GC invocations=23 (full 0):
 PSYoungGen      total 357376K, used 32K [0x00000007d6a80000, 0x00000007f5680000, 0x0000000800000000)
  eden space 337408K, 0% used [0x00000007d6a80000,0x00000007d6a80000,0x00000007eb400000)
  from space 19968K, 0% used [0x00000007f2f80000,0x00000007f2f88000,0x00000007f4300000)
  to   space 18944K, 0% used [0x00000007f4400000,0x00000007f4400000,0x00000007f5680000)
 ParOldGen       total 84480K, used 48303K [0x0000000784000000, 0x0000000789280000, 0x00000007d6a80000)
  object space 84480K, 57% used [0x0000000784000000,0x0000000786f2bee0,0x0000000789280000)
 PSPermGen       total 21504K, used 7660K [0x0000000779a00000, 0x000000077af00000, 0x0000000784000000)
  object space 21504K, 35% used [0x0000000779a00000,0x000000077a17b278,0x000000077af00000)
}
Event: 241.819 GC heap before
{Heap before GC invocations=24 (full 0):
 PSYoungGen      total 357376K, used 337440K [0x00000007d6a80000, 0x00000007f5680000, 0x0000000800000000)
  eden space 337408K, 100% used [0x00000007d6a80000,0x00000007eb400000,0x00000007eb400000)
  from space 19968K, 0% used [0x00000007f2f80000,0x00000007f2f88000,0x00000007f4300000)
  to   space 18944K, 0% used [0x00000007f4400000,0x00000007f4400000,0x00000007f5680000)
 ParOldGen       total 84480K, used 48303K [0x0000000784000000, 0x0000000789280000, 0x00000007d6a80000)
  object space 84480K, 57% used [0x0000000784000000,0x0000000786f2bee0,0x0000000789280000)
 PSPermGen       total 21504K, used 7660K [0x0000000779a00000, 0x000000077af00000, 0x0000000784000000)
  object space 21504K, 35% used [0x0000000779a00000,0x000000077a17b278,0x000000077af00000)
Event: 241.820 GC heap after
Heap after GC invocations=24 (full 0):
 PSYoungGen      total 322560K, used 64K [0x00000007d6a80000, 0x00000007f4480000, 0x0000000800000000)
  eden space 322048K, 0% used [0x00000007d6a80000,0x00000007d6a80000,0x00000007ea500000)
  from space 512K, 12% used [0x00000007f4400000,0x00000007f4410000,0x00000007f4480000)
  to   space 17920K, 0% used [0x00000007f2180000,0x00000007f2180000,0x00000007f3300000)
 ParOldGen       total 84480K, used 48319K [0x0000000784000000, 0x0000000789280000, 0x00000007d6a80000)
  object space 84480K, 57% used [0x0000000784000000,0x0000000786f2fee0,0x0000000789280000)
 PSPermGen       total 21504K, used 7660K [0x0000000779a00000, 0x000000077af00000, 0x0000000784000000)
  object space 21504K, 35% used [0x0000000779a00000,0x000000077a17b278,0x000000077af00000)
}
Event: 263.251 GC heap before
{Heap before GC invocations=25 (full 0):
 PSYoungGen      total 322560K, used 322112K [0x00000007d6a80000, 0x00000007f4480000, 0x0000000800000000)
  eden space 322048K, 100% used [0x00000007d6a80000,0x00000007ea500000,0x00000007ea500000)
  from space 512K, 12% used [0x00000007f4400000,0x00000007f4410000,0x00000007f4480000)
  to   space 17920K, 0% used [0x00000007f2180000,0x00000007f2180000,0x00000007f3300000)
 ParOldGen       total 84480K, used 48319K [0x0000000784000000, 0x0000000789280000, 0x00000007d6a80000)
  object space 84480K, 57% used [0x0000000784000000,0x0000000786f2fee0,0x0000000789280000)
 PSPermGen       total 21504K, used 7660K [0x0000000779a00000, 0x000000077af00000, 0x0000000784000000)
  object space 21504K, 35% used [0x0000000779a00000,0x000000077a17b278,0x000000077af00000)
Event: 263.252 GC heap after
Heap after GC invocations=25 (full 0):
 PSYoungGen      total 325632K, used 32K [0x00000007d6a80000, 0x00000007f4480000, 0x0000000800000000)
  eden space 307712K, 0% used [0x00000007d6a80000,0x00000007d6a80000,0x00000007e9700000)
  from space 17920K, 0% used [0x00000007f2180000,0x00000007f2188000,0x00000007f3300000)
  to   space 16896K, 0% used [0x00000007f3400000,0x00000007f3400000,0x00000007f4480000)
 ParOldGen       total 84480K, used 48334K [0x0000000784000000, 0x0000000789280000, 0x00000007d6a80000)
  object space 84480K, 57% used [0x0000000784000000,0x0000000786f33be0,0x0000000789280000)
 PSPermGen       total 21504K, used 7660K [0x0000000779a00000, 0x000000077af00000, 0x0000000784000000)
  object space 21504K, 35% used [0x0000000779a00000,0x000000077a17b278,0x000000077af00000)
}
Event: 297.255 GC heap before
{Heap before GC invocations=26 (full 0):
 PSYoungGen      total 325632K, used 307744K [0x00000007d6a80000, 0x00000007f4480000, 0x0000000800000000)
  eden space 307712K, 100% used [0x00000007d6a80000,0x00000007e9700000,0x00000007e9700000)
  from space 17920K, 0% used [0x00000007f2180000,0x00000007f2188000,0x00000007f3300000)
  to   space 16896K, 0% used [0x00000007f3400000,0x00000007f3400000,0x00000007f4480000)
 ParOldGen       total 84480K, used 48334K [0x0000000784000000, 0x0000000789280000, 0x00000007d6a80000)
  object space 84480K, 57% used [0x0000000784000000,0x0000000786f33be0,0x0000000789280000)
 PSPermGen       total 21504K, used 7660K [0x0000000779a00000, 0x000000077af00000, 0x0000000784000000)
  object space 21504K, 35% used [0x0000000779a00000,0x000000077a17b278,0x000000077af00000)
Event: 335.796 GC heap after
Heap after GC invocations=26 (full 0):
 PSYoungGen      total 400896K, used 128K [0x00000007d6a80000, 0x00000007f3480000, 0x0000000800000000)
  eden space 400384K, 0% used [0x00000007d6a80000,0x00000007d6a80000,0x00000007ef180000)
  from space 512K, 25% used [0x00000007f3400000,0x00000007f3420000,0x00000007f3480000)
  to   space 15872K, 0% used [0x00000007f1580000,0x00000007f1580000,0x00000007f2500000)
 ParOldGen       total 84480K, used 48358K [0x0000000784000000, 0x0000000789280000, 0x00000007d6a80000)
  object space 84480K, 57% used [0x0000000784000000,0x0000000786f39be0,0x0000000789280000)
 PSPermGen       total 21504K, used 7660K [0x0000000779a00000, 0x000000077af00000, 0x0000000784000000)
  object space 21504K, 35% used [0x0000000779a00000,0x000000077a17b278,0x000000077af00000)
}
Event: 357.090 GC heap before
{Heap before GC invocations=27 (full 0):
 PSYoungGen      total 400896K, used 400512K [0x00000007d6a80000, 0x00000007f3480000, 0x0000000800000000)
  eden space 400384K, 100% used [0x00000007d6a80000,0x00000007ef180000,0x00000007ef180000)
  from space 512K, 25% used [0x00000007f3400000,0x00000007f3420000,0x00000007f3480000)
  to   space 15872K, 0% used [0x00000007f1580000,0x00000007f1580000,0x00000007f2500000)
 ParOldGen       total 84480K, used 48358K [0x0000000784000000, 0x0000000789280000, 0x00000007d6a80000)
  object space 84480K, 57% used [0x0000000784000000,0x0000000786f39be0,0x0000000789280000)
 PSPermGen       total 21504K, used 7660K [0x0000000779a00000, 0x000000077af00000, 0x0000000784000000)
  object space 21504K, 35% used [0x0000000779a00000,0x000000077a17b278,0x000000077af00000)

