# JRE version: OpenJDK Runtime Environment (7.0_95) (build 1.7.0_95-b00)
# Java VM: OpenJDK 64-Bit Server VM (24.95-b01 mixed mode linux-amd64 compressed oops)
Heap
 PSYoungGen      total 425472K, used 32K [0x00000007d6a80000, 0x00000007f1d00000, 0x0000000800000000)
  eden space 407040K, 0% used [0x00000007d6a80000,0x00000007d6a80000,0x00000007ef800000)
  from space 18432K, 0% used [0x00000007ef800000,0x00000007ef808000,0x00000007f0a00000)
  to   space 17408K, 0% used [0x00000007f0a00000,0x00000007f0a00000,0x00000007f1b00000)
 ParOldGen       total 84480K, used 35268K [0x0000000784000000, 0x0000000789280000, 0x00000007d6a80000)
  object space 84480K, 41% used [0x0000000784000000,0x00000007862712f0,0x0000000789280000)
 PSPermGen       total 21504K, used 7623K [0x0000000779a00000, 0x000000077af00000, 0x0000000784000000)
  object space 21504K, 35% used [0x0000000779a00000,0x000000077a171ce0,0x000000077af00000)
GC Heap History (10 events):
Event: 5.641 GC heap after
Heap after GC invocations=6 (full 0):
 PSYoungGen      total 139264K, used 11249K [0x00000007d6a80000, 0x00000007e0280000, 0x0000000800000000)
  eden space 127488K, 0% used [0x00000007d6a80000,0x00000007d6a80000,0x00000007de700000)
  from space 11776K, 95% used [0x00000007df400000,0x00000007dfefc780,0x00000007dff80000)
  to   space 13312K, 0% used [0x00000007de700000,0x00000007de700000,0x00000007df400000)
 ParOldGen       total 84480K, used 15079K [0x0000000784000000, 0x0000000789280000, 0x00000007d6a80000)
  object space 84480K, 17% used [0x0000000784000000,0x0000000784eb9de8,0x0000000789280000)
 PSPermGen       total 21504K, used 7585K [0x0000000779a00000, 0x000000077af00000, 0x0000000784000000)
  object space 21504K, 35% used [0x0000000779a00000,0x000000077a1687f8,0x000000077af00000)
}
Event: 7.537 GC heap before
{Heap before GC invocations=7 (full 0):
 PSYoungGen      total 139264K, used 138737K [0x00000007d6a80000, 0x00000007e0280000, 0x0000000800000000)
  eden space 127488K, 100% used [0x00000007d6a80000,0x00000007de700000,0x00000007de700000)
  from space 11776K, 95% used [0x00000007df400000,0x00000007dfefc780,0x00000007dff80000)
  to   space 13312K, 0% used [0x00000007de700000,0x00000007de700000,0x00000007df400000)
 ParOldGen       total 84480K, used 15079K [0x0000000784000000, 0x0000000789280000, 0x00000007d6a80000)
  object space 84480K, 17% used [0x0000000784000000,0x0000000784eb9de8,0x0000000789280000)
 PSPermGen       total 21504K, used 7622K [0x0000000779a00000, 0x000000077af00000, 0x0000000784000000)
  object space 21504K, 35% used [0x0000000779a00000,0x000000077a171ae8,0x000000077af00000)
Event: 7.655 GC heap after
Heap after GC invocations=7 (full 0):
 PSYoungGen      total 140800K, used 13282K [0x00000007d6a80000, 0x00000007e8780000, 0x0000000800000000)
  eden space 127488K, 0% used [0x00000007d6a80000,0x00000007d6a80000,0x00000007de700000)
  from space 13312K, 99% used [0x00000007de700000,0x00000007df3f8a58,0x00000007df400000)
  to   space 18432K, 0% used [0x00000007e7580000,0x00000007e7580000,0x00000007e8780000)
 ParOldGen       total 84480K, used 22106K [0x0000000784000000, 0x0000000789280000, 0x00000007d6a80000)
  object space 84480K, 26% used [0x0000000784000000,0x0000000785596a48,0x0000000789280000)
 PSPermGen       total 21504K, used 7622K [0x0000000779a00000, 0x000000077af00000, 0x0000000784000000)
  object space 21504K, 35% used [0x0000000779a00000,0x000000077a171ae8,0x000000077af00000)
}
Event: 13.137 GC heap before
{Heap before GC invocations=8 (full 0):
 PSYoungGen      total 140800K, used 140770K [0x00000007d6a80000, 0x00000007e8780000, 0x0000000800000000)
  eden space 127488K, 100% used [0x00000007d6a80000,0x00000007de700000,0x00000007de700000)
  from space 13312K, 99% used [0x00000007de700000,0x00000007df3f8a58,0x00000007df400000)
  to   space 18432K, 0% used [0x00000007e7580000,0x00000007e7580000,0x00000007e8780000)
 ParOldGen       total 84480K, used 22106K [0x0000000784000000, 0x0000000789280000, 0x00000007d6a80000)
  object space 84480K, 26% used [0x0000000784000000,0x0000000785596a48,0x0000000789280000)
 PSPermGen       total 21504K, used 7622K [0x0000000779a00000, 0x000000077af00000, 0x0000000784000000)
  object space 21504K, 35% used [0x0000000779a00000,0x000000077a171b08,0x000000077af00000)
Event: 13.156 GC heap after
Heap after GC invocations=8 (full 0):
 PSYoungGen      total 272384K, used 11038K [0x00000007d6a80000, 0x00000007e8680000, 0x0000000800000000)
  eden space 254976K, 0% used [0x00000007d6a80000,0x00000007d6a80000,0x00000007e6380000)
  from space 17408K, 63% used [0x00000007e7580000,0x00000007e80478c0,0x00000007e8680000)
  to   space 17920K, 0% used [0x00000007e6380000,0x00000007e6380000,0x00000007e7500000)
 ParOldGen       total 84480K, used 24034K [0x0000000784000000, 0x0000000789280000, 0x00000007d6a80000)
  object space 84480K, 28% used [0x0000000784000000,0x0000000785778828,0x0000000789280000)
 PSPermGen       total 21504K, used 7622K [0x0000000779a00000, 0x000000077af00000, 0x0000000784000000)
  object space 21504K, 35% used [0x0000000779a00000,0x000000077a171b08,0x000000077af00000)
}
Event: 22.110 GC heap before
{Heap before GC invocations=9 (full 0):
 PSYoungGen      total 272384K, used 266014K [0x00000007d6a80000, 0x00000007e8680000, 0x0000000800000000)
  eden space 254976K, 100% used [0x00000007d6a80000,0x00000007e6380000,0x00000007e6380000)
  from space 17408K, 63% used [0x00000007e7580000,0x00000007e80478c0,0x00000007e8680000)
  to   space 17920K, 0% used [0x00000007e6380000,0x00000007e6380000,0x00000007e7500000)
 ParOldGen       total 84480K, used 24034K [0x0000000784000000, 0x0000000789280000, 0x00000007d6a80000)
  object space 84480K, 28% used [0x0000000784000000,0x0000000785778828,0x0000000789280000)
 PSPermGen       total 21504K, used 7623K [0x0000000779a00000, 0x000000077af00000, 0x0000000784000000)
  object space 21504K, 35% used [0x0000000779a00000,0x000000077a171ca0,0x000000077af00000)
Event: 22.129 GC heap after
Heap after GC invocations=9 (full 0):
 PSYoungGen      total 272896K, used 7519K [0x00000007d6a80000, 0x00000007f1b00000, 0x0000000800000000)
  eden space 254976K, 0% used [0x00000007d6a80000,0x00000007d6a80000,0x00000007e6380000)
  from space 17920K, 41% used [0x00000007e6380000,0x00000007e6ad7cb0,0x00000007e7500000)
  to   space 17408K, 0% used [0x00000007f0a00000,0x00000007f0a00000,0x00000007f1b00000)
 ParOldGen       total 84480K, used 27643K [0x0000000784000000, 0x0000000789280000, 0x00000007d6a80000)
  object space 84480K, 32% used [0x0000000784000000,0x0000000785afedf0,0x0000000789280000)
 PSPermGen       total 21504K, used 7623K [0x0000000779a00000, 0x000000077af00000, 0x0000000784000000)
  object space 21504K, 35% used [0x0000000779a00000,0x000000077a171ca0,0x000000077af00000)
}
Event: 31.003 GC heap before
{Heap before GC invocations=10 (full 0):
 PSYoungGen      total 272896K, used 262495K [0x00000007d6a80000, 0x00000007f1b00000, 0x0000000800000000)
  eden space 254976K, 100% used [0x00000007d6a80000,0x00000007e6380000,0x00000007e6380000)
  from space 17920K, 41% used [0x00000007e6380000,0x00000007e6ad7cb0,0x00000007e7500000)
  to   space 17408K, 0% used [0x00000007f0a00000,0x00000007f0a00000,0x00000007f1b00000)
 ParOldGen       total 84480K, used 27643K [0x0000000784000000, 0x0000000789280000, 0x00000007d6a80000)
  object space 84480K, 32% used [0x0000000784000000,0x0000000785afedf0,0x0000000789280000)
 PSPermGen       total 21504K, used 7623K [0x0000000779a00000, 0x000000077af00000, 0x0000000784000000)
  object space 21504K, 35% used [0x0000000779a00000,0x000000077a171ce0,0x000000077af00000)
Event: 31.010 GC heap after
Heap after GC invocations=10 (full 0):
 PSYoungGen      total 424448K, used 64K [0x00000007d6a80000, 0x00000007f1d00000, 0x0000000800000000)
  eden space 407040K, 0% used [0x00000007d6a80000,0x00000007d6a80000,0x00000007ef800000)
  from space 17408K, 0% used [0x00000007f0a00000,0x00000007f0a10000,0x00000007f1b00000)
  to   space 18432K, 0% used [0x00000007ef800000,0x00000007ef800000,0x00000007f0a00000)
 ParOldGen       total 84480K, used 35260K [0x0000000784000000, 0x0000000789280000, 0x00000007d6a80000)
  object space 84480K, 41% used [0x0000000784000000,0x000000078626f2f0,0x0000000789280000)
 PSPermGen       total 21504K, used 7623K [0x0000000779a00000, 0x000000077af00000, 0x0000000784000000)
  object space 21504K, 35% used [0x0000000779a00000,0x000000077a171ce0,0x000000077af00000)
}
Event: 43.538 GC heap before
{Heap before GC invocations=11 (full 0):
 PSYoungGen      total 424448K, used 407104K [0x00000007d6a80000, 0x00000007f1d00000, 0x0000000800000000)
  eden space 407040K, 100% used [0x00000007d6a80000,0x00000007ef800000,0x00000007ef800000)
  from space 17408K, 0% used [0x00000007f0a00000,0x00000007f0a10000,0x00000007f1b00000)
  to   space 18432K, 0% used [0x00000007ef800000,0x00000007ef800000,0x00000007f0a00000)
 ParOldGen       total 84480K, used 35260K [0x0000000784000000, 0x0000000789280000, 0x00000007d6a80000)
  object space 84480K, 41% used [0x0000000784000000,0x000000078626f2f0,0x0000000789280000)
 PSPermGen       total 21504K, used 7623K [0x0000000779a00000, 0x000000077af00000, 0x0000000784000000)
  object space 21504K, 35% used [0x0000000779a00000,0x000000077a171ce0,0x000000077af00000)

