# JRE version: OpenJDK Runtime Environment (7.0_95) (build 1.7.0_95-b00)
# Java VM: OpenJDK 64-Bit Server VM (24.95-b01 mixed mode linux-amd64 compressed oops)
Heap
 PSYoungGen      total 427008K, used 96K [0x00000007d6a80000, 0x00000007f2300000, 0x0000000800000000)
  eden space 403968K, 0% used [0x00000007d6a80000,0x00000007d6a80000,0x00000007ef500000)
  from space 23040K, 0% used [0x00000007ef500000,0x00000007ef518000,0x00000007f0b80000)
  to   space 22016K, 0% used [0x00000007f0b80000,0x00000007f0b80000,0x00000007f2100000)
 ParOldGen       total 84480K, used 42141K [0x0000000784000000, 0x0000000789280000, 0x00000007d6a80000)
  object space 84480K, 49% used [0x0000000784000000,0x0000000786927538,0x0000000789280000)
 PSPermGen       total 21504K, used 7655K [0x0000000779a00000, 0x000000077af00000, 0x0000000784000000)
  object space 21504K, 35% used [0x0000000779a00000,0x000000077a179f98,0x000000077af00000)
GC Heap History (10 events):
Event: 2.594 GC heap after
Heap after GC invocations=6 (full 0):
 PSYoungGen      total 138752K, used 11747K [0x00000007d6a80000, 0x00000007e0380000, 0x0000000800000000)
  eden space 126976K, 0% used [0x00000007d6a80000,0x00000007d6a80000,0x00000007de680000)
  from space 11776K, 99% used [0x00000007df400000,0x00000007dff78de8,0x00000007dff80000)
  to   space 13824K, 0% used [0x00000007de680000,0x00000007de680000,0x00000007df400000)
 ParOldGen       total 84480K, used 16071K [0x0000000784000000, 0x0000000789280000, 0x00000007d6a80000)
  object space 84480K, 19% used [0x0000000784000000,0x0000000784fb1c58,0x0000000789280000)
 PSPermGen       total 21504K, used 7598K [0x0000000779a00000, 0x000000077af00000, 0x0000000784000000)
  object space 21504K, 35% used [0x0000000779a00000,0x000000077a16b9f0,0x000000077af00000)
}
Event: 3.023 GC heap before
{Heap before GC invocations=7 (full 0):
 PSYoungGen      total 138752K, used 138723K [0x00000007d6a80000, 0x00000007e0380000, 0x0000000800000000)
  eden space 126976K, 100% used [0x00000007d6a80000,0x00000007de680000,0x00000007de680000)
  from space 11776K, 99% used [0x00000007df400000,0x00000007dff78de8,0x00000007dff80000)
  to   space 13824K, 0% used [0x00000007de680000,0x00000007de680000,0x00000007df400000)
 ParOldGen       total 84480K, used 16071K [0x0000000784000000, 0x0000000789280000, 0x00000007d6a80000)
  object space 84480K, 19% used [0x0000000784000000,0x0000000784fb1c58,0x0000000789280000)
 PSPermGen       total 21504K, used 7602K [0x0000000779a00000, 0x000000077af00000, 0x0000000784000000)
  object space 21504K, 35% used [0x0000000779a00000,0x000000077a16cb20,0x000000077af00000)
Event: 3.066 GC heap after
Heap after GC invocations=7 (full 0):
 PSYoungGen      total 140800K, used 13810K [0x00000007d6a80000, 0x00000007e8c80000, 0x0000000800000000)
  eden space 126976K, 0% used [0x00000007d6a80000,0x00000007d6a80000,0x00000007de680000)
  from space 13824K, 99% used [0x00000007de680000,0x00000007df3fcad0,0x00000007df400000)
  to   space 21504K, 0% used [0x00000007e7780000,0x00000007e7780000,0x00000007e8c80000)
 ParOldGen       total 84480K, used 27218K [0x0000000784000000, 0x0000000789280000, 0x00000007d6a80000)
  object space 84480K, 32% used [0x0000000784000000,0x0000000785a949d8,0x0000000789280000)
 PSPermGen       total 21504K, used 7602K [0x0000000779a00000, 0x000000077af00000, 0x0000000784000000)
  object space 21504K, 35% used [0x0000000779a00000,0x000000077a16cb20,0x000000077af00000)
}
Event: 4.567 GC heap before
{Heap before GC invocations=8 (full 0):
 PSYoungGen      total 140800K, used 140786K [0x00000007d6a80000, 0x00000007e8c80000, 0x0000000800000000)
  eden space 126976K, 100% used [0x00000007d6a80000,0x00000007de680000,0x00000007de680000)
  from space 13824K, 99% used [0x00000007de680000,0x00000007df3fcad0,0x00000007df400000)
  to   space 21504K, 0% used [0x00000007e7780000,0x00000007e7780000,0x00000007e8c80000)
 ParOldGen       total 84480K, used 27218K [0x0000000784000000, 0x0000000789280000, 0x00000007d6a80000)
  object space 84480K, 32% used [0x0000000784000000,0x0000000785a949d8,0x0000000789280000)
 PSPermGen       total 21504K, used 7655K [0x0000000779a00000, 0x000000077af00000, 0x0000000784000000)
  object space 21504K, 35% used [0x0000000779a00000,0x000000077a179dc0,0x000000077af00000)
Event: 4.583 GC heap after
Heap after GC invocations=8 (full 0):
 PSYoungGen      total 274432K, used 16673K [0x00000007d6a80000, 0x00000007e8e80000, 0x0000000800000000)
  eden space 252928K, 0% used [0x00000007d6a80000,0x00000007d6a80000,0x00000007e6180000)
  from space 21504K, 77% used [0x00000007e7780000,0x00000007e87c8578,0x00000007e8c80000)
  to   space 22528K, 0% used [0x00000007e6180000,0x00000007e6180000,0x00000007e7780000)
 ParOldGen       total 84480K, used 28482K [0x0000000784000000, 0x0000000789280000, 0x00000007d6a80000)
  object space 84480K, 33% used [0x0000000784000000,0x0000000785bd0b18,0x0000000789280000)
 PSPermGen       total 21504K, used 7655K [0x0000000779a00000, 0x000000077af00000, 0x0000000784000000)
  object space 21504K, 35% used [0x0000000779a00000,0x000000077a179dc0,0x000000077af00000)
}
Event: 9.997 GC heap before
{Heap before GC invocations=9 (full 0):
 PSYoungGen      total 274432K, used 269601K [0x00000007d6a80000, 0x00000007e8e80000, 0x0000000800000000)
  eden space 252928K, 100% used [0x00000007d6a80000,0x00000007e6180000,0x00000007e6180000)
  from space 21504K, 77% used [0x00000007e7780000,0x00000007e87c8578,0x00000007e8c80000)
  to   space 22528K, 0% used [0x00000007e6180000,0x00000007e6180000,0x00000007e7780000)
 ParOldGen       total 84480K, used 28482K [0x0000000784000000, 0x0000000789280000, 0x00000007d6a80000)
  object space 84480K, 33% used [0x0000000784000000,0x0000000785bd0b18,0x0000000789280000)
 PSPermGen       total 21504K, used 7655K [0x0000000779a00000, 0x000000077af00000, 0x0000000784000000)
  object space 21504K, 35% used [0x0000000779a00000,0x000000077a179dc0,0x000000077af00000)
Event: 10.034 GC heap after
Heap after GC invocations=9 (full 0):
 PSYoungGen      total 275456K, used 8823K [0x00000007d6a80000, 0x00000007f2100000, 0x0000000800000000)
  eden space 252928K, 0% used [0x00000007d6a80000,0x00000007d6a80000,0x00000007e6180000)
  from space 22528K, 39% used [0x00000007e6180000,0x00000007e6a1de80,0x00000007e7780000)
  to   space 22016K, 0% used [0x00000007f0b80000,0x00000007f0b80000,0x00000007f2100000)
 ParOldGen       total 84480K, used 35378K [0x0000000784000000, 0x0000000789280000, 0x00000007d6a80000)
  object space 84480K, 41% used [0x0000000784000000,0x000000078628cab0,0x0000000789280000)
 PSPermGen       total 21504K, used 7655K [0x0000000779a00000, 0x000000077af00000, 0x0000000784000000)
  object space 21504K, 35% used [0x0000000779a00000,0x000000077a179dc0,0x000000077af00000)
}
Event: 15.277 GC heap before
{Heap before GC invocations=10 (full 0):
 PSYoungGen      total 275456K, used 261751K [0x00000007d6a80000, 0x00000007f2100000, 0x0000000800000000)
  eden space 252928K, 100% used [0x00000007d6a80000,0x00000007e6180000,0x00000007e6180000)
  from space 22528K, 39% used [0x00000007e6180000,0x00000007e6a1de80,0x00000007e7780000)
  to   space 22016K, 0% used [0x00000007f0b80000,0x00000007f0b80000,0x00000007f2100000)
 ParOldGen       total 84480K, used 35378K [0x0000000784000000, 0x0000000789280000, 0x00000007d6a80000)
  object space 84480K, 41% used [0x0000000784000000,0x000000078628cab0,0x0000000789280000)
 PSPermGen       total 21504K, used 7655K [0x0000000779a00000, 0x000000077af00000, 0x0000000784000000)
  object space 21504K, 35% used [0x0000000779a00000,0x000000077a179dc0,0x000000077af00000)
Event: 15.283 GC heap after
Heap after GC invocations=10 (full 0):
 PSYoungGen      total 425984K, used 64K [0x00000007d6a80000, 0x00000007f2300000, 0x0000000800000000)
  eden space 403968K, 0% used [0x00000007d6a80000,0x00000007d6a80000,0x00000007ef500000)
  from space 22016K, 0% used [0x00000007f0b80000,0x00000007f0b90000,0x00000007f2100000)
  to   space 23040K, 0% used [0x00000007ef500000,0x00000007ef500000,0x00000007f0b80000)
 ParOldGen       total 84480K, used 42117K [0x0000000784000000, 0x0000000789280000, 0x00000007d6a80000)
  object space 84480K, 49% used [0x0000000784000000,0x0000000786921538,0x0000000789280000)
 PSPermGen       total 21504K, used 7655K [0x0000000779a00000, 0x000000077af00000, 0x0000000784000000)
  object space 21504K, 35% used [0x0000000779a00000,0x000000077a179dc0,0x000000077af00000)
}
Event: 28.278 GC heap before
{Heap before GC invocations=11 (full 0):
 PSYoungGen      total 425984K, used 404032K [0x00000007d6a80000, 0x00000007f2300000, 0x0000000800000000)
  eden space 403968K, 100% used [0x00000007d6a80000,0x00000007ef500000,0x00000007ef500000)
  from space 22016K, 0% used [0x00000007f0b80000,0x00000007f0b90000,0x00000007f2100000)
  to   space 23040K, 0% used [0x00000007ef500000,0x00000007ef500000,0x00000007f0b80000)
 ParOldGen       total 84480K, used 42117K [0x0000000784000000, 0x0000000789280000, 0x00000007d6a80000)
  object space 84480K, 49% used [0x0000000784000000,0x0000000786921538,0x0000000789280000)
 PSPermGen       total 21504K, used 7655K [0x0000000779a00000, 0x000000077af00000, 0x0000000784000000)
  object space 21504K, 35% used [0x0000000779a00000,0x000000077a179f98,0x000000077af00000)

