# JRE version: OpenJDK Runtime Environment (7.0_95) (build 1.7.0_95-b00)
# Java VM: OpenJDK 64-Bit Server VM (24.95-b01 mixed mode linux-amd64 compressed oops)
Heap
 PSYoungGen      total 428032K, used 32K [0x00000007d6a80000, 0x00000007f9080000, 0x0000000800000000)
  eden space 409088K, 0% used [0x00000007d6a80000,0x00000007d6a80000,0x00000007efa00000)
  from space 18944K, 0% used [0x00000007f7e00000,0x00000007f7e08000,0x00000007f9080000)
  to   space 19968K, 0% used [0x00000007f6980000,0x00000007f6980000,0x00000007f7d00000)
 ParOldGen       total 84480K, used 42180K [0x0000000784000000, 0x0000000789280000, 0x00000007d6a80000)
  object space 84480K, 49% used [0x0000000784000000,0x0000000786931220,0x0000000789280000)
 PSPermGen       total 21504K, used 7658K [0x0000000779a00000, 0x000000077af00000, 0x0000000784000000)
  object space 21504K, 35% used [0x0000000779a00000,0x000000077a17abf0,0x000000077af00000)
GC Heap History (10 events):
Event: 105.924 GC heap after
Heap after GC invocations=17 (full 0):
 PSYoungGen      total 517632K, used 96K [0x00000007d6a80000, 0x00000007fba00000, 0x0000000800000000)
  eden space 494080K, 0% used [0x00000007d6a80000,0x00000007d6a80000,0x00000007f4d00000)
  from space 23552K, 0% used [0x00000007f8c00000,0x00000007f8c18000,0x00000007fa300000)
  to   space 22528K, 0% used [0x00000007fa400000,0x00000007fa400000,0x00000007fba00000)
 ParOldGen       total 84480K, used 42114K [0x0000000784000000, 0x0000000789280000, 0x00000007d6a80000)
  object space 84480K, 49% used [0x0000000784000000,0x00000007869209b0,0x0000000789280000)
 PSPermGen       total 21504K, used 7658K [0x0000000779a00000, 0x000000077af00000, 0x0000000784000000)
  object space 21504K, 35% used [0x0000000779a00000,0x000000077a17abf0,0x000000077af00000)
}
Event: 122.894 GC heap before
{Heap before GC invocations=18 (full 0):
 PSYoungGen      total 517632K, used 494176K [0x00000007d6a80000, 0x00000007fba00000, 0x0000000800000000)
  eden space 494080K, 100% used [0x00000007d6a80000,0x00000007f4d00000,0x00000007f4d00000)
  from space 23552K, 0% used [0x00000007f8c00000,0x00000007f8c18000,0x00000007fa300000)
  to   space 22528K, 0% used [0x00000007fa400000,0x00000007fa400000,0x00000007fba00000)
 ParOldGen       total 84480K, used 42114K [0x0000000784000000, 0x0000000789280000, 0x00000007d6a80000)
  object space 84480K, 49% used [0x0000000784000000,0x00000007869209b0,0x0000000789280000)
 PSPermGen       total 21504K, used 7658K [0x0000000779a00000, 0x000000077af00000, 0x0000000784000000)
  object space 21504K, 35% used [0x0000000779a00000,0x000000077a17abf0,0x000000077af00000)
Event: 122.895 GC heap after
Heap after GC invocations=18 (full 0):
 PSYoungGen      total 471552K, used 32K [0x00000007d6a80000, 0x00000007fa480000, 0x0000000800000000)
  eden space 471040K, 0% used [0x00000007d6a80000,0x00000007d6a80000,0x00000007f3680000)
  from space 512K, 6% used [0x00000007fa400000,0x00000007fa408000,0x00000007fa480000)
  to   space 22016K, 0% used [0x00000007f7980000,0x00000007f7980000,0x00000007f8f00000)
 ParOldGen       total 84480K, used 42122K [0x0000000784000000, 0x0000000789280000, 0x00000007d6a80000)
  object space 84480K, 49% used [0x0000000784000000,0x00000007869229b0,0x0000000789280000)
 PSPermGen       total 21504K, used 7658K [0x0000000779a00000, 0x000000077af00000, 0x0000000784000000)
  object space 21504K, 35% used [0x0000000779a00000,0x000000077a17abf0,0x000000077af00000)
}
Event: 140.643 GC heap before
{Heap before GC invocations=19 (full 0):
 PSYoungGen      total 471552K, used 471072K [0x00000007d6a80000, 0x00000007fa480000, 0x0000000800000000)
  eden space 471040K, 100% used [0x00000007d6a80000,0x00000007f3680000,0x00000007f3680000)
  from space 512K, 6% used [0x00000007fa400000,0x00000007fa408000,0x00000007fa480000)
  to   space 22016K, 0% used [0x00000007f7980000,0x00000007f7980000,0x00000007f8f00000)
 ParOldGen       total 84480K, used 42122K [0x0000000784000000, 0x0000000789280000, 0x00000007d6a80000)
  object space 84480K, 49% used [0x0000000784000000,0x00000007869229b0,0x0000000789280000)
 PSPermGen       total 21504K, used 7658K [0x0000000779a00000, 0x000000077af00000, 0x0000000784000000)
  object space 21504K, 35% used [0x0000000779a00000,0x000000077a17abf0,0x000000077af00000)
Event: 140.644 GC heap after
Heap after GC invocations=19 (full 0):
 PSYoungGen      total 471040K, used 32K [0x00000007d6a80000, 0x00000007fa480000, 0x0000000800000000)
  eden space 449024K, 0% used [0x00000007d6a80000,0x00000007d6a80000,0x00000007f2100000)
  from space 22016K, 0% used [0x00000007f7980000,0x00000007f7988000,0x00000007f8f00000)
  to   space 20992K, 0% used [0x00000007f9000000,0x00000007f9000000,0x00000007fa480000)
 ParOldGen       total 84480K, used 42137K [0x0000000784000000, 0x0000000789280000, 0x00000007d6a80000)
  object space 84480K, 49% used [0x0000000784000000,0x00000007869266b0,0x0000000789280000)
 PSPermGen       total 21504K, used 7658K [0x0000000779a00000, 0x000000077af00000, 0x0000000784000000)
  object space 21504K, 35% used [0x0000000779a00000,0x000000077a17abf0,0x000000077af00000)
}
Event: 166.379 GC heap before
{Heap before GC invocations=20 (full 0):
 PSYoungGen      total 471040K, used 449056K [0x00000007d6a80000, 0x00000007fa480000, 0x0000000800000000)
  eden space 449024K, 100% used [0x00000007d6a80000,0x00000007f2100000,0x00000007f2100000)
  from space 22016K, 0% used [0x00000007f7980000,0x00000007f7988000,0x00000007f8f00000)
  to   space 20992K, 0% used [0x00000007f9000000,0x00000007f9000000,0x00000007fa480000)
 ParOldGen       total 84480K, used 42137K [0x0000000784000000, 0x0000000789280000, 0x00000007d6a80000)
  object space 84480K, 49% used [0x0000000784000000,0x00000007869266b0,0x0000000789280000)
 PSPermGen       total 21504K, used 7658K [0x0000000779a00000, 0x000000077af00000, 0x0000000784000000)
  object space 21504K, 35% used [0x0000000779a00000,0x000000077a17abf0,0x000000077af00000)
Event: 166.380 GC heap after
Heap after GC invocations=20 (full 0):
 PSYoungGen      total 429056K, used 32K [0x00000007d6a80000, 0x00000007f9080000, 0x0000000800000000)
  eden space 428544K, 0% used [0x00000007d6a80000,0x00000007d6a80000,0x00000007f0d00000)
  from space 512K, 6% used [0x00000007f9000000,0x00000007f9008000,0x00000007f9080000)
  to   space 19968K, 0% used [0x00000007f6980000,0x00000007f6980000,0x00000007f7d00000)
 ParOldGen       total 84480K, used 42145K [0x0000000784000000, 0x0000000789280000, 0x00000007d6a80000)
  object space 84480K, 49% used [0x0000000784000000,0x00000007869286b0,0x0000000789280000)
 PSPermGen       total 21504K, used 7658K [0x0000000779a00000, 0x000000077af00000, 0x0000000784000000)
  object space 21504K, 35% used [0x0000000779a00000,0x000000077a17abf0,0x000000077af00000)
}
Event: 188.378 GC heap before
{Heap before GC invocations=21 (full 0):
 PSYoungGen      total 429056K, used 428576K [0x00000007d6a80000, 0x00000007f9080000, 0x0000000800000000)
  eden space 428544K, 100% used [0x00000007d6a80000,0x00000007f0d00000,0x00000007f0d00000)
  from space 512K, 6% used [0x00000007f9000000,0x00000007f9008000,0x00000007f9080000)
  to   space 19968K, 0% used [0x00000007f6980000,0x00000007f6980000,0x00000007f7d00000)
 ParOldGen       total 84480K, used 42145K [0x0000000784000000, 0x0000000789280000, 0x00000007d6a80000)
  object space 84480K, 49% used [0x0000000784000000,0x00000007869286b0,0x0000000789280000)
 PSPermGen       total 21504K, used 7658K [0x0000000779a00000, 0x000000077af00000, 0x0000000784000000)
  object space 21504K, 35% used [0x0000000779a00000,0x000000077a17abf0,0x000000077af00000)
Event: 188.378 GC heap after
Heap after GC invocations=21 (full 0):
 PSYoungGen      total 429056K, used 32K [0x00000007d6a80000, 0x00000007f9080000, 0x0000000800000000)
  eden space 409088K, 0% used [0x00000007d6a80000,0x00000007d6a80000,0x00000007efa00000)
  from space 19968K, 0% used [0x00000007f6980000,0x00000007f6988000,0x00000007f7d00000)
  to   space 18944K, 0% used [0x00000007f7e00000,0x00000007f7e00000,0x00000007f9080000)
 ParOldGen       total 84480K, used 42153K [0x0000000784000000, 0x0000000789280000, 0x00000007d6a80000)
  object space 84480K, 49% used [0x0000000784000000,0x000000078692a6b0,0x0000000789280000)
 PSPermGen       total 21504K, used 7658K [0x0000000779a00000, 0x000000077af00000, 0x0000000784000000)
  object space 21504K, 35% used [0x0000000779a00000,0x000000077a17abf0,0x000000077af00000)
}
Event: 222.127 GC heap before
{Heap before GC invocations=22 (full 0):
 PSYoungGen      total 429056K, used 409120K [0x00000007d6a80000, 0x00000007f9080000, 0x0000000800000000)
  eden space 409088K, 100% used [0x00000007d6a80000,0x00000007efa00000,0x00000007efa00000)
  from space 19968K, 0% used [0x00000007f6980000,0x00000007f6988000,0x00000007f7d00000)
  to   space 18944K, 0% used [0x00000007f7e00000,0x00000007f7e00000,0x00000007f9080000)
 ParOldGen       total 84480K, used 42153K [0x0000000784000000, 0x0000000789280000, 0x00000007d6a80000)
  object space 84480K, 49% used [0x0000000784000000,0x000000078692a6b0,0x0000000789280000)
 PSPermGen       total 21504K, used 7658K [0x0000000779a00000, 0x000000077af00000, 0x0000000784000000)
  object space 21504K, 35% used [0x0000000779a00000,0x000000077a17abf0,0x000000077af00000)

